6.7750 	INFO 	Loaded monitor calibration from ['2025_03_07 15:28']
6.7866 	WARNING 	User requested fullscreen with size [1536  864], but screen is actually [1920, 1080]. Using actual size
7.0419 	EXP 	Created window1 = Window(allowGUI=False, allowStencil=False, autoLog=True, backendConf=UNKNOWN, backgroundFit=<method-wrapper '__getattribute__' of attributeSetter object at 0x00000124EA8B6170>, backgroundImage=<method-wrapper '__getattribute__' of attributeSetter object at 0x00000124EA8B6110>, bitsMode=UNKNOWN, blendMode='avg', bpc=(8, 8, 8), color=array([0, 0, 0]), colorSpace='rgb', depthBits=8, fullscr=True, gamma=None, gammaErrorPolicy='raise', infoMsg=UNKNOWN, lms=UNKNOWN, monitor=<psychopy.monitors.calibTools.Monitor object at 0x00000124EA975090>, multiSample=False, name='window1', numSamples=2, pos=[0.0, 0.0], screen=0, size=array([1920, 1080]), stencilBits=0, stereo=False, title='PsychoPy', units='height', useFBO=True, useRetina=False, viewOri=0.0, viewPos=None, viewScale=None, waitBlanking=True, winType='pyglet')
7.0420 	EXP 	window1: backgroundImage = ''
7.0420 	EXP 	window1: backgroundFit = 'none'
7.0971 	EXP 	window1: Attempting to measure frame rate of screen (0) ...
7.0971 	EXP 	window1: recordFrameIntervals = False
7.1692 	EXP 	window1: recordFrameIntervals = True
7.9370 	WARNING 	Couldn't measure a consistent frame rate!
  - Is your graphics card set to sync to vertical blank?
  - Are you running other processes on your computer?

10.1218 	INFO 	keyboard.Keyboard is using iohub backend.
10.1219 	INFO 	keyboard.Keyboard is using iohub backend.
10.1219 	INFO 	keyboard.Keyboard is using iohub backend.
10.1220 	EXP 	project: status = STARTED
10.1954 	EXP 	Created Start_text = TextStim(__class__=<class 'psychopy.visual.text.TextStim'>, alignHoriz=method-wrapper(...), alignText='center', alignVert=method-wrapper(...), anchorHoriz='center', anchorVert='center', antialias=True, autoDraw=False, autoLog=True, bold=False, color=array([1., 1., 1.]), colorSpace='rgb', contrast=1.0, depth=0.0, draggable=False, flipHoriz=False, flipVert=False, font='Arial', fontFiles=[], height=0.05, italic=False, languageStyle='LTR', name='Start_text', opacity=1, ori=0.0, pos=array([0., 0.]), rgb=UNKNOWN, text=str(...), units='height', win=Window(...), wrapWidth=1)
10.2151 	EXP 	Created fixation = ShapeStim(__class__=<class 'psychopy.visual.shape.ShapeStim'>, anchor=('center', 'center'), autoDraw=False, autoLog=True, closeShape=True, color=method-wrapper(...), colorSpace='rgb', contrast=None, depth=-1.0, draggable=False, fillColor=array([1, 1, 1]), fillColorSpace='rgb', fillRGB=array([1, 1, 1]), interpolate=True, lineColor=array([1., 1., 1.]), lineColorSpace='rgb', lineRGB=array([1, 1, 1]), lineWidth=1.0, name='fixation', opacity=1, ori=0.0, pos=array([0., 0.]), size=array([0.1, 0.1]), units='height', vertices=ndarray(...), win=Window(...), windingRule=None)
10.2393 	EXP 	Created faces_image = ImageStim(__class__=<class 'psychopy.visual.image.ImageStim'>, anchor=('center', 'center'), autoLog=True, color=array([1., 1., 1.]), colorSpace='rgb', contrast=1.0, depth=0.0, draggable=False, flipHoriz=False, flipVert=False, image='default.png', interpolate=True, mask=None, maskParams=None, name='faces_image', opacity=1, ori=0.0, pos=array([0., 0.]), size=array([0.5, 0.5]), texRes=128.0, units='height', win=Window(...))
10.2449 	EXP 	Created Endding = TextStim(__class__=<class 'psychopy.visual.text.TextStim'>, alignHoriz=method-wrapper(...), alignText='center', alignVert=method-wrapper(...), anchorHoriz='center', anchorVert='center', antialias=True, autoDraw=False, autoLog=True, bold=False, color=array([1., 1., 1.]), colorSpace='rgb', contrast=1.0, depth=-1.0, draggable=False, flipHoriz=False, flipVert=False, font='Arial', fontFiles=[], height=0.05, italic=False, languageStyle='LTR', name='Endding', opacity=1, ori=0.0, pos=array([0., 0.]), rgb=UNKNOWN, text='Endding block\nThankyou for your patient', units='height', win=Window(...), wrapWidth=1)
0.0143 	INFO 	Keyboard events cleared
0.0139 	EXP 	Start_text: autoDraw = True
2.1860 	EXP 	Imported blocks/block2.csv as conditions, 60 conditions, 4 params
2.1864 	EXP 	New trial (rep=0, index=0): <Trial 0 (0 in rep 0) data={'block': 2, 'trial': 1, 'image': 'faces/unknown/unknown_205.jpg', 'type': 'unknown', 'thisN': 0, 'thisTrialN': 0, 'thisRepN': 0}>
2.1872 	DATA 	Keypress: space
2.1882 	EXP 	Start_text: autoDraw = False
3.1760 	EXP 	fixation: autoDraw = True
4.0603 	INFO 	Keyboard events cleared
4.0599 	WARNING 	t of last frame was 45.09ms (=1/22)
4.0599 	EXP 	fixation: autoDraw = False
4.0599 	EXP 	fixation: autoDraw = False
4.0599 	EXP 	faces_image: image = 'faces/unknown/unknown_205.jpg'
4.0599 	EXP 	faces_image: autoDraw = True
6.0159 	EXP 	New trial (rep=0, index=1): <Trial 1 (1 in rep 0) data={'block': 2, 'trial': 2, 'image': 'faces/unknown/unknown_34.jpg', 'type': 'unknown', 'thisN': 1, 'thisTrialN': 1, 'thisRepN': 0}>
6.0246 	EXP 	faces_image: autoDraw = False
7.0092 	EXP 	fixation: autoDraw = True
7.9954 	INFO 	Keyboard events cleared
7.9950 	WARNING 	t of last frame was 36.13ms (=1/27)
7.9950 	EXP 	fixation: autoDraw = False
7.9950 	EXP 	fixation: autoDraw = False
7.9950 	EXP 	faces_image: image = 'faces/unknown/unknown_34.jpg'
7.9950 	EXP 	faces_image: autoDraw = True
9.9610 	EXP 	New trial (rep=0, index=2): <Trial 2 (2 in rep 0) data={'block': 2, 'trial': 3, 'image': 'faces/unknown/unknown_97.jpg', 'type': 'unknown', 'thisN': 2, 'thisTrialN': 2, 'thisRepN': 0}>
9.9669 	EXP 	faces_image: autoDraw = False
10.9486 	EXP 	fixation: autoDraw = True
11.7771 	INFO 	Keyboard events cleared
11.7767 	WARNING 	t of last frame was 36.84ms (=1/27)
11.7767 	EXP 	fixation: autoDraw = False
11.7767 	EXP 	fixation: autoDraw = False
11.7767 	EXP 	faces_image: image = 'faces/unknown/unknown_97.jpg'
11.7767 	EXP 	faces_image: autoDraw = True
13.7486 	EXP 	New trial (rep=0, index=3): <Trial 3 (3 in rep 0) data={'block': 2, 'trial': 4, 'image': 'faces/unknown/unknown_181.jpg', 'type': 'unknown', 'thisN': 3, 'thisTrialN': 3, 'thisRepN': 0}>
13.7588 	EXP 	faces_image: autoDraw = False
14.7304 	EXP 	fixation: autoDraw = True
15.5768 	INFO 	Keyboard events cleared
15.5764 	WARNING 	t of last frame was 37.04ms (=1/26)
15.5764 	EXP 	fixation: autoDraw = False
15.5764 	EXP 	fixation: autoDraw = False
15.5764 	EXP 	faces_image: image = 'faces/unknown/unknown_181.jpg'
15.5764 	EXP 	faces_image: autoDraw = True
17.5430 	EXP 	New trial (rep=0, index=4): <Trial 4 (4 in rep 0) data={'block': 2, 'trial': 5, 'image': 'faces/unknown/unknown_208.jpg', 'type': 'unknown', 'thisN': 4, 'thisTrialN': 4, 'thisRepN': 0}>
17.5485 	EXP 	faces_image: autoDraw = False
18.5304 	EXP 	fixation: autoDraw = True
19.3371 	INFO 	Keyboard events cleared
19.3371 	WARNING 	Multiple dropped frames have occurred - I'll stop bothering you about them!
19.3367 	EXP 	fixation: autoDraw = False
19.3367 	EXP 	fixation: autoDraw = False
19.3367 	EXP 	faces_image: image = 'faces/unknown/unknown_208.jpg'
19.3367 	EXP 	faces_image: autoDraw = True
21.3093 	EXP 	New trial (rep=0, index=5): <Trial 5 (5 in rep 0) data={'block': 2, 'trial': 6, 'image': 'faces/unknown/unknown_183.jpg', 'type': 'unknown', 'thisN': 5, 'thisTrialN': 5, 'thisRepN': 0}>
21.3119 	EXP 	faces_image: autoDraw = False
22.2998 	EXP 	fixation: autoDraw = True
22.9954 	INFO 	Keyboard events cleared
22.9950 	EXP 	fixation: autoDraw = False
22.9950 	EXP 	fixation: autoDraw = False
22.9950 	EXP 	faces_image: image = 'faces/unknown/unknown_183.jpg'
22.9950 	EXP 	faces_image: autoDraw = True
24.9614 	EXP 	New trial (rep=0, index=6): <Trial 6 (6 in rep 0) data={'block': 2, 'trial': 7, 'image': 'faces/unknown/unknown_193.jpg', 'type': 'unknown', 'thisN': 6, 'thisTrialN': 6, 'thisRepN': 0}>
24.9665 	EXP 	faces_image: autoDraw = False
25.9481 	EXP 	fixation: autoDraw = True
26.8934 	INFO 	Keyboard events cleared
26.8930 	EXP 	fixation: autoDraw = False
26.8930 	EXP 	fixation: autoDraw = False
26.8930 	EXP 	faces_image: image = 'faces/unknown/unknown_193.jpg'
26.8930 	EXP 	faces_image: autoDraw = True
28.8637 	EXP 	New trial (rep=0, index=7): <Trial 7 (7 in rep 0) data={'block': 2, 'trial': 8, 'image': 'faces/unknown/unknown_18.jpg', 'type': 'unknown', 'thisN': 7, 'thisTrialN': 7, 'thisRepN': 0}>
28.8727 	EXP 	faces_image: autoDraw = False
29.8510 	EXP 	fixation: autoDraw = True
30.5484 	INFO 	Keyboard events cleared
30.5480 	EXP 	fixation: autoDraw = False
30.5480 	EXP 	fixation: autoDraw = False
30.5480 	EXP 	faces_image: image = 'faces/unknown/unknown_18.jpg'
30.5480 	EXP 	faces_image: autoDraw = True
32.5128 	EXP 	New trial (rep=0, index=8): <Trial 8 (8 in rep 0) data={'block': 2, 'trial': 9, 'image': 'faces/unknown/unknown_236.jpg', 'type': 'unknown', 'thisN': 8, 'thisTrialN': 8, 'thisRepN': 0}>
32.5179 	EXP 	faces_image: autoDraw = False
33.5086 	EXP 	fixation: autoDraw = True
34.2405 	INFO 	Keyboard events cleared
34.2401 	EXP 	fixation: autoDraw = False
34.2401 	EXP 	fixation: autoDraw = False
34.2401 	EXP 	faces_image: image = 'faces/unknown/unknown_236.jpg'
34.2401 	EXP 	faces_image: autoDraw = True
36.2081 	EXP 	New trial (rep=0, index=9): <Trial 9 (9 in rep 0) data={'block': 2, 'trial': 10, 'image': 'faces/unknown/unknown_276.jpg', 'type': 'unknown', 'thisN': 9, 'thisTrialN': 9, 'thisRepN': 0}>
36.2155 	EXP 	faces_image: autoDraw = False
37.1961 	EXP 	fixation: autoDraw = True
37.9749 	INFO 	Keyboard events cleared
37.9745 	EXP 	fixation: autoDraw = False
37.9745 	EXP 	fixation: autoDraw = False
37.9745 	EXP 	faces_image: image = 'faces/unknown/unknown_276.jpg'
37.9745 	EXP 	faces_image: autoDraw = True
39.9424 	EXP 	New trial (rep=0, index=10): <Trial 10 (10 in rep 0) data={'block': 2, 'trial': 11, 'image': 'faces/unknown/unknown_272.jpg', 'type': 'unknown', 'thisN': 10, 'thisTrialN': 10, 'thisRepN': 0}>
39.9481 	EXP 	faces_image: autoDraw = False
40.9298 	EXP 	fixation: autoDraw = True
41.6485 	INFO 	Keyboard events cleared
41.6481 	EXP 	fixation: autoDraw = False
41.6481 	EXP 	fixation: autoDraw = False
41.6481 	EXP 	faces_image: image = 'faces/unknown/unknown_272.jpg'
41.6481 	EXP 	faces_image: autoDraw = True
43.6236 	EXP 	New trial (rep=0, index=11): <Trial 11 (11 in rep 0) data={'block': 2, 'trial': 12, 'image': 'faces/known/known_54.jpg', 'type': 'known', 'thisN': 11, 'thisTrialN': 11, 'thisRepN': 0}>
43.6267 	EXP 	faces_image: autoDraw = False
44.6140 	EXP 	fixation: autoDraw = True
45.2940 	WARNING 	Requested image 'faces/known/known_54.jpg' not found but similar filename 'faces/known/known_54.png' exists. This will be used instead but changing the filename is advised.
45.3117 	INFO 	Keyboard events cleared
45.3112 	EXP 	fixation: autoDraw = False
45.3112 	EXP 	fixation: autoDraw = False
45.3112 	EXP 	faces_image: image = 'faces/known/known_54.jpg'
45.3112 	EXP 	faces_image: autoDraw = True
45.9497 	DATA 	Keypress: space
47.2997 	EXP 	New trial (rep=0, index=12): <Trial 12 (12 in rep 0) data={'block': 2, 'trial': 13, 'image': 'faces/unknown/unknown_116.jpg', 'type': 'unknown', 'thisN': 12, 'thisTrialN': 12, 'thisRepN': 0}>
47.3087 	EXP 	faces_image: autoDraw = False
48.2905 	EXP 	fixation: autoDraw = True
49.0997 	INFO 	Keyboard events cleared
49.0993 	EXP 	fixation: autoDraw = False
49.0993 	EXP 	fixation: autoDraw = False
49.0993 	EXP 	faces_image: image = 'faces/unknown/unknown_116.jpg'
49.0993 	EXP 	faces_image: autoDraw = True
51.0698 	EXP 	New trial (rep=0, index=13): <Trial 13 (13 in rep 0) data={'block': 2, 'trial': 14, 'image': 'faces/unknown/unknown_148.jpg', 'type': 'unknown', 'thisN': 13, 'thisTrialN': 13, 'thisRepN': 0}>
51.0752 	EXP 	faces_image: autoDraw = False
52.0571 	EXP 	fixation: autoDraw = True
52.9624 	INFO 	Keyboard events cleared
52.9620 	EXP 	fixation: autoDraw = False
52.9620 	EXP 	fixation: autoDraw = False
52.9620 	EXP 	faces_image: image = 'faces/unknown/unknown_148.jpg'
52.9620 	EXP 	faces_image: autoDraw = True
54.9306 	EXP 	New trial (rep=0, index=14): <Trial 14 (14 in rep 0) data={'block': 2, 'trial': 15, 'image': 'faces/unknown/unknown_231.jpg', 'type': 'unknown', 'thisN': 14, 'thisTrialN': 14, 'thisRepN': 0}>
54.9352 	EXP 	faces_image: autoDraw = False
55.9263 	EXP 	fixation: autoDraw = True
56.9295 	INFO 	Keyboard events cleared
56.9292 	EXP 	fixation: autoDraw = False
56.9292 	EXP 	fixation: autoDraw = False
56.9292 	EXP 	faces_image: image = 'faces/unknown/unknown_231.jpg'
56.9292 	EXP 	faces_image: autoDraw = True
58.8944 	EXP 	New trial (rep=0, index=15): <Trial 15 (15 in rep 0) data={'block': 2, 'trial': 16, 'image': 'faces/unknown/unknown_36.jpg', 'type': 'unknown', 'thisN': 15, 'thisTrialN': 15, 'thisRepN': 0}>
58.8989 	EXP 	faces_image: autoDraw = False
59.8809 	EXP 	fixation: autoDraw = True
60.8326 	INFO 	Keyboard events cleared
60.8321 	EXP 	fixation: autoDraw = False
60.8321 	EXP 	fixation: autoDraw = False
60.8321 	EXP 	faces_image: image = 'faces/unknown/unknown_36.jpg'
60.8321 	EXP 	faces_image: autoDraw = True
62.7963 	EXP 	New trial (rep=0, index=16): <Trial 16 (16 in rep 0) data={'block': 2, 'trial': 17, 'image': 'faces/known/known_9.jpg', 'type': 'known', 'thisN': 16, 'thisTrialN': 16, 'thisRepN': 0}>
62.8022 	EXP 	faces_image: autoDraw = False
63.7838 	EXP 	fixation: autoDraw = True
64.6455 	WARNING 	Requested image 'faces/known/known_9.jpg' not found but similar filename 'faces/known/known_9.png' exists. This will be used instead but changing the filename is advised.
64.6805 	INFO 	Keyboard events cleared
64.6800 	EXP 	fixation: autoDraw = False
64.6800 	EXP 	fixation: autoDraw = False
64.6800 	EXP 	faces_image: image = 'faces/known/known_9.jpg'
64.6800 	EXP 	faces_image: autoDraw = True
65.3008 	DATA 	Keypress: space
66.6507 	EXP 	New trial (rep=0, index=17): <Trial 17 (17 in rep 0) data={'block': 2, 'trial': 18, 'image': 'faces/known/known_23.jpg', 'type': 'known', 'thisN': 17, 'thisTrialN': 17, 'thisRepN': 0}>
66.6597 	EXP 	faces_image: autoDraw = False
67.6418 	EXP 	fixation: autoDraw = True
68.2420 	WARNING 	Requested image 'faces/known/known_23.jpg' not found but similar filename 'faces/known/known_23.png' exists. This will be used instead but changing the filename is advised.
68.2798 	INFO 	Keyboard events cleared
68.2794 	EXP 	fixation: autoDraw = False
68.2794 	EXP 	fixation: autoDraw = False
68.2794 	EXP 	faces_image: image = 'faces/known/known_23.jpg'
68.2794 	EXP 	faces_image: autoDraw = True
68.8924 	DATA 	Keypress: space
70.2420 	EXP 	New trial (rep=0, index=18): <Trial 18 (18 in rep 0) data={'block': 2, 'trial': 19, 'image': 'faces/unknown/unknown_279.jpg', 'type': 'unknown', 'thisN': 18, 'thisTrialN': 18, 'thisRepN': 0}>
70.2445 	EXP 	faces_image: autoDraw = False
71.2324 	EXP 	fixation: autoDraw = True
72.1652 	INFO 	Keyboard events cleared
72.1649 	EXP 	fixation: autoDraw = False
72.1649 	EXP 	fixation: autoDraw = False
72.1649 	EXP 	faces_image: image = 'faces/unknown/unknown_279.jpg'
72.1649 	EXP 	faces_image: autoDraw = True
74.1295 	EXP 	New trial (rep=0, index=19): <Trial 19 (19 in rep 0) data={'block': 2, 'trial': 20, 'image': 'faces/unknown/unknown_297.jpg', 'type': 'unknown', 'thisN': 19, 'thisTrialN': 19, 'thisRepN': 0}>
74.1353 	EXP 	faces_image: autoDraw = False
75.1262 	EXP 	fixation: autoDraw = True
76.1003 	INFO 	Keyboard events cleared
76.0999 	EXP 	fixation: autoDraw = False
76.0999 	EXP 	fixation: autoDraw = False
76.0999 	EXP 	faces_image: image = 'faces/unknown/unknown_297.jpg'
76.0999 	EXP 	faces_image: autoDraw = True
78.0684 	EXP 	New trial (rep=0, index=20): <Trial 20 (20 in rep 0) data={'block': 2, 'trial': 21, 'image': 'faces/unknown/unknown_20.jpg', 'type': 'unknown', 'thisN': 20, 'thisTrialN': 20, 'thisRepN': 0}>
78.0745 	EXP 	faces_image: autoDraw = False
79.0502 	EXP 	fixation: autoDraw = True
79.9848 	INFO 	Keyboard events cleared
79.9844 	EXP 	fixation: autoDraw = False
79.9844 	EXP 	fixation: autoDraw = False
79.9844 	EXP 	faces_image: image = 'faces/unknown/unknown_20.jpg'
79.9844 	EXP 	faces_image: autoDraw = True
81.9564 	EXP 	New trial (rep=0, index=21): <Trial 21 (21 in rep 0) data={'block': 2, 'trial': 22, 'image': 'faces/unknown/unknown_172.jpg', 'type': 'unknown', 'thisN': 21, 'thisTrialN': 21, 'thisRepN': 0}>
81.9591 	EXP 	faces_image: autoDraw = False
82.9411 	EXP 	fixation: autoDraw = True
83.6477 	INFO 	Keyboard events cleared
83.6473 	EXP 	fixation: autoDraw = False
83.6473 	EXP 	fixation: autoDraw = False
83.6473 	EXP 	faces_image: image = 'faces/unknown/unknown_172.jpg'
83.6473 	EXP 	faces_image: autoDraw = True
85.6136 	EXP 	New trial (rep=0, index=22): <Trial 22 (22 in rep 0) data={'block': 2, 'trial': 23, 'image': 'faces/unknown/unknown_225.jpg', 'type': 'unknown', 'thisN': 22, 'thisTrialN': 22, 'thisRepN': 0}>
85.6225 	EXP 	faces_image: autoDraw = False
86.6017 	EXP 	fixation: autoDraw = True
87.5548 	INFO 	Keyboard events cleared
87.5544 	EXP 	fixation: autoDraw = False
87.5544 	EXP 	fixation: autoDraw = False
87.5544 	EXP 	faces_image: image = 'faces/unknown/unknown_225.jpg'
87.5544 	EXP 	faces_image: autoDraw = True
89.5226 	EXP 	New trial (rep=0, index=23): <Trial 23 (23 in rep 0) data={'block': 2, 'trial': 24, 'image': 'faces/unknown/unknown_69.jpg', 'type': 'unknown', 'thisN': 23, 'thisTrialN': 23, 'thisRepN': 0}>
89.5284 	EXP 	faces_image: autoDraw = False
90.5162 	EXP 	fixation: autoDraw = True
91.5289 	INFO 	Keyboard events cleared
91.5284 	EXP 	fixation: autoDraw = False
91.5284 	EXP 	fixation: autoDraw = False
91.5284 	EXP 	faces_image: image = 'faces/unknown/unknown_69.jpg'
91.5284 	EXP 	faces_image: autoDraw = True
93.4930 	EXP 	New trial (rep=0, index=24): <Trial 24 (24 in rep 0) data={'block': 2, 'trial': 25, 'image': 'faces/unknown/unknown_173.jpg', 'type': 'unknown', 'thisN': 24, 'thisTrialN': 24, 'thisRepN': 0}>
93.4984 	EXP 	faces_image: autoDraw = False
94.4905 	EXP 	fixation: autoDraw = True
95.4329 	INFO 	Keyboard events cleared
95.4325 	EXP 	fixation: autoDraw = False
95.4325 	EXP 	fixation: autoDraw = False
95.4325 	EXP 	faces_image: image = 'faces/unknown/unknown_173.jpg'
95.4325 	EXP 	faces_image: autoDraw = True
97.4020 	EXP 	New trial (rep=0, index=25): <Trial 25 (25 in rep 0) data={'block': 2, 'trial': 26, 'image': 'faces/unknown/unknown_278.jpg', 'type': 'unknown', 'thisN': 25, 'thisTrialN': 25, 'thisRepN': 0}>
97.4114 	EXP 	faces_image: autoDraw = False
98.3918 	EXP 	fixation: autoDraw = True
99.4114 	INFO 	Keyboard events cleared
99.4111 	EXP 	fixation: autoDraw = False
99.4111 	EXP 	fixation: autoDraw = False
99.4111 	EXP 	faces_image: image = 'faces/unknown/unknown_278.jpg'
99.4111 	EXP 	faces_image: autoDraw = True
101.3770 	EXP 	New trial (rep=0, index=26): <Trial 26 (26 in rep 0) data={'block': 2, 'trial': 27, 'image': 'faces/unknown/unknown_71.jpg', 'type': 'unknown', 'thisN': 26, 'thisTrialN': 26, 'thisRepN': 0}>
101.3828 	EXP 	faces_image: autoDraw = False
102.3649 	EXP 	fixation: autoDraw = True
103.0637 	INFO 	Keyboard events cleared
103.0633 	EXP 	fixation: autoDraw = False
103.0633 	EXP 	fixation: autoDraw = False
103.0633 	EXP 	faces_image: image = 'faces/unknown/unknown_71.jpg'
103.0633 	EXP 	faces_image: autoDraw = True
105.0328 	EXP 	New trial (rep=0, index=27): <Trial 27 (27 in rep 0) data={'block': 2, 'trial': 28, 'image': 'faces/known/known_12.jpg', 'type': 'known', 'thisN': 27, 'thisTrialN': 27, 'thisRepN': 0}>
105.0404 	EXP 	faces_image: autoDraw = False
106.0226 	EXP 	fixation: autoDraw = True
106.8602 	WARNING 	Requested image 'faces/known/known_12.jpg' not found but similar filename 'faces/known/known_12.png' exists. This will be used instead but changing the filename is advised.
106.8939 	INFO 	Keyboard events cleared
106.8935 	EXP 	fixation: autoDraw = False
106.8935 	EXP 	fixation: autoDraw = False
106.8935 	EXP 	faces_image: image = 'faces/known/known_12.jpg'
106.8935 	EXP 	faces_image: autoDraw = True
107.5091 	DATA 	Keypress: space
108.8618 	EXP 	New trial (rep=0, index=28): <Trial 28 (28 in rep 0) data={'block': 2, 'trial': 29, 'image': 'faces/unknown/unknown_22.jpg', 'type': 'unknown', 'thisN': 28, 'thisTrialN': 28, 'thisRepN': 0}>
108.8677 	EXP 	faces_image: autoDraw = False
109.8495 	EXP 	fixation: autoDraw = True
110.5996 	INFO 	Keyboard events cleared
110.5992 	EXP 	fixation: autoDraw = False
110.5992 	EXP 	fixation: autoDraw = False
110.5992 	EXP 	faces_image: image = 'faces/unknown/unknown_22.jpg'
110.5992 	EXP 	faces_image: autoDraw = True
112.5647 	EXP 	New trial (rep=0, index=29): <Trial 29 (29 in rep 0) data={'block': 2, 'trial': 30, 'image': 'faces/known/known_22.jpg', 'type': 'known', 'thisN': 29, 'thisTrialN': 29, 'thisRepN': 0}>
112.5743 	EXP 	faces_image: autoDraw = False
113.5463 	EXP 	fixation: autoDraw = True
114.2687 	WARNING 	Requested image 'faces/known/known_22.jpg' not found but similar filename 'faces/known/known_22.png' exists. This will be used instead but changing the filename is advised.
114.3105 	INFO 	Keyboard events cleared
114.3101 	EXP 	fixation: autoDraw = False
114.3101 	EXP 	fixation: autoDraw = False
114.3101 	EXP 	faces_image: image = 'faces/known/known_22.jpg'
114.3101 	EXP 	faces_image: autoDraw = True
114.9352 	DATA 	Keypress: space
116.2770 	EXP 	New trial (rep=0, index=30): <Trial 30 (30 in rep 0) data={'block': 2, 'trial': 31, 'image': 'faces/unknown/unknown_49.jpg', 'type': 'unknown', 'thisN': 30, 'thisTrialN': 30, 'thisRepN': 0}>
116.2794 	EXP 	faces_image: autoDraw = False
117.2670 	EXP 	fixation: autoDraw = True
118.1419 	INFO 	Keyboard events cleared
118.1415 	EXP 	fixation: autoDraw = False
118.1415 	EXP 	fixation: autoDraw = False
118.1415 	EXP 	faces_image: image = 'faces/unknown/unknown_49.jpg'
118.1415 	EXP 	faces_image: autoDraw = True
120.1102 	EXP 	New trial (rep=0, index=31): <Trial 31 (31 in rep 0) data={'block': 2, 'trial': 32, 'image': 'faces/unknown/unknown_177.jpg', 'type': 'unknown', 'thisN': 31, 'thisTrialN': 31, 'thisRepN': 0}>
120.1155 	EXP 	faces_image: autoDraw = False
121.0979 	EXP 	fixation: autoDraw = True
122.0582 	INFO 	Keyboard events cleared
122.0578 	EXP 	fixation: autoDraw = False
122.0578 	EXP 	fixation: autoDraw = False
122.0578 	EXP 	faces_image: image = 'faces/unknown/unknown_177.jpg'
122.0578 	EXP 	faces_image: autoDraw = True
124.0315 	EXP 	New trial (rep=0, index=32): <Trial 32 (32 in rep 0) data={'block': 2, 'trial': 33, 'image': 'faces/unknown/unknown_218.jpg', 'type': 'unknown', 'thisN': 32, 'thisTrialN': 32, 'thisRepN': 0}>
124.0397 	EXP 	faces_image: autoDraw = False
125.0127 	EXP 	fixation: autoDraw = True
125.9469 	INFO 	Keyboard events cleared
125.9464 	EXP 	fixation: autoDraw = False
125.9464 	EXP 	fixation: autoDraw = False
125.9464 	EXP 	faces_image: image = 'faces/unknown/unknown_218.jpg'
125.9464 	EXP 	faces_image: autoDraw = True
127.9162 	EXP 	New trial (rep=0, index=33): <Trial 33 (33 in rep 0) data={'block': 2, 'trial': 34, 'image': 'faces/unknown/unknown_262.jpg', 'type': 'unknown', 'thisN': 33, 'thisTrialN': 33, 'thisRepN': 0}>
127.9253 	EXP 	faces_image: autoDraw = False
128.9066 	EXP 	fixation: autoDraw = True
129.8545 	INFO 	Keyboard events cleared
129.8541 	EXP 	fixation: autoDraw = False
129.8541 	EXP 	fixation: autoDraw = False
129.8541 	EXP 	faces_image: image = 'faces/unknown/unknown_262.jpg'
129.8541 	EXP 	faces_image: autoDraw = True
131.8254 	EXP 	New trial (rep=0, index=34): <Trial 34 (34 in rep 0) data={'block': 2, 'trial': 35, 'image': 'faces/unknown/unknown_105.jpg', 'type': 'unknown', 'thisN': 34, 'thisTrialN': 34, 'thisRepN': 0}>
131.8308 	EXP 	faces_image: autoDraw = False
132.8124 	EXP 	fixation: autoDraw = True
133.4789 	INFO 	Keyboard events cleared
133.4785 	EXP 	fixation: autoDraw = False
133.4785 	EXP 	fixation: autoDraw = False
133.4785 	EXP 	faces_image: image = 'faces/unknown/unknown_105.jpg'
133.4785 	EXP 	faces_image: autoDraw = True
135.4434 	EXP 	New trial (rep=0, index=35): <Trial 35 (35 in rep 0) data={'block': 2, 'trial': 36, 'image': 'faces/unknown/unknown_179.jpg', 'type': 'unknown', 'thisN': 35, 'thisTrialN': 35, 'thisRepN': 0}>
135.4496 	EXP 	faces_image: autoDraw = False
136.4306 	EXP 	fixation: autoDraw = True
137.2692 	INFO 	Keyboard events cleared
137.2689 	EXP 	fixation: autoDraw = False
137.2689 	EXP 	fixation: autoDraw = False
137.2689 	EXP 	faces_image: image = 'faces/unknown/unknown_179.jpg'
137.2689 	EXP 	faces_image: autoDraw = True
139.2405 	EXP 	New trial (rep=0, index=36): <Trial 36 (36 in rep 0) data={'block': 2, 'trial': 37, 'image': 'faces/unknown/unknown_294.jpg', 'type': 'unknown', 'thisN': 36, 'thisTrialN': 36, 'thisRepN': 0}>
139.2425 	EXP 	faces_image: autoDraw = False
140.2245 	EXP 	fixation: autoDraw = True
141.2077 	INFO 	Keyboard events cleared
141.2074 	EXP 	fixation: autoDraw = False
141.2074 	EXP 	fixation: autoDraw = False
141.2074 	EXP 	faces_image: image = 'faces/unknown/unknown_294.jpg'
141.2074 	EXP 	faces_image: autoDraw = True
143.1770 	EXP 	New trial (rep=0, index=37): <Trial 37 (37 in rep 0) data={'block': 2, 'trial': 38, 'image': 'faces/known/known_5.jpg', 'type': 'known', 'thisN': 37, 'thisTrialN': 37, 'thisRepN': 0}>
143.1823 	EXP 	faces_image: autoDraw = False
144.1639 	EXP 	fixation: autoDraw = True
144.9828 	WARNING 	Requested image 'faces/known/known_5.jpg' not found but similar filename 'faces/known/known_5.png' exists. This will be used instead but changing the filename is advised.
145.0253 	INFO 	Keyboard events cleared
145.0249 	EXP 	fixation: autoDraw = False
145.0249 	EXP 	fixation: autoDraw = False
145.0249 	EXP 	faces_image: image = 'faces/known/known_5.jpg'
145.0249 	EXP 	faces_image: autoDraw = True
146.9914 	EXP 	New trial (rep=0, index=38): <Trial 38 (38 in rep 0) data={'block': 2, 'trial': 39, 'image': 'faces/unknown/unknown_292.jpg', 'type': 'unknown', 'thisN': 38, 'thisTrialN': 38, 'thisRepN': 0}>
146.9943 	EXP 	faces_image: autoDraw = False
147.9759 	EXP 	fixation: autoDraw = True
148.6799 	INFO 	Keyboard events cleared
148.6795 	EXP 	fixation: autoDraw = False
148.6795 	EXP 	fixation: autoDraw = False
148.6795 	EXP 	faces_image: image = 'faces/unknown/unknown_292.jpg'
148.6795 	EXP 	faces_image: autoDraw = True
150.6488 	EXP 	New trial (rep=0, index=39): <Trial 39 (39 in rep 0) data={'block': 2, 'trial': 40, 'image': 'faces/unknown/unknown_23.jpg', 'type': 'unknown', 'thisN': 39, 'thisTrialN': 39, 'thisRepN': 0}>
150.6578 	EXP 	faces_image: autoDraw = False
151.6395 	EXP 	fixation: autoDraw = True
152.5875 	INFO 	Keyboard events cleared
152.5870 	EXP 	fixation: autoDraw = False
152.5870 	EXP 	fixation: autoDraw = False
152.5870 	EXP 	faces_image: image = 'faces/unknown/unknown_23.jpg'
152.5870 	EXP 	faces_image: autoDraw = True
154.5576 	EXP 	New trial (rep=0, index=40): <Trial 40 (40 in rep 0) data={'block': 2, 'trial': 41, 'image': 'faces/unknown/unknown_175.jpg', 'type': 'unknown', 'thisN': 40, 'thisTrialN': 40, 'thisRepN': 0}>
154.5638 	EXP 	faces_image: autoDraw = False
155.5452 	EXP 	fixation: autoDraw = True
156.4373 	INFO 	Keyboard events cleared
156.4370 	EXP 	fixation: autoDraw = False
156.4370 	EXP 	fixation: autoDraw = False
156.4370 	EXP 	faces_image: image = 'faces/unknown/unknown_175.jpg'
156.4370 	EXP 	faces_image: autoDraw = True
158.4095 	EXP 	New trial (rep=0, index=41): <Trial 41 (41 in rep 0) data={'block': 2, 'trial': 42, 'image': 'faces/unknown/unknown_210.jpg', 'type': 'unknown', 'thisN': 41, 'thisTrialN': 41, 'thisRepN': 0}>
158.4120 	EXP 	faces_image: autoDraw = False
159.3937 	EXP 	fixation: autoDraw = True
160.0925 	INFO 	Keyboard events cleared
160.0921 	EXP 	fixation: autoDraw = False
160.0921 	EXP 	fixation: autoDraw = False
160.0921 	EXP 	faces_image: image = 'faces/unknown/unknown_210.jpg'
160.0921 	EXP 	faces_image: autoDraw = True
162.0605 	EXP 	New trial (rep=0, index=42): <Trial 42 (42 in rep 0) data={'block': 2, 'trial': 43, 'image': 'faces/unknown/unknown_170.jpg', 'type': 'unknown', 'thisN': 42, 'thisTrialN': 42, 'thisRepN': 0}>
162.0665 	EXP 	faces_image: autoDraw = False
163.0484 	EXP 	fixation: autoDraw = True
163.6933 	INFO 	Keyboard events cleared
163.6929 	EXP 	fixation: autoDraw = False
163.6929 	EXP 	fixation: autoDraw = False
163.6929 	EXP 	faces_image: image = 'faces/unknown/unknown_170.jpg'
163.6929 	EXP 	faces_image: autoDraw = True
165.6608 	EXP 	New trial (rep=0, index=43): <Trial 43 (43 in rep 0) data={'block': 2, 'trial': 44, 'image': 'faces/known/known_19.jpg', 'type': 'known', 'thisN': 43, 'thisTrialN': 43, 'thisRepN': 0}>
165.6667 	EXP 	faces_image: autoDraw = False
166.6485 	EXP 	fixation: autoDraw = True
167.2764 	WARNING 	Requested image 'faces/known/known_19.jpg' not found but similar filename 'faces/known/known_19.png' exists. This will be used instead but changing the filename is advised.
167.3114 	INFO 	Keyboard events cleared
167.3111 	EXP 	fixation: autoDraw = False
167.3111 	EXP 	fixation: autoDraw = False
167.3111 	EXP 	faces_image: image = 'faces/known/known_19.jpg'
167.3111 	EXP 	faces_image: autoDraw = True
167.9160 	DATA 	Keypress: space
169.2790 	EXP 	New trial (rep=0, index=44): <Trial 44 (44 in rep 0) data={'block': 2, 'trial': 45, 'image': 'faces/unknown/unknown_129.jpg', 'type': 'unknown', 'thisN': 44, 'thisTrialN': 44, 'thisRepN': 0}>
169.2849 	EXP 	faces_image: autoDraw = False
170.2676 	EXP 	fixation: autoDraw = True
170.9335 	INFO 	Keyboard events cleared
170.9330 	EXP 	fixation: autoDraw = False
170.9330 	EXP 	fixation: autoDraw = False
170.9330 	EXP 	faces_image: image = 'faces/unknown/unknown_129.jpg'
170.9330 	EXP 	faces_image: autoDraw = True
172.9060 	EXP 	New trial (rep=0, index=45): <Trial 45 (45 in rep 0) data={'block': 2, 'trial': 46, 'image': 'faces/unknown/unknown_145.jpg', 'type': 'unknown', 'thisN': 45, 'thisTrialN': 45, 'thisRepN': 0}>
172.9082 	EXP 	faces_image: autoDraw = False
173.8905 	EXP 	fixation: autoDraw = True
174.7777 	INFO 	Keyboard events cleared
174.7774 	EXP 	fixation: autoDraw = False
174.7774 	EXP 	fixation: autoDraw = False
174.7774 	EXP 	faces_image: image = 'faces/unknown/unknown_145.jpg'
174.7774 	EXP 	faces_image: autoDraw = True
176.7456 	EXP 	New trial (rep=0, index=46): <Trial 46 (46 in rep 0) data={'block': 2, 'trial': 47, 'image': 'faces/unknown/unknown_9.jpg', 'type': 'unknown', 'thisN': 46, 'thisTrialN': 46, 'thisRepN': 0}>
176.7514 	EXP 	faces_image: autoDraw = False
177.7329 	EXP 	fixation: autoDraw = True
178.6281 	INFO 	Keyboard events cleared
178.6278 	EXP 	fixation: autoDraw = False
178.6278 	EXP 	fixation: autoDraw = False
178.6278 	EXP 	faces_image: image = 'faces/unknown/unknown_9.jpg'
178.6278 	EXP 	faces_image: autoDraw = True
180.5939 	EXP 	New trial (rep=0, index=47): <Trial 47 (47 in rep 0) data={'block': 2, 'trial': 48, 'image': 'faces/unknown/unknown_86.jpg', 'type': 'unknown', 'thisN': 47, 'thisTrialN': 47, 'thisRepN': 0}>
180.5992 	EXP 	faces_image: autoDraw = False
181.5813 	EXP 	fixation: autoDraw = True
182.2669 	INFO 	Keyboard events cleared
182.2665 	EXP 	fixation: autoDraw = False
182.2665 	EXP 	fixation: autoDraw = False
182.2665 	EXP 	faces_image: image = 'faces/unknown/unknown_86.jpg'
182.2665 	EXP 	faces_image: autoDraw = True
184.2301 	EXP 	New trial (rep=0, index=48): <Trial 48 (48 in rep 0) data={'block': 2, 'trial': 49, 'image': 'faces/known/known_50.jpg', 'type': 'known', 'thisN': 48, 'thisTrialN': 48, 'thisRepN': 0}>
184.2389 	EXP 	faces_image: autoDraw = False
185.2176 	EXP 	fixation: autoDraw = True
186.1105 	WARNING 	Requested image 'faces/known/known_50.jpg' not found but similar filename 'faces/known/known_50.png' exists. This will be used instead but changing the filename is advised.
186.1355 	INFO 	Keyboard events cleared
186.1351 	EXP 	fixation: autoDraw = False
186.1351 	EXP 	fixation: autoDraw = False
186.1351 	EXP 	faces_image: image = 'faces/known/known_50.jpg'
186.1351 	EXP 	faces_image: autoDraw = True
186.6853 	DATA 	Keypress: space
188.1152 	EXP 	New trial (rep=0, index=49): <Trial 49 (49 in rep 0) data={'block': 2, 'trial': 50, 'image': 'faces/unknown/unknown_45.jpg', 'type': 'unknown', 'thisN': 49, 'thisTrialN': 49, 'thisRepN': 0}>
188.1238 	EXP 	faces_image: autoDraw = False
189.1025 	EXP 	fixation: autoDraw = True
190.0088 	INFO 	Keyboard events cleared
190.0083 	EXP 	fixation: autoDraw = False
190.0083 	EXP 	fixation: autoDraw = False
190.0083 	EXP 	faces_image: image = 'faces/unknown/unknown_45.jpg'
190.0083 	EXP 	faces_image: autoDraw = True
191.9753 	EXP 	New trial (rep=0, index=50): <Trial 50 (50 in rep 0) data={'block': 2, 'trial': 51, 'image': 'faces/unknown/unknown_298.jpg', 'type': 'unknown', 'thisN': 50, 'thisTrialN': 50, 'thisRepN': 0}>
191.9808 	EXP 	faces_image: autoDraw = False
192.9683 	EXP 	fixation: autoDraw = True
193.8942 	INFO 	Keyboard events cleared
193.8937 	EXP 	fixation: autoDraw = False
193.8937 	EXP 	fixation: autoDraw = False
193.8937 	EXP 	faces_image: image = 'faces/unknown/unknown_298.jpg'
193.8937 	EXP 	faces_image: autoDraw = True
195.8580 	EXP 	New trial (rep=0, index=51): <Trial 51 (51 in rep 0) data={'block': 2, 'trial': 52, 'image': 'faces/unknown/unknown_247.jpg', 'type': 'unknown', 'thisN': 51, 'thisTrialN': 51, 'thisRepN': 0}>
195.8653 	EXP 	faces_image: autoDraw = False
196.8475 	EXP 	fixation: autoDraw = True
197.7688 	INFO 	Keyboard events cleared
197.7684 	EXP 	fixation: autoDraw = False
197.7684 	EXP 	fixation: autoDraw = False
197.7684 	EXP 	faces_image: image = 'faces/unknown/unknown_247.jpg'
197.7684 	EXP 	faces_image: autoDraw = True
199.7428 	EXP 	New trial (rep=0, index=52): <Trial 52 (52 in rep 0) data={'block': 2, 'trial': 53, 'image': 'faces/unknown/unknown_235.jpg', 'type': 'unknown', 'thisN': 52, 'thisTrialN': 52, 'thisRepN': 0}>
199.7497 	EXP 	faces_image: autoDraw = False
200.7263 	EXP 	fixation: autoDraw = True
201.7141 	INFO 	Keyboard events cleared
201.7137 	EXP 	fixation: autoDraw = False
201.7137 	EXP 	fixation: autoDraw = False
201.7137 	EXP 	faces_image: image = 'faces/unknown/unknown_235.jpg'
201.7137 	EXP 	faces_image: autoDraw = True
203.6784 	EXP 	New trial (rep=0, index=53): <Trial 53 (53 in rep 0) data={'block': 2, 'trial': 54, 'image': 'faces/unknown/unknown_12.jpg', 'type': 'unknown', 'thisN': 53, 'thisTrialN': 53, 'thisRepN': 0}>
203.6839 	EXP 	faces_image: autoDraw = False
204.6654 	EXP 	fixation: autoDraw = True
205.6259 	INFO 	Keyboard events cleared
205.6255 	EXP 	fixation: autoDraw = False
205.6255 	EXP 	fixation: autoDraw = False
205.6255 	EXP 	faces_image: image = 'faces/unknown/unknown_12.jpg'
205.6255 	EXP 	faces_image: autoDraw = True
207.5933 	EXP 	New trial (rep=0, index=54): <Trial 54 (54 in rep 0) data={'block': 2, 'trial': 55, 'image': 'faces/known/known_39.jpg', 'type': 'known', 'thisN': 54, 'thisTrialN': 54, 'thisRepN': 0}>
207.5989 	EXP 	faces_image: autoDraw = False
208.5809 	EXP 	fixation: autoDraw = True
209.3242 	WARNING 	Requested image 'faces/known/known_39.jpg' not found but similar filename 'faces/known/known_39.png' exists. This will be used instead but changing the filename is advised.
209.3650 	INFO 	Keyboard events cleared
209.3646 	EXP 	fixation: autoDraw = False
209.3646 	EXP 	fixation: autoDraw = False
209.3646 	EXP 	faces_image: image = 'faces/known/known_39.jpg'
209.3646 	EXP 	faces_image: autoDraw = True
210.0582 	DATA 	Keypress: space
211.3261 	EXP 	New trial (rep=0, index=55): <Trial 55 (55 in rep 0) data={'block': 2, 'trial': 56, 'image': 'faces/known/known_46.jpg', 'type': 'known', 'thisN': 55, 'thisTrialN': 55, 'thisRepN': 0}>
211.3322 	EXP 	faces_image: autoDraw = False
212.3139 	EXP 	fixation: autoDraw = True
213.2666 	WARNING 	Requested image 'faces/known/known_46.jpg' not found but similar filename 'faces/known/known_46.png' exists. This will be used instead but changing the filename is advised.
213.2917 	INFO 	Keyboard events cleared
213.2914 	EXP 	fixation: autoDraw = False
213.2914 	EXP 	fixation: autoDraw = False
213.2914 	EXP 	faces_image: image = 'faces/known/known_46.jpg'
213.2914 	EXP 	faces_image: autoDraw = True
213.9093 	DATA 	Keypress: space
215.2754 	EXP 	New trial (rep=0, index=56): <Trial 56 (56 in rep 0) data={'block': 2, 'trial': 57, 'image': 'faces/unknown/unknown_53.jpg', 'type': 'unknown', 'thisN': 56, 'thisTrialN': 56, 'thisRepN': 0}>
215.2777 	EXP 	faces_image: autoDraw = False
216.2594 	EXP 	fixation: autoDraw = True
216.9690 	INFO 	Keyboard events cleared
216.9686 	EXP 	fixation: autoDraw = False
216.9686 	EXP 	fixation: autoDraw = False
216.9686 	EXP 	faces_image: image = 'faces/unknown/unknown_53.jpg'
216.9686 	EXP 	faces_image: autoDraw = True
218.9410 	EXP 	New trial (rep=0, index=57): <Trial 57 (57 in rep 0) data={'block': 2, 'trial': 58, 'image': 'faces/known/known_15.jpg', 'type': 'known', 'thisN': 57, 'thisTrialN': 57, 'thisRepN': 0}>
218.9437 	EXP 	faces_image: autoDraw = False
219.9257 	EXP 	fixation: autoDraw = True
220.7827 	WARNING 	Requested image 'faces/known/known_15.jpg' not found but similar filename 'faces/known/known_15.png' exists. This will be used instead but changing the filename is advised.
220.8229 	INFO 	Keyboard events cleared
220.8224 	EXP 	fixation: autoDraw = False
220.8224 	EXP 	fixation: autoDraw = False
220.8224 	EXP 	faces_image: image = 'faces/known/known_15.jpg'
220.8224 	EXP 	faces_image: autoDraw = True
221.3757 	DATA 	Keypress: space
222.7897 	EXP 	New trial (rep=0, index=58): <Trial 58 (58 in rep 0) data={'block': 2, 'trial': 59, 'image': 'faces/known/known_32.jpg', 'type': 'known', 'thisN': 58, 'thisTrialN': 58, 'thisRepN': 0}>
222.7925 	EXP 	faces_image: autoDraw = False
223.7743 	EXP 	fixation: autoDraw = True
224.5321 	WARNING 	Requested image 'faces/known/known_32.jpg' not found but similar filename 'faces/known/known_32.png' exists. This will be used instead but changing the filename is advised.
224.5794 	INFO 	Keyboard events cleared
224.5790 	EXP 	fixation: autoDraw = False
224.5790 	EXP 	fixation: autoDraw = False
224.5790 	EXP 	faces_image: image = 'faces/known/known_32.jpg'
224.5790 	EXP 	faces_image: autoDraw = True
225.1330 	DATA 	Keypress: space
226.5320 	EXP 	New trial (rep=0, index=59): <Trial 59 (59 in rep 0) data={'block': 2, 'trial': 60, 'image': 'faces/unknown/unknown_207.jpg', 'type': 'unknown', 'thisN': 59, 'thisTrialN': 59, 'thisRepN': 0}>
226.5407 	EXP 	faces_image: autoDraw = False
227.5257 	EXP 	fixation: autoDraw = True
228.1781 	INFO 	Keyboard events cleared
228.1775 	EXP 	fixation: autoDraw = False
228.1775 	EXP 	fixation: autoDraw = False
228.1775 	EXP 	faces_image: image = 'faces/unknown/unknown_207.jpg'
228.1775 	EXP 	faces_image: autoDraw = True
230.1497 	EXP 	faces_image: autoDraw = False
230.1497 	EXP 	Endding: autoDraw = True
231.2593 	EXP 	Endding: autoDraw = False
231.2593 	EXP 	Endding: autoDraw = False
231.2595 	EXP 	project: status = STOPPED
231.2988 	INFO 	saved data to 'C:\\Users\\napat\\Documents\\GitHub\\BCI-P300-project\\data/969322_project_2025-05-09_17h20.23.493.csv'
231.3003 	INFO 	saved data to C:\Users\napat\Documents\GitHub\BCI-P300-project\data/969322_project_2025-05-09_17h20.23.493.psydat
