13.0726 	INFO 	Loaded monitor calibration from ['2025_05_17 12:48']
13.2327 	WARNING 	User requested fullscreen with size [1536  864], but screen is actually [1920, 1080]. Using actual size
13.5809 	EXP 	Created window1 = Window(allowGUI=False, allowStencil=False, autoLog=True, backendConf=UNKNOWN, backgroundFit=<method-wrapper '__getattribute__' of attributeSetter object at 0x00000249D6362470>, backgroundImage=<method-wrapper '__getattribute__' of attributeSetter object at 0x00000249D63624D0>, bitsMode=UNKNOWN, blendMode='avg', bpc=(8, 8, 8), color=array([0, 0, 0]), colorSpace='rgb', depthBits=8, fullscr=True, gamma=None, gammaErrorPolicy='raise', infoMsg=UNKNOWN, lms=UNKNOWN, monitor=<psychopy.monitors.calibTools.Monitor object at 0x00000249D641DAE0>, multiSample=False, name='window1', numSamples=2, pos=[0.0, 0.0], screen=0, size=array([1920, 1080]), stencilBits=0, stereo=False, title='PsychoPy', units='height', useFBO=True, useRetina=False, viewOri=0.0, viewPos=None, viewScale=None, waitBlanking=True, winType='pyglet')
13.5810 	EXP 	window1: backgroundImage = ''
13.5810 	EXP 	window1: backgroundFit = 'none'
13.6289 	EXP 	window1: Attempting to measure frame rate of screen (0) ...
13.6289 	EXP 	window1: recordFrameIntervals = False
13.6959 	EXP 	window1: recordFrameIntervals = True
14.2305 	WARNING 	Couldn't measure a consistent frame rate!
  - Is your graphics card set to sync to vertical blank?
  - Are you running other processes on your computer?

16.7205 	INFO 	keyboard.Keyboard is using iohub backend.
16.7206 	INFO 	keyboard.Keyboard is using iohub backend.
16.7206 	INFO 	keyboard.Keyboard is using iohub backend.
16.7206 	EXP 	project: status = STARTED
16.8017 	EXP 	Created Start_text = TextStim(__class__=<class 'psychopy.visual.text.TextStim'>, alignHoriz=method-wrapper(...), alignText='center', alignVert=method-wrapper(...), anchorHoriz='center', anchorVert='center', antialias=True, autoDraw=False, autoLog=True, bold=False, color=array([1., 1., 1.]), colorSpace='rgb', contrast=1.0, depth=0.0, draggable=False, flipHoriz=False, flipVert=False, font='Arial', fontFiles=[], height=0.05, italic=False, languageStyle='LTR', name='Start_text', opacity=1, ori=0.0, pos=array([0., 0.]), rgb=UNKNOWN, text=str(...), units='height', win=Window(...), wrapWidth=1)
16.8193 	EXP 	Created fixation = ShapeStim(__class__=<class 'psychopy.visual.shape.ShapeStim'>, anchor=('center', 'center'), autoDraw=False, autoLog=True, closeShape=True, color=method-wrapper(...), colorSpace='rgb', contrast=None, depth=-1.0, draggable=False, fillColor=array([1, 1, 1]), fillColorSpace='rgb', fillRGB=array([1, 1, 1]), interpolate=True, lineColor=array([1., 1., 1.]), lineColorSpace='rgb', lineRGB=array([1, 1, 1]), lineWidth=1.0, name='fixation', opacity=1, ori=0.0, pos=array([0., 0.]), size=array([0.1, 0.1]), units='height', vertices=ndarray(...), win=Window(...), windingRule=None)
16.8494 	EXP 	Created faces_image = ImageStim(__class__=<class 'psychopy.visual.image.ImageStim'>, anchor=('center', 'center'), autoLog=True, color=array([1., 1., 1.]), colorSpace='rgb', contrast=1.0, depth=0.0, draggable=False, flipHoriz=False, flipVert=False, image='default.png', interpolate=True, mask=None, maskParams=None, name='faces_image', opacity=1, ori=0.0, pos=array([0., 0.]), size=array([0.5, 0.5]), texRes=128.0, units='height', win=Window(...))
16.8556 	EXP 	Created Endding = TextStim(__class__=<class 'psychopy.visual.text.TextStim'>, alignHoriz=method-wrapper(...), alignText='center', alignVert=method-wrapper(...), anchorHoriz='center', anchorVert='center', antialias=True, autoDraw=False, autoLog=True, bold=False, color=array([1., 1., 1.]), colorSpace='rgb', contrast=1.0, depth=-1.0, draggable=False, flipHoriz=False, flipVert=False, font='Arial', fontFiles=[], height=0.05, italic=False, languageStyle='LTR', name='Endding', opacity=1, ori=0.0, pos=array([0., 0.]), rgb=UNKNOWN, text='Endding block\nThankyou for your patient', units='height', win=Window(...), wrapWidth=1)
0.0108 	INFO 	Keyboard events cleared
0.0105 	EXP 	Start_text: autoDraw = True
2.3534 	EXP 	Imported blocks/block2.csv as conditions, 60 conditions, 4 params
2.3539 	EXP 	New trial (rep=0, index=0): <Trial 0 (0 in rep 0) data={'block': 2, 'trial': 1, 'image': 'faces/known/known_131.jpg', 'type': 'known', 'thisN': 0, 'thisTrialN': 0, 'thisRepN': 0}>
2.3545 	DATA 	Keypress: space
2.3560 	EXP 	Start_text: autoDraw = False
3.3398 	EXP 	fixation: autoDraw = True
4.2873 	WARNING 	Requested image 'faces/known/known_131.jpg' not found but similar filename 'faces/known/known_131.png' exists. This will be used instead but changing the filename is advised.
4.3207 	INFO 	Keyboard events cleared
4.3204 	WARNING 	t of last frame was 33.64ms (=1/29)
4.3204 	EXP 	fixation: autoDraw = False
4.3204 	EXP 	fixation: autoDraw = False
4.3204 	EXP 	faces_image: image = 'faces/known/known_131.jpg'
4.3204 	EXP 	faces_image: autoDraw = True
5.0078 	DATA 	Keypress: space
6.2888 	EXP 	New trial (rep=0, index=1): <Trial 1 (1 in rep 0) data={'block': 2, 'trial': 2, 'image': 'faces/unknown/unknown_282.jpg', 'type': 'unknown', 'thisN': 1, 'thisTrialN': 1, 'thisRepN': 0}>
6.2927 	EXP 	faces_image: autoDraw = False
7.2766 	EXP 	fixation: autoDraw = True
8.0372 	INFO 	Keyboard events cleared
8.0366 	WARNING 	t of last frame was 59.81ms (=1/16)
8.0366 	EXP 	fixation: autoDraw = False
8.0366 	EXP 	fixation: autoDraw = False
8.0366 	EXP 	faces_image: image = 'faces/unknown/unknown_282.jpg'
8.0366 	EXP 	faces_image: autoDraw = True
9.9807 	EXP 	New trial (rep=0, index=2): <Trial 2 (2 in rep 0) data={'block': 2, 'trial': 3, 'image': 'faces/known/known_70.jpg', 'type': 'known', 'thisN': 2, 'thisTrialN': 2, 'thisRepN': 0}>
9.9846 	EXP 	faces_image: autoDraw = False
10.9638 	EXP 	fixation: autoDraw = True
11.8242 	WARNING 	Requested image 'faces/known/known_70.jpg' not found but similar filename 'faces/known/known_70.png' exists. This will be used instead but changing the filename is advised.
11.8542 	INFO 	Keyboard events cleared
11.8540 	WARNING 	t of last frame was 30.54ms (=1/32)
11.8540 	EXP 	fixation: autoDraw = False
11.8540 	EXP 	fixation: autoDraw = False
11.8540 	EXP 	faces_image: image = 'faces/known/known_70.jpg'
11.8540 	EXP 	faces_image: autoDraw = True
12.4337 	DATA 	Keypress: space
13.8263 	EXP 	New trial (rep=0, index=3): <Trial 3 (3 in rep 0) data={'block': 2, 'trial': 4, 'image': 'faces/unknown/unknown_94.jpg', 'type': 'unknown', 'thisN': 3, 'thisTrialN': 3, 'thisRepN': 0}>
13.8303 	EXP 	faces_image: autoDraw = False
14.8139 	EXP 	fixation: autoDraw = True
15.5998 	INFO 	Keyboard events cleared
15.5995 	WARNING 	t of last frame was 60.23ms (=1/16)
15.5995 	EXP 	fixation: autoDraw = False
15.5995 	EXP 	fixation: autoDraw = False
15.5995 	EXP 	faces_image: image = 'faces/unknown/unknown_94.jpg'
15.5995 	EXP 	faces_image: autoDraw = True
17.5432 	EXP 	New trial (rep=0, index=4): <Trial 4 (4 in rep 0) data={'block': 2, 'trial': 5, 'image': 'faces/unknown/unknown_287.jpg', 'type': 'unknown', 'thisN': 4, 'thisTrialN': 4, 'thisRepN': 0}>
17.5471 	EXP 	faces_image: autoDraw = False
18.5266 	EXP 	fixation: autoDraw = True
19.2232 	INFO 	Keyboard events cleared
19.2232 	WARNING 	Multiple dropped frames have occurred - I'll stop bothering you about them!
19.2230 	EXP 	fixation: autoDraw = False
19.2230 	EXP 	fixation: autoDraw = False
19.2230 	EXP 	faces_image: image = 'faces/unknown/unknown_287.jpg'
19.2230 	EXP 	faces_image: autoDraw = True
21.1847 	EXP 	New trial (rep=0, index=5): <Trial 5 (5 in rep 0) data={'block': 2, 'trial': 6, 'image': 'faces/unknown/unknown_70.jpg', 'type': 'unknown', 'thisN': 5, 'thisTrialN': 5, 'thisRepN': 0}>
21.1885 	EXP 	faces_image: autoDraw = False
22.1684 	EXP 	fixation: autoDraw = True
23.0941 	INFO 	Keyboard events cleared
23.0939 	EXP 	fixation: autoDraw = False
23.0939 	EXP 	fixation: autoDraw = False
23.0939 	EXP 	faces_image: image = 'faces/unknown/unknown_70.jpg'
23.0939 	EXP 	faces_image: autoDraw = True
25.0478 	EXP 	New trial (rep=0, index=6): <Trial 6 (6 in rep 0) data={'block': 2, 'trial': 7, 'image': 'faces/known/known_111.jpg', 'type': 'known', 'thisN': 6, 'thisTrialN': 6, 'thisRepN': 0}>
25.0512 	EXP 	faces_image: autoDraw = False
26.0303 	EXP 	fixation: autoDraw = True
26.7025 	WARNING 	Requested image 'faces/known/known_111.jpg' not found but similar filename 'faces/known/known_111.png' exists. This will be used instead but changing the filename is advised.
26.7333 	INFO 	Keyboard events cleared
26.7331 	EXP 	fixation: autoDraw = False
26.7331 	EXP 	fixation: autoDraw = False
26.7331 	EXP 	faces_image: image = 'faces/known/known_111.jpg'
26.7331 	EXP 	faces_image: autoDraw = True
27.3532 	DATA 	Keypress: space
28.7058 	EXP 	New trial (rep=0, index=7): <Trial 7 (7 in rep 0) data={'block': 2, 'trial': 8, 'image': 'faces/known/known_49.jpg', 'type': 'known', 'thisN': 7, 'thisTrialN': 7, 'thisRepN': 0}>
28.7095 	EXP 	faces_image: autoDraw = False
29.6888 	EXP 	fixation: autoDraw = True
30.6611 	WARNING 	Requested image 'faces/known/known_49.jpg' not found but similar filename 'faces/known/known_49.png' exists. This will be used instead but changing the filename is advised.
30.6946 	INFO 	Keyboard events cleared
30.6941 	EXP 	fixation: autoDraw = False
30.6941 	EXP 	fixation: autoDraw = False
30.6941 	EXP 	faces_image: image = 'faces/known/known_49.jpg'
30.6941 	EXP 	faces_image: autoDraw = True
31.2463 	DATA 	Keypress: space
32.6640 	EXP 	New trial (rep=0, index=8): <Trial 8 (8 in rep 0) data={'block': 2, 'trial': 9, 'image': 'faces/unknown/unknown_35.jpg', 'type': 'unknown', 'thisN': 8, 'thisTrialN': 8, 'thisRepN': 0}>
32.6680 	EXP 	faces_image: autoDraw = False
33.6473 	EXP 	fixation: autoDraw = True
34.6324 	INFO 	Keyboard events cleared
34.6321 	EXP 	fixation: autoDraw = False
34.6321 	EXP 	fixation: autoDraw = False
34.6321 	EXP 	faces_image: image = 'faces/unknown/unknown_35.jpg'
34.6321 	EXP 	faces_image: autoDraw = True
36.5888 	EXP 	New trial (rep=0, index=9): <Trial 9 (9 in rep 0) data={'block': 2, 'trial': 10, 'image': 'faces/unknown/unknown_181.jpg', 'type': 'unknown', 'thisN': 9, 'thisTrialN': 9, 'thisRepN': 0}>
36.5928 	EXP 	faces_image: autoDraw = False
37.5723 	EXP 	fixation: autoDraw = True
38.3846 	INFO 	Keyboard events cleared
38.3843 	EXP 	fixation: autoDraw = False
38.3843 	EXP 	fixation: autoDraw = False
38.3843 	EXP 	faces_image: image = 'faces/unknown/unknown_181.jpg'
38.3843 	EXP 	faces_image: autoDraw = True
40.3351 	EXP 	New trial (rep=0, index=10): <Trial 10 (10 in rep 0) data={'block': 2, 'trial': 11, 'image': 'faces/unknown/unknown_48.jpg', 'type': 'unknown', 'thisN': 10, 'thisTrialN': 10, 'thisRepN': 0}>
40.3385 	EXP 	faces_image: autoDraw = False
41.3224 	EXP 	fixation: autoDraw = True
42.0214 	INFO 	Keyboard events cleared
42.0211 	EXP 	fixation: autoDraw = False
42.0211 	EXP 	fixation: autoDraw = False
42.0211 	EXP 	faces_image: image = 'faces/unknown/unknown_48.jpg'
42.0211 	EXP 	faces_image: autoDraw = True
43.9766 	EXP 	New trial (rep=0, index=11): <Trial 11 (11 in rep 0) data={'block': 2, 'trial': 12, 'image': 'faces/unknown/unknown_216.jpg', 'type': 'unknown', 'thisN': 11, 'thisTrialN': 11, 'thisRepN': 0}>
43.9804 	EXP 	faces_image: autoDraw = False
44.9597 	EXP 	fixation: autoDraw = True
45.9638 	INFO 	Keyboard events cleared
45.9635 	EXP 	fixation: autoDraw = False
45.9635 	EXP 	fixation: autoDraw = False
45.9635 	EXP 	faces_image: image = 'faces/unknown/unknown_216.jpg'
45.9635 	EXP 	faces_image: autoDraw = True
47.9181 	EXP 	New trial (rep=0, index=12): <Trial 12 (12 in rep 0) data={'block': 2, 'trial': 13, 'image': 'faces/unknown/unknown_210.jpg', 'type': 'unknown', 'thisN': 12, 'thisTrialN': 12, 'thisRepN': 0}>
47.9221 	EXP 	faces_image: autoDraw = False
48.9053 	EXP 	fixation: autoDraw = True
49.6182 	INFO 	Keyboard events cleared
49.6179 	EXP 	fixation: autoDraw = False
49.6179 	EXP 	fixation: autoDraw = False
49.6179 	EXP 	faces_image: image = 'faces/unknown/unknown_210.jpg'
49.6179 	EXP 	faces_image: autoDraw = True
51.5723 	EXP 	New trial (rep=0, index=13): <Trial 13 (13 in rep 0) data={'block': 2, 'trial': 14, 'image': 'faces/known/known_72.jpg', 'type': 'known', 'thisN': 13, 'thisTrialN': 13, 'thisRepN': 0}>
51.5762 	EXP 	faces_image: autoDraw = False
52.5556 	EXP 	fixation: autoDraw = True
53.1604 	WARNING 	Requested image 'faces/known/known_72.jpg' not found but similar filename 'faces/known/known_72.png' exists. This will be used instead but changing the filename is advised.
53.1870 	INFO 	Keyboard events cleared
53.1868 	EXP 	fixation: autoDraw = False
53.1868 	EXP 	fixation: autoDraw = False
53.1868 	EXP 	faces_image: image = 'faces/known/known_72.jpg'
53.1868 	EXP 	faces_image: autoDraw = True
53.8480 	DATA 	Keypress: space
55.1599 	EXP 	New trial (rep=0, index=14): <Trial 14 (14 in rep 0) data={'block': 2, 'trial': 15, 'image': 'faces/unknown/unknown_156.jpg', 'type': 'unknown', 'thisN': 14, 'thisTrialN': 14, 'thisRepN': 0}>
55.1636 	EXP 	faces_image: autoDraw = False
56.1471 	EXP 	fixation: autoDraw = True
57.0465 	INFO 	Keyboard events cleared
57.0461 	EXP 	fixation: autoDraw = False
57.0461 	EXP 	fixation: autoDraw = False
57.0461 	EXP 	faces_image: image = 'faces/unknown/unknown_156.jpg'
57.0461 	EXP 	faces_image: autoDraw = True
58.9932 	EXP 	New trial (rep=0, index=15): <Trial 15 (15 in rep 0) data={'block': 2, 'trial': 16, 'image': 'faces/unknown/unknown_140.jpg', 'type': 'unknown', 'thisN': 15, 'thisTrialN': 15, 'thisRepN': 0}>
58.9970 	EXP 	faces_image: autoDraw = False
59.9803 	EXP 	fixation: autoDraw = True
60.6810 	INFO 	Keyboard events cleared
60.6807 	EXP 	fixation: autoDraw = False
60.6807 	EXP 	fixation: autoDraw = False
60.6807 	EXP 	faces_image: image = 'faces/unknown/unknown_140.jpg'
60.6807 	EXP 	faces_image: autoDraw = True
62.6303 	EXP 	New trial (rep=0, index=16): <Trial 16 (16 in rep 0) data={'block': 2, 'trial': 17, 'image': 'faces/known/known_112.jpg', 'type': 'known', 'thisN': 16, 'thisTrialN': 16, 'thisRepN': 0}>
62.6345 	EXP 	faces_image: autoDraw = False
63.6136 	EXP 	fixation: autoDraw = True
64.2983 	WARNING 	Requested image 'faces/known/known_112.jpg' not found but similar filename 'faces/known/known_112.png' exists. This will be used instead but changing the filename is advised.
64.3242 	INFO 	Keyboard events cleared
64.3239 	EXP 	fixation: autoDraw = False
64.3239 	EXP 	fixation: autoDraw = False
64.3239 	EXP 	faces_image: image = 'faces/known/known_112.jpg'
64.3239 	EXP 	faces_image: autoDraw = True
64.9113 	DATA 	Keypress: space
66.3016 	EXP 	New trial (rep=0, index=17): <Trial 17 (17 in rep 0) data={'block': 2, 'trial': 18, 'image': 'faces/known/known_19.jpg', 'type': 'known', 'thisN': 17, 'thisTrialN': 17, 'thisRepN': 0}>
66.3057 	EXP 	faces_image: autoDraw = False
67.2847 	EXP 	fixation: autoDraw = True
68.2527 	WARNING 	Requested image 'faces/known/known_19.jpg' not found but similar filename 'faces/known/known_19.png' exists. This will be used instead but changing the filename is advised.
68.3075 	INFO 	Keyboard events cleared
68.3073 	EXP 	fixation: autoDraw = False
68.3073 	EXP 	fixation: autoDraw = False
68.3073 	EXP 	faces_image: image = 'faces/known/known_19.jpg'
68.3073 	EXP 	faces_image: autoDraw = True
69.2122 	DATA 	Keypress: space
70.2579 	EXP 	New trial (rep=0, index=18): <Trial 18 (18 in rep 0) data={'block': 2, 'trial': 19, 'image': 'faces/known/known_123.jpg', 'type': 'known', 'thisN': 18, 'thisTrialN': 18, 'thisRepN': 0}>
70.2595 	EXP 	faces_image: autoDraw = False
71.2410 	EXP 	fixation: autoDraw = True
71.8541 	WARNING 	Requested image 'faces/known/known_123.jpg' not found but similar filename 'faces/known/known_123.png' exists. This will be used instead but changing the filename is advised.
71.8849 	INFO 	Keyboard events cleared
71.8844 	EXP 	fixation: autoDraw = False
71.8844 	EXP 	fixation: autoDraw = False
71.8844 	EXP 	faces_image: image = 'faces/known/known_123.jpg'
71.8844 	EXP 	faces_image: autoDraw = True
72.5820 	DATA 	Keypress: space
73.8562 	EXP 	New trial (rep=0, index=19): <Trial 19 (19 in rep 0) data={'block': 2, 'trial': 20, 'image': 'faces/unknown/unknown_5.jpg', 'type': 'unknown', 'thisN': 19, 'thisTrialN': 19, 'thisRepN': 0}>
73.8594 	EXP 	faces_image: autoDraw = False
74.8428 	EXP 	fixation: autoDraw = True
75.6310 	INFO 	Keyboard events cleared
75.6304 	EXP 	fixation: autoDraw = False
75.6304 	EXP 	fixation: autoDraw = False
75.6304 	EXP 	faces_image: image = 'faces/unknown/unknown_5.jpg'
75.6304 	EXP 	faces_image: autoDraw = True
77.5764 	EXP 	New trial (rep=0, index=20): <Trial 20 (20 in rep 0) data={'block': 2, 'trial': 21, 'image': 'faces/known/known_25.jpg', 'type': 'known', 'thisN': 20, 'thisTrialN': 20, 'thisRepN': 0}>
77.5802 	EXP 	faces_image: autoDraw = False
78.5639 	EXP 	fixation: autoDraw = True
79.2810 	WARNING 	Requested image 'faces/known/known_25.jpg' not found but similar filename 'faces/known/known_25.png' exists. This will be used instead but changing the filename is advised.
79.3307 	INFO 	Keyboard events cleared
79.3300 	EXP 	fixation: autoDraw = False
79.3300 	EXP 	fixation: autoDraw = False
79.3300 	EXP 	faces_image: image = 'faces/known/known_25.jpg'
79.3300 	EXP 	faces_image: autoDraw = True
80.2537 	DATA 	Keypress: space
81.2847 	EXP 	New trial (rep=0, index=21): <Trial 21 (21 in rep 0) data={'block': 2, 'trial': 22, 'image': 'faces/known/known_93.jpg', 'type': 'known', 'thisN': 21, 'thisTrialN': 21, 'thisRepN': 0}>
81.2885 	EXP 	faces_image: autoDraw = False
82.2678 	EXP 	fixation: autoDraw = True
82.8702 	WARNING 	Requested image 'faces/known/known_93.jpg' not found but similar filename 'faces/known/known_93.png' exists. This will be used instead but changing the filename is advised.
82.9017 	INFO 	Keyboard events cleared
82.9013 	EXP 	fixation: autoDraw = False
82.9013 	EXP 	fixation: autoDraw = False
82.9013 	EXP 	faces_image: image = 'faces/known/known_93.jpg'
82.9013 	EXP 	faces_image: autoDraw = True
83.5533 	DATA 	Keypress: space
84.8723 	EXP 	New trial (rep=0, index=22): <Trial 22 (22 in rep 0) data={'block': 2, 'trial': 23, 'image': 'faces/unknown/unknown_139.jpg', 'type': 'unknown', 'thisN': 22, 'thisTrialN': 22, 'thisRepN': 0}>
84.8763 	EXP 	faces_image: autoDraw = False
85.8606 	EXP 	fixation: autoDraw = True
86.5085 	INFO 	Keyboard events cleared
86.5082 	EXP 	fixation: autoDraw = False
86.5082 	EXP 	fixation: autoDraw = False
86.5082 	EXP 	faces_image: image = 'faces/unknown/unknown_139.jpg'
86.5082 	EXP 	faces_image: autoDraw = True
88.4516 	EXP 	New trial (rep=0, index=23): <Trial 23 (23 in rep 0) data={'block': 2, 'trial': 24, 'image': 'faces/known/known_95.jpg', 'type': 'known', 'thisN': 23, 'thisTrialN': 23, 'thisRepN': 0}>
88.4555 	EXP 	faces_image: autoDraw = False
89.4387 	EXP 	fixation: autoDraw = True
90.2571 	WARNING 	Requested image 'faces/known/known_95.jpg' not found but similar filename 'faces/known/known_95.png' exists. This will be used instead but changing the filename is advised.
90.2890 	INFO 	Keyboard events cleared
90.2887 	EXP 	fixation: autoDraw = False
90.2887 	EXP 	fixation: autoDraw = False
90.2887 	EXP 	faces_image: image = 'faces/known/known_95.jpg'
90.2887 	EXP 	faces_image: autoDraw = True
90.8477 	DATA 	Keypress: space
92.2596 	EXP 	New trial (rep=0, index=24): <Trial 24 (24 in rep 0) data={'block': 2, 'trial': 25, 'image': 'faces/unknown/unknown_95.jpg', 'type': 'unknown', 'thisN': 24, 'thisTrialN': 24, 'thisRepN': 0}>
92.2641 	EXP 	faces_image: autoDraw = False
93.2432 	EXP 	fixation: autoDraw = True
93.9162 	INFO 	Keyboard events cleared
93.9157 	EXP 	fixation: autoDraw = False
93.9157 	EXP 	fixation: autoDraw = False
93.9157 	EXP 	faces_image: image = 'faces/unknown/unknown_95.jpg'
93.9157 	EXP 	faces_image: autoDraw = True
95.8680 	EXP 	New trial (rep=0, index=25): <Trial 25 (25 in rep 0) data={'block': 2, 'trial': 26, 'image': 'faces/unknown/unknown_138.jpg', 'type': 'unknown', 'thisN': 25, 'thisTrialN': 25, 'thisRepN': 0}>
95.8719 	EXP 	faces_image: autoDraw = False
96.8514 	EXP 	fixation: autoDraw = True
97.8441 	INFO 	Keyboard events cleared
97.8439 	EXP 	fixation: autoDraw = False
97.8439 	EXP 	fixation: autoDraw = False
97.8439 	EXP 	faces_image: image = 'faces/unknown/unknown_138.jpg'
97.8439 	EXP 	faces_image: autoDraw = True
99.7971 	EXP 	New trial (rep=0, index=26): <Trial 26 (26 in rep 0) data={'block': 2, 'trial': 27, 'image': 'faces/known/known_87.jpg', 'type': 'known', 'thisN': 26, 'thisTrialN': 26, 'thisRepN': 0}>
99.8012 	EXP 	faces_image: autoDraw = False
100.7847 	EXP 	fixation: autoDraw = True
101.3866 	WARNING 	Requested image 'faces/known/known_87.jpg' not found but similar filename 'faces/known/known_87.png' exists. This will be used instead but changing the filename is advised.
101.4133 	INFO 	Keyboard events cleared
101.4131 	EXP 	fixation: autoDraw = False
101.4131 	EXP 	fixation: autoDraw = False
101.4131 	EXP 	faces_image: image = 'faces/known/known_87.jpg'
101.4131 	EXP 	faces_image: autoDraw = True
101.9662 	DATA 	Keypress: space
103.3890 	EXP 	New trial (rep=0, index=27): <Trial 27 (27 in rep 0) data={'block': 2, 'trial': 28, 'image': 'faces/known/known_22.jpg', 'type': 'known', 'thisN': 27, 'thisTrialN': 27, 'thisRepN': 0}>
103.3928 	EXP 	faces_image: autoDraw = False
104.3726 	EXP 	fixation: autoDraw = True
104.9897 	WARNING 	Requested image 'faces/known/known_22.jpg' not found but similar filename 'faces/known/known_22.png' exists. This will be used instead but changing the filename is advised.
105.0445 	INFO 	Keyboard events cleared
105.0442 	EXP 	fixation: autoDraw = False
105.0442 	EXP 	fixation: autoDraw = False
105.0442 	EXP 	faces_image: image = 'faces/known/known_22.jpg'
105.0442 	EXP 	faces_image: autoDraw = True
105.8701 	DATA 	Keypress: space
106.9930 	EXP 	New trial (rep=0, index=28): <Trial 28 (28 in rep 0) data={'block': 2, 'trial': 29, 'image': 'faces/known/known_66.jpg', 'type': 'known', 'thisN': 28, 'thisTrialN': 28, 'thisRepN': 0}>
106.9970 	EXP 	faces_image: autoDraw = False
107.9760 	EXP 	fixation: autoDraw = True
108.7354 	WARNING 	Requested image 'faces/known/known_66.jpg' not found but similar filename 'faces/known/known_66.png' exists. This will be used instead but changing the filename is advised.
108.7632 	INFO 	Keyboard events cleared
108.7629 	EXP 	fixation: autoDraw = False
108.7629 	EXP 	fixation: autoDraw = False
108.7629 	EXP 	faces_image: image = 'faces/known/known_66.jpg'
108.7629 	EXP 	faces_image: autoDraw = True
109.6243 	DATA 	Keypress: space
110.7393 	EXP 	New trial (rep=0, index=29): <Trial 29 (29 in rep 0) data={'block': 2, 'trial': 30, 'image': 'faces/known/known_26.jpg', 'type': 'known', 'thisN': 29, 'thisTrialN': 29, 'thisRepN': 0}>
110.7432 	EXP 	faces_image: autoDraw = False
111.7218 	EXP 	fixation: autoDraw = True
112.3487 	WARNING 	Requested image 'faces/known/known_26.jpg' not found but similar filename 'faces/known/known_26.png' exists. This will be used instead but changing the filename is advised.
112.4176 	INFO 	Keyboard events cleared
112.4173 	EXP 	fixation: autoDraw = False
112.4173 	EXP 	fixation: autoDraw = False
112.4173 	EXP 	faces_image: image = 'faces/known/known_26.jpg'
112.4173 	EXP 	faces_image: autoDraw = True
113.3778 	DATA 	Keypress: space
114.3511 	EXP 	New trial (rep=0, index=30): <Trial 30 (30 in rep 0) data={'block': 2, 'trial': 31, 'image': 'faces/unknown/unknown_292.jpg', 'type': 'unknown', 'thisN': 30, 'thisTrialN': 30, 'thisRepN': 0}>
114.3552 	EXP 	faces_image: autoDraw = False
115.3345 	EXP 	fixation: autoDraw = True
116.2985 	INFO 	Keyboard events cleared
116.2983 	EXP 	fixation: autoDraw = False
116.2983 	EXP 	fixation: autoDraw = False
116.2983 	EXP 	faces_image: image = 'faces/unknown/unknown_292.jpg'
116.2983 	EXP 	faces_image: autoDraw = True
118.2512 	EXP 	New trial (rep=0, index=31): <Trial 31 (31 in rep 0) data={'block': 2, 'trial': 32, 'image': 'faces/unknown/unknown_200.jpg', 'type': 'unknown', 'thisN': 31, 'thisTrialN': 31, 'thisRepN': 0}>
118.2555 	EXP 	faces_image: autoDraw = False
119.2388 	EXP 	fixation: autoDraw = True
119.9831 	INFO 	Keyboard events cleared
119.9828 	EXP 	fixation: autoDraw = False
119.9828 	EXP 	fixation: autoDraw = False
119.9828 	EXP 	faces_image: image = 'faces/unknown/unknown_200.jpg'
119.9828 	EXP 	faces_image: autoDraw = True
121.9221 	EXP 	New trial (rep=0, index=32): <Trial 32 (32 in rep 0) data={'block': 2, 'trial': 33, 'image': 'faces/known/known_91.jpg', 'type': 'known', 'thisN': 32, 'thisTrialN': 32, 'thisRepN': 0}>
121.9265 	EXP 	faces_image: autoDraw = False
122.9055 	EXP 	fixation: autoDraw = True
123.6524 	WARNING 	Requested image 'faces/known/known_91.jpg' not found but similar filename 'faces/known/known_91.png' exists. This will be used instead but changing the filename is advised.
123.6872 	INFO 	Keyboard events cleared
123.6867 	EXP 	fixation: autoDraw = False
123.6867 	EXP 	fixation: autoDraw = False
123.6867 	EXP 	faces_image: image = 'faces/known/known_91.jpg'
123.6867 	EXP 	faces_image: autoDraw = True
124.5608 	DATA 	Keypress: space
125.6557 	EXP 	New trial (rep=0, index=33): <Trial 33 (33 in rep 0) data={'block': 2, 'trial': 34, 'image': 'faces/unknown/unknown_57.jpg', 'type': 'unknown', 'thisN': 33, 'thisTrialN': 33, 'thisRepN': 0}>
125.6594 	EXP 	faces_image: autoDraw = False
126.6386 	EXP 	fixation: autoDraw = True
127.4406 	INFO 	Keyboard events cleared
127.4403 	EXP 	fixation: autoDraw = False
127.4403 	EXP 	fixation: autoDraw = False
127.4403 	EXP 	faces_image: image = 'faces/unknown/unknown_57.jpg'
127.4403 	EXP 	faces_image: autoDraw = True
129.3846 	EXP 	New trial (rep=0, index=34): <Trial 34 (34 in rep 0) data={'block': 2, 'trial': 35, 'image': 'faces/unknown/unknown_21.jpg', 'type': 'unknown', 'thisN': 34, 'thisTrialN': 34, 'thisRepN': 0}>
129.3888 	EXP 	faces_image: autoDraw = False
130.3682 	EXP 	fixation: autoDraw = True
131.3762 	INFO 	Keyboard events cleared
131.3760 	EXP 	fixation: autoDraw = False
131.3760 	EXP 	fixation: autoDraw = False
131.3760 	EXP 	faces_image: image = 'faces/unknown/unknown_21.jpg'
131.3760 	EXP 	faces_image: autoDraw = True
133.3162 	EXP 	New trial (rep=0, index=35): <Trial 35 (35 in rep 0) data={'block': 2, 'trial': 36, 'image': 'faces/known/known_42.jpg', 'type': 'known', 'thisN': 35, 'thisTrialN': 35, 'thisRepN': 0}>
133.3249 	EXP 	faces_image: autoDraw = False
134.3073 	EXP 	fixation: autoDraw = True
134.9022 	WARNING 	Requested image 'faces/known/known_42.jpg' not found but similar filename 'faces/known/known_42.png' exists. This will be used instead but changing the filename is advised.
134.9311 	INFO 	Keyboard events cleared
134.9309 	EXP 	fixation: autoDraw = False
134.9309 	EXP 	fixation: autoDraw = False
134.9309 	EXP 	faces_image: image = 'faces/known/known_42.jpg'
134.9309 	EXP 	faces_image: autoDraw = True
135.6940 	DATA 	Keypress: space
136.9054 	EXP 	New trial (rep=0, index=36): <Trial 36 (36 in rep 0) data={'block': 2, 'trial': 37, 'image': 'faces/known/known_82.jpg', 'type': 'known', 'thisN': 36, 'thisTrialN': 36, 'thisRepN': 0}>
136.9095 	EXP 	faces_image: autoDraw = False
137.8886 	EXP 	fixation: autoDraw = True
138.5286 	WARNING 	Requested image 'faces/known/known_82.jpg' not found but similar filename 'faces/known/known_82.png' exists. This will be used instead but changing the filename is advised.
138.5536 	INFO 	Keyboard events cleared
138.5534 	EXP 	fixation: autoDraw = False
138.5534 	EXP 	fixation: autoDraw = False
138.5534 	EXP 	faces_image: image = 'faces/known/known_82.jpg'
138.5534 	EXP 	faces_image: autoDraw = True
139.3117 	DATA 	Keypress: space
140.5308 	EXP 	New trial (rep=0, index=37): <Trial 37 (37 in rep 0) data={'block': 2, 'trial': 38, 'image': 'faces/known/known_147.jpg', 'type': 'known', 'thisN': 37, 'thisTrialN': 37, 'thisRepN': 0}>
140.5344 	EXP 	faces_image: autoDraw = False
141.5182 	EXP 	fixation: autoDraw = True
142.3454 	WARNING 	Requested image 'faces/known/known_147.jpg' not found but similar filename 'faces/known/known_147.png' exists. This will be used instead but changing the filename is advised.
142.3775 	INFO 	Keyboard events cleared
142.3772 	EXP 	fixation: autoDraw = False
142.3772 	EXP 	fixation: autoDraw = False
142.3772 	EXP 	faces_image: image = 'faces/known/known_147.jpg'
142.3772 	EXP 	faces_image: autoDraw = True
143.0275 	DATA 	Keypress: space
144.3475 	EXP 	New trial (rep=0, index=38): <Trial 38 (38 in rep 0) data={'block': 2, 'trial': 39, 'image': 'faces/known/known_29.jpg', 'type': 'known', 'thisN': 38, 'thisTrialN': 38, 'thisRepN': 0}>
144.3510 	EXP 	faces_image: autoDraw = False
145.3345 	EXP 	fixation: autoDraw = True
146.2025 	WARNING 	Requested image 'faces/known/known_29.jpg' not found but similar filename 'faces/known/known_29.png' exists. This will be used instead but changing the filename is advised.
146.2537 	INFO 	Keyboard events cleared
146.2534 	EXP 	fixation: autoDraw = False
146.2534 	EXP 	fixation: autoDraw = False
146.2534 	EXP 	faces_image: image = 'faces/known/known_29.jpg'
146.2534 	EXP 	faces_image: autoDraw = True
148.1280 	DATA 	Keypress: space
148.2058 	EXP 	New trial (rep=0, index=39): <Trial 39 (39 in rep 0) data={'block': 2, 'trial': 40, 'image': 'faces/known/known_116.jpg', 'type': 'known', 'thisN': 39, 'thisTrialN': 39, 'thisRepN': 0}>
148.2094 	EXP 	faces_image: autoDraw = False
149.1927 	EXP 	fixation: autoDraw = True
150.0818 	WARNING 	Requested image 'faces/known/known_116.jpg' not found but similar filename 'faces/known/known_116.png' exists. This will be used instead but changing the filename is advised.
150.1135 	INFO 	Keyboard events cleared
150.1130 	EXP 	fixation: autoDraw = False
150.1130 	EXP 	fixation: autoDraw = False
150.1130 	EXP 	faces_image: image = 'faces/known/known_116.jpg'
150.1130 	EXP 	faces_image: autoDraw = True
150.7510 	DATA 	Keypress: space
152.0847 	EXP 	New trial (rep=0, index=40): <Trial 40 (40 in rep 0) data={'block': 2, 'trial': 41, 'image': 'faces/unknown/unknown_167.jpg', 'type': 'unknown', 'thisN': 40, 'thisTrialN': 40, 'thisRepN': 0}>
152.0888 	EXP 	faces_image: autoDraw = False
153.0718 	EXP 	fixation: autoDraw = True
154.0657 	INFO 	Keyboard events cleared
154.0654 	EXP 	fixation: autoDraw = False
154.0654 	EXP 	fixation: autoDraw = False
154.0654 	EXP 	faces_image: image = 'faces/unknown/unknown_167.jpg'
154.0654 	EXP 	faces_image: autoDraw = True
156.0261 	EXP 	New trial (rep=0, index=41): <Trial 41 (41 in rep 0) data={'block': 2, 'trial': 42, 'image': 'faces/unknown/unknown_275.jpg', 'type': 'unknown', 'thisN': 41, 'thisTrialN': 41, 'thisRepN': 0}>
156.0303 	EXP 	faces_image: autoDraw = False
157.0097 	EXP 	fixation: autoDraw = True
157.7335 	INFO 	Keyboard events cleared
157.7332 	EXP 	fixation: autoDraw = False
157.7332 	EXP 	fixation: autoDraw = False
157.7332 	EXP 	faces_image: image = 'faces/unknown/unknown_275.jpg'
157.7332 	EXP 	faces_image: autoDraw = True
159.6888 	EXP 	New trial (rep=0, index=42): <Trial 42 (42 in rep 0) data={'block': 2, 'trial': 43, 'image': 'faces/known/known_4.jpg', 'type': 'known', 'thisN': 42, 'thisTrialN': 42, 'thisRepN': 0}>
159.6927 	EXP 	faces_image: autoDraw = False
160.6720 	EXP 	fixation: autoDraw = True
161.6160 	WARNING 	Requested image 'faces/known/known_4.jpg' not found but similar filename 'faces/known/known_4.png' exists. This will be used instead but changing the filename is advised.
161.6635 	INFO 	Keyboard events cleared
161.6632 	EXP 	fixation: autoDraw = False
161.6632 	EXP 	fixation: autoDraw = False
161.6632 	EXP 	faces_image: image = 'faces/known/known_4.jpg'
161.6632 	EXP 	faces_image: autoDraw = True
162.3111 	DATA 	Keypress: space
163.6183 	EXP 	New trial (rep=0, index=43): <Trial 43 (43 in rep 0) data={'block': 2, 'trial': 44, 'image': 'faces/unknown/unknown_17.jpg', 'type': 'unknown', 'thisN': 43, 'thisTrialN': 43, 'thisRepN': 0}>
163.6219 	EXP 	faces_image: autoDraw = False
164.6053 	EXP 	fixation: autoDraw = True
165.3160 	INFO 	Keyboard events cleared
165.3157 	EXP 	fixation: autoDraw = False
165.3157 	EXP 	fixation: autoDraw = False
165.3157 	EXP 	faces_image: image = 'faces/unknown/unknown_17.jpg'
165.3157 	EXP 	faces_image: autoDraw = True
167.2638 	EXP 	New trial (rep=0, index=44): <Trial 44 (44 in rep 0) data={'block': 2, 'trial': 45, 'image': 'faces/known/known_64.jpg', 'type': 'known', 'thisN': 44, 'thisTrialN': 44, 'thisRepN': 0}>
167.2679 	EXP 	faces_image: autoDraw = False
168.2469 	EXP 	fixation: autoDraw = True
169.0565 	WARNING 	Requested image 'faces/known/known_64.jpg' not found but similar filename 'faces/known/known_64.png' exists. This will be used instead but changing the filename is advised.
169.0816 	INFO 	Keyboard events cleared
169.0812 	EXP 	fixation: autoDraw = False
169.0812 	EXP 	fixation: autoDraw = False
169.0812 	EXP 	faces_image: image = 'faces/known/known_64.jpg'
169.0812 	EXP 	faces_image: autoDraw = True
169.6536 	DATA 	Keypress: space
171.0595 	EXP 	New trial (rep=0, index=45): <Trial 45 (45 in rep 0) data={'block': 2, 'trial': 46, 'image': 'faces/unknown/unknown_237.jpg', 'type': 'unknown', 'thisN': 45, 'thisTrialN': 45, 'thisRepN': 0}>
171.0634 	EXP 	faces_image: autoDraw = False
172.0473 	EXP 	fixation: autoDraw = True
172.9681 	INFO 	Keyboard events cleared
172.9678 	EXP 	fixation: autoDraw = False
172.9678 	EXP 	fixation: autoDraw = False
172.9678 	EXP 	faces_image: image = 'faces/unknown/unknown_237.jpg'
172.9678 	EXP 	faces_image: autoDraw = True
174.9138 	EXP 	New trial (rep=0, index=46): <Trial 46 (46 in rep 0) data={'block': 2, 'trial': 47, 'image': 'faces/unknown/unknown_288.jpg', 'type': 'unknown', 'thisN': 46, 'thisTrialN': 46, 'thisRepN': 0}>
174.9178 	EXP 	faces_image: autoDraw = False
175.9009 	EXP 	fixation: autoDraw = True
176.8582 	INFO 	Keyboard events cleared
176.8578 	EXP 	fixation: autoDraw = False
176.8578 	EXP 	fixation: autoDraw = False
176.8578 	EXP 	faces_image: image = 'faces/unknown/unknown_288.jpg'
176.8578 	EXP 	faces_image: autoDraw = True
178.8096 	EXP 	New trial (rep=0, index=47): <Trial 47 (47 in rep 0) data={'block': 2, 'trial': 48, 'image': 'faces/unknown/unknown_198.jpg', 'type': 'unknown', 'thisN': 47, 'thisTrialN': 47, 'thisRepN': 0}>
178.8136 	EXP 	faces_image: autoDraw = False
179.7931 	EXP 	fixation: autoDraw = True
180.5965 	INFO 	Keyboard events cleared
180.5963 	EXP 	fixation: autoDraw = False
180.5963 	EXP 	fixation: autoDraw = False
180.5963 	EXP 	faces_image: image = 'faces/unknown/unknown_198.jpg'
180.5963 	EXP 	faces_image: autoDraw = True
182.5430 	EXP 	New trial (rep=0, index=48): <Trial 48 (48 in rep 0) data={'block': 2, 'trial': 49, 'image': 'faces/unknown/unknown_168.jpg', 'type': 'unknown', 'thisN': 48, 'thisTrialN': 48, 'thisRepN': 0}>
182.5470 	EXP 	faces_image: autoDraw = False
183.5263 	EXP 	fixation: autoDraw = True
184.5133 	INFO 	Keyboard events cleared
184.5130 	EXP 	fixation: autoDraw = False
184.5130 	EXP 	fixation: autoDraw = False
184.5130 	EXP 	faces_image: image = 'faces/unknown/unknown_168.jpg'
184.5130 	EXP 	faces_image: autoDraw = True
186.4719 	EXP 	New trial (rep=0, index=49): <Trial 49 (49 in rep 0) data={'block': 2, 'trial': 50, 'image': 'faces/known/known_90.jpg', 'type': 'known', 'thisN': 49, 'thisTrialN': 49, 'thisRepN': 0}>
186.4761 	EXP 	faces_image: autoDraw = False
187.4555 	EXP 	fixation: autoDraw = True
188.2606 	WARNING 	Requested image 'faces/known/known_90.jpg' not found but similar filename 'faces/known/known_90.png' exists. This will be used instead but changing the filename is advised.
188.2936 	INFO 	Keyboard events cleared
188.2932 	EXP 	fixation: autoDraw = False
188.2932 	EXP 	fixation: autoDraw = False
188.2932 	EXP 	faces_image: image = 'faces/known/known_90.jpg'
188.2932 	EXP 	faces_image: autoDraw = True
188.9281 	DATA 	Keypress: space
190.2639 	EXP 	New trial (rep=0, index=50): <Trial 50 (50 in rep 0) data={'block': 2, 'trial': 51, 'image': 'faces/known/known_77.jpg', 'type': 'known', 'thisN': 50, 'thisTrialN': 50, 'thisRepN': 0}>
190.2678 	EXP 	faces_image: autoDraw = False
191.2472 	EXP 	fixation: autoDraw = True
191.9536 	WARNING 	Requested image 'faces/known/known_77.jpg' not found but similar filename 'faces/known/known_77.png' exists. This will be used instead but changing the filename is advised.
191.9811 	INFO 	Keyboard events cleared
191.9808 	EXP 	fixation: autoDraw = False
191.9808 	EXP 	fixation: autoDraw = False
191.9808 	EXP 	faces_image: image = 'faces/known/known_77.jpg'
191.9808 	EXP 	faces_image: autoDraw = True
192.9994 	DATA 	Keypress: space
193.9556 	EXP 	New trial (rep=0, index=51): <Trial 51 (51 in rep 0) data={'block': 2, 'trial': 52, 'image': 'faces/unknown/unknown_223.jpg', 'type': 'unknown', 'thisN': 51, 'thisTrialN': 51, 'thisRepN': 0}>
193.9594 	EXP 	faces_image: autoDraw = False
194.9430 	EXP 	fixation: autoDraw = True
195.9501 	INFO 	Keyboard events cleared
195.9499 	EXP 	fixation: autoDraw = False
195.9499 	EXP 	fixation: autoDraw = False
195.9499 	EXP 	faces_image: image = 'faces/unknown/unknown_223.jpg'
195.9499 	EXP 	faces_image: autoDraw = True
197.9016 	EXP 	New trial (rep=0, index=52): <Trial 52 (52 in rep 0) data={'block': 2, 'trial': 53, 'image': 'faces/unknown/unknown_64.jpg', 'type': 'unknown', 'thisN': 52, 'thisTrialN': 52, 'thisRepN': 0}>
197.9055 	EXP 	faces_image: autoDraw = False
198.8891 	EXP 	fixation: autoDraw = True
199.6814 	INFO 	Keyboard events cleared
199.6811 	EXP 	fixation: autoDraw = False
199.6811 	EXP 	fixation: autoDraw = False
199.6811 	EXP 	faces_image: image = 'faces/unknown/unknown_64.jpg'
199.6811 	EXP 	faces_image: autoDraw = True
201.6347 	EXP 	New trial (rep=0, index=53): <Trial 53 (53 in rep 0) data={'block': 2, 'trial': 54, 'image': 'faces/unknown/unknown_245.jpg', 'type': 'unknown', 'thisN': 53, 'thisTrialN': 53, 'thisRepN': 0}>
201.6386 	EXP 	faces_image: autoDraw = False
202.6177 	EXP 	fixation: autoDraw = True
203.5726 	INFO 	Keyboard events cleared
203.5722 	EXP 	fixation: autoDraw = False
203.5722 	EXP 	fixation: autoDraw = False
203.5722 	EXP 	faces_image: image = 'faces/unknown/unknown_245.jpg'
203.5722 	EXP 	faces_image: autoDraw = True
205.5180 	EXP 	New trial (rep=0, index=54): <Trial 54 (54 in rep 0) data={'block': 2, 'trial': 55, 'image': 'faces/known/known_35.jpg', 'type': 'known', 'thisN': 54, 'thisTrialN': 54, 'thisRepN': 0}>
205.5218 	EXP 	faces_image: autoDraw = False
206.5010 	EXP 	fixation: autoDraw = True
207.2675 	WARNING 	Requested image 'faces/known/known_35.jpg' not found but similar filename 'faces/known/known_35.png' exists. This will be used instead but changing the filename is advised.
207.3149 	INFO 	Keyboard events cleared
207.3143 	EXP 	fixation: autoDraw = False
207.3143 	EXP 	fixation: autoDraw = False
207.3143 	EXP 	faces_image: image = 'faces/known/known_35.jpg'
207.3143 	EXP 	faces_image: autoDraw = True
207.9752 	DATA 	Keypress: space
209.2680 	EXP 	New trial (rep=0, index=55): <Trial 55 (55 in rep 0) data={'block': 2, 'trial': 56, 'image': 'faces/known/known_44.jpg', 'type': 'known', 'thisN': 55, 'thisTrialN': 55, 'thisRepN': 0}>
209.2718 	EXP 	faces_image: autoDraw = False
210.2554 	EXP 	fixation: autoDraw = True
211.0856 	WARNING 	Requested image 'faces/known/known_44.jpg' not found but similar filename 'faces/known/known_44.png' exists. This will be used instead but changing the filename is advised.
211.1172 	INFO 	Keyboard events cleared
211.1168 	EXP 	fixation: autoDraw = False
211.1168 	EXP 	fixation: autoDraw = False
211.1168 	EXP 	faces_image: image = 'faces/known/known_44.jpg'
211.1168 	EXP 	faces_image: autoDraw = True
211.9525 	DATA 	Keypress: space
213.0887 	EXP 	New trial (rep=0, index=56): <Trial 56 (56 in rep 0) data={'block': 2, 'trial': 57, 'image': 'faces/unknown/unknown_96.jpg', 'type': 'unknown', 'thisN': 56, 'thisTrialN': 56, 'thisRepN': 0}>
213.0926 	EXP 	faces_image: autoDraw = False
214.0718 	EXP 	fixation: autoDraw = True
214.8329 	INFO 	Keyboard events cleared
214.8325 	EXP 	fixation: autoDraw = False
214.8325 	EXP 	fixation: autoDraw = False
214.8325 	EXP 	faces_image: image = 'faces/unknown/unknown_96.jpg'
214.8325 	EXP 	faces_image: autoDraw = True
216.7805 	EXP 	New trial (rep=0, index=57): <Trial 57 (57 in rep 0) data={'block': 2, 'trial': 58, 'image': 'faces/known/known_30.jpg', 'type': 'known', 'thisN': 57, 'thisTrialN': 57, 'thisRepN': 0}>
216.7843 	EXP 	faces_image: autoDraw = False
217.7678 	EXP 	fixation: autoDraw = True
218.6909 	WARNING 	Requested image 'faces/known/known_30.jpg' not found but similar filename 'faces/known/known_30.png' exists. This will be used instead but changing the filename is advised.
218.7251 	INFO 	Keyboard events cleared
218.7247 	EXP 	fixation: autoDraw = False
218.7247 	EXP 	fixation: autoDraw = False
218.7247 	EXP 	faces_image: image = 'faces/known/known_30.jpg'
218.7247 	EXP 	faces_image: autoDraw = True
219.4786 	DATA 	Keypress: space
220.6929 	EXP 	New trial (rep=0, index=58): <Trial 58 (58 in rep 0) data={'block': 2, 'trial': 59, 'image': 'faces/known/known_40.jpg', 'type': 'known', 'thisN': 58, 'thisTrialN': 58, 'thisRepN': 0}>
220.6968 	EXP 	faces_image: autoDraw = False
221.6802 	EXP 	fixation: autoDraw = True
222.4355 	WARNING 	Requested image 'faces/known/known_40.jpg' not found but similar filename 'faces/known/known_40.png' exists. This will be used instead but changing the filename is advised.
222.4622 	INFO 	Keyboard events cleared
222.4619 	EXP 	fixation: autoDraw = False
222.4619 	EXP 	fixation: autoDraw = False
222.4619 	EXP 	faces_image: image = 'faces/known/known_40.jpg'
222.4619 	EXP 	faces_image: autoDraw = True
223.3647 	DATA 	Keypress: space
224.4389 	EXP 	New trial (rep=0, index=59): <Trial 59 (59 in rep 0) data={'block': 2, 'trial': 60, 'image': 'faces/known/known_3.jpg', 'type': 'known', 'thisN': 59, 'thisTrialN': 59, 'thisRepN': 0}>
224.4428 	EXP 	faces_image: autoDraw = False
225.4222 	EXP 	fixation: autoDraw = True
226.1202 	WARNING 	Requested image 'faces/known/known_3.jpg' not found but similar filename 'faces/known/known_3.png' exists. This will be used instead but changing the filename is advised.
226.1631 	INFO 	Keyboard events cleared
226.1627 	EXP 	fixation: autoDraw = False
226.1627 	EXP 	fixation: autoDraw = False
226.1627 	EXP 	faces_image: image = 'faces/known/known_3.jpg'
226.1627 	EXP 	faces_image: autoDraw = True
227.0785 	DATA 	Keypress: space
228.1258 	EXP 	faces_image: autoDraw = False
228.1258 	EXP 	Endding: autoDraw = True
229.2177 	EXP 	Endding: autoDraw = False
229.2177 	EXP 	Endding: autoDraw = False
229.2178 	EXP 	project: status = STOPPED
229.2539 	INFO 	saved data to 'C:\\Users\\bcc35\\Downloads\\BCI-P300-project-main (1)\\BCI-P300-project-main\\data/102_project_2025-05-17_14h36.07.808.csv'
229.2552 	INFO 	saved data to C:\Users\bcc35\Downloads\BCI-P300-project-main (1)\BCI-P300-project-main\data/102_project_2025-05-17_14h36.07.808.psydat
