9.8972 	INFO 	Loaded monitor calibration from ['2025_05_17 12:48']
10.0517 	WARNING 	User requested fullscreen with size [1536  864], but screen is actually [1920, 1080]. Using actual size
10.4071 	EXP 	Created window1 = Window(allowGUI=False, allowStencil=False, autoLog=True, backendConf=UNKNOWN, backgroundFit=<method-wrapper '__getattribute__' of attributeSetter object at 0x0000014636B724D0>, backgroundImage=<method-wrapper '__getattribute__' of attributeSetter object at 0x0000014636B72530>, bitsMode=UNKNOWN, blendMode='avg', bpc=(8, 8, 8), color=array([0, 0, 0]), colorSpace='rgb', depthBits=8, fullscr=True, gamma=None, gammaErrorPolicy='raise', infoMsg=UNKNOWN, lms=UNKNOWN, monitor=<psychopy.monitors.calibTools.Monitor object at 0x0000014636C2DA80>, multiSample=False, name='window1', numSamples=2, pos=[0.0, 0.0], screen=0, size=array([1920, 1080]), stencilBits=0, stereo=False, title='PsychoPy', units='height', useFBO=True, useRetina=False, viewOri=0.0, viewPos=None, viewScale=None, waitBlanking=True, winType='pyglet')
10.4072 	EXP 	window1: backgroundImage = ''
10.4072 	EXP 	window1: backgroundFit = 'none'
10.4555 	EXP 	window1: Attempting to measure frame rate of screen (0) ...
10.4556 	EXP 	window1: recordFrameIntervals = False
10.5317 	EXP 	window1: recordFrameIntervals = True
10.7665 	EXP 	Screen (0) actual frame rate measured at 231.69Hz
10.7666 	EXP 	window1: recordFrameIntervals = False
13.1431 	INFO 	keyboard.Keyboard is using iohub backend.
13.1432 	INFO 	keyboard.Keyboard is using iohub backend.
13.1432 	INFO 	keyboard.Keyboard is using iohub backend.
13.1432 	EXP 	project: status = STARTED
13.2423 	EXP 	Created Start_text = TextStim(__class__=<class 'psychopy.visual.text.TextStim'>, alignHoriz=method-wrapper(...), alignText='center', alignVert=method-wrapper(...), anchorHoriz='center', anchorVert='center', antialias=True, autoDraw=False, autoLog=True, bold=False, color=array([1., 1., 1.]), colorSpace='rgb', contrast=1.0, depth=0.0, draggable=False, flipHoriz=False, flipVert=False, font='Arial', fontFiles=[], height=0.05, italic=False, languageStyle='LTR', name='Start_text', opacity=1, ori=0.0, pos=array([0., 0.]), rgb=UNKNOWN, text=str(...), units='height', win=Window(...), wrapWidth=1)
13.2576 	EXP 	Created fixation = ShapeStim(__class__=<class 'psychopy.visual.shape.ShapeStim'>, anchor=('center', 'center'), autoDraw=False, autoLog=True, closeShape=True, color=method-wrapper(...), colorSpace='rgb', contrast=None, depth=-1.0, draggable=False, fillColor=array([1, 1, 1]), fillColorSpace='rgb', fillRGB=array([1, 1, 1]), interpolate=True, lineColor=array([1., 1., 1.]), lineColorSpace='rgb', lineRGB=array([1, 1, 1]), lineWidth=1.0, name='fixation', opacity=1, ori=0.0, pos=array([0., 0.]), size=array([0.1, 0.1]), units='height', vertices=ndarray(...), win=Window(...), windingRule=None)
13.2839 	EXP 	Created faces_image = ImageStim(__class__=<class 'psychopy.visual.image.ImageStim'>, anchor=('center', 'center'), autoLog=True, color=array([1., 1., 1.]), colorSpace='rgb', contrast=1.0, depth=0.0, draggable=False, flipHoriz=False, flipVert=False, image='default.png', interpolate=True, mask=None, maskParams=None, name='faces_image', opacity=1, ori=0.0, pos=array([0., 0.]), size=array([0.5, 0.5]), texRes=128.0, units='height', win=Window(...))
13.2907 	EXP 	Created Endding = TextStim(__class__=<class 'psychopy.visual.text.TextStim'>, alignHoriz=method-wrapper(...), alignText='center', alignVert=method-wrapper(...), anchorHoriz='center', anchorVert='center', antialias=True, autoDraw=False, autoLog=True, bold=False, color=array([1., 1., 1.]), colorSpace='rgb', contrast=1.0, depth=-1.0, draggable=False, flipHoriz=False, flipVert=False, font='Arial', fontFiles=[], height=0.05, italic=False, languageStyle='LTR', name='Endding', opacity=1, ori=0.0, pos=array([0., 0.]), rgb=UNKNOWN, text='Endding block\nThankyou for your patient', units='height', win=Window(...), wrapWidth=1)
0.1580 	INFO 	Keyboard events cleared
0.1578 	EXP 	Start_text: autoDraw = True
2.5481 	EXP 	Imported blocks/block3.csv as conditions, 60 conditions, 4 params
2.5485 	EXP 	New trial (rep=0, index=0): <Trial 0 (0 in rep 0) data={'block': 3, 'trial': 1, 'image': 'faces/unknown/unknown_286.jpg', 'type': 'unknown', 'thisN': 0, 'thisTrialN': 0, 'thisRepN': 0}>
2.5492 	DATA 	Keypress: space
2.5508 	EXP 	Start_text: autoDraw = False
3.5363 	EXP 	fixation: autoDraw = True
4.2257 	INFO 	Keyboard events cleared
4.2254 	EXP 	fixation: autoDraw = False
4.2254 	EXP 	fixation: autoDraw = False
4.2254 	EXP 	faces_image: image = 'faces/unknown/unknown_286.jpg'
4.2254 	EXP 	faces_image: autoDraw = True
6.1702 	EXP 	New trial (rep=0, index=1): <Trial 1 (1 in rep 0) data={'block': 3, 'trial': 2, 'image': 'faces/known/known_11.jpg', 'type': 'known', 'thisN': 1, 'thisTrialN': 1, 'thisRepN': 0}>
6.1742 	EXP 	faces_image: autoDraw = False
7.1574 	EXP 	fixation: autoDraw = True
8.0218 	WARNING 	Requested image 'faces/known/known_11.jpg' not found but similar filename 'faces/known/known_11.png' exists. This will be used instead but changing the filename is advised.
8.0831 	INFO 	Keyboard events cleared
8.0829 	EXP 	fixation: autoDraw = False
8.0829 	EXP 	fixation: autoDraw = False
8.0829 	EXP 	faces_image: image = 'faces/known/known_11.jpg'
8.0829 	EXP 	faces_image: autoDraw = True
9.0595 	DATA 	Keypress: space
10.0247 	EXP 	New trial (rep=0, index=2): <Trial 2 (2 in rep 0) data={'block': 3, 'trial': 3, 'image': 'faces/known/known_92.jpg', 'type': 'known', 'thisN': 2, 'thisTrialN': 2, 'thisRepN': 0}>
10.0286 	EXP 	faces_image: autoDraw = False
11.0077 	EXP 	fixation: autoDraw = True
11.9072 	WARNING 	Requested image 'faces/known/known_92.jpg' not found but similar filename 'faces/known/known_92.png' exists. This will be used instead but changing the filename is advised.
11.9332 	INFO 	Keyboard events cleared
11.9330 	EXP 	fixation: autoDraw = False
11.9330 	EXP 	fixation: autoDraw = False
11.9330 	EXP 	faces_image: image = 'faces/known/known_92.jpg'
11.9330 	EXP 	faces_image: autoDraw = True
12.7857 	DATA 	Keypress: space
13.9078 	EXP 	New trial (rep=0, index=3): <Trial 3 (3 in rep 0) data={'block': 3, 'trial': 4, 'image': 'faces/known/known_120.jpg', 'type': 'known', 'thisN': 3, 'thisTrialN': 3, 'thisRepN': 0}>
13.9118 	EXP 	faces_image: autoDraw = False
14.8949 	EXP 	fixation: autoDraw = True
15.8046 	WARNING 	Requested image 'faces/known/known_120.jpg' not found but similar filename 'faces/known/known_120.png' exists. This will be used instead but changing the filename is advised.
15.8389 	INFO 	Keyboard events cleared
15.8386 	EXP 	fixation: autoDraw = False
15.8386 	EXP 	fixation: autoDraw = False
15.8386 	EXP 	faces_image: image = 'faces/known/known_120.jpg'
15.8386 	EXP 	faces_image: autoDraw = True
16.6894 	DATA 	Keypress: space
17.8077 	EXP 	New trial (rep=0, index=4): <Trial 4 (4 in rep 0) data={'block': 3, 'trial': 5, 'image': 'faces/unknown/unknown_90.jpg', 'type': 'unknown', 'thisN': 4, 'thisTrialN': 4, 'thisRepN': 0}>
17.8116 	EXP 	faces_image: autoDraw = False
18.7910 	EXP 	fixation: autoDraw = True
19.4384 	INFO 	Keyboard events cleared
19.4381 	EXP 	fixation: autoDraw = False
19.4381 	EXP 	fixation: autoDraw = False
19.4381 	EXP 	faces_image: image = 'faces/unknown/unknown_90.jpg'
19.4381 	EXP 	faces_image: autoDraw = True
21.3920 	EXP 	New trial (rep=0, index=5): <Trial 5 (5 in rep 0) data={'block': 3, 'trial': 6, 'image': 'faces/unknown/unknown_34.jpg', 'type': 'unknown', 'thisN': 5, 'thisTrialN': 5, 'thisRepN': 0}>
21.3950 	EXP 	faces_image: autoDraw = False
22.3786 	EXP 	fixation: autoDraw = True
23.1973 	INFO 	Keyboard events cleared
23.1970 	EXP 	fixation: autoDraw = False
23.1970 	EXP 	fixation: autoDraw = False
23.1970 	EXP 	faces_image: image = 'faces/unknown/unknown_34.jpg'
23.1970 	EXP 	faces_image: autoDraw = True
25.1452 	EXP 	New trial (rep=0, index=6): <Trial 6 (6 in rep 0) data={'block': 3, 'trial': 7, 'image': 'faces/unknown/unknown_9.jpg', 'type': 'unknown', 'thisN': 6, 'thisTrialN': 6, 'thisRepN': 0}>
25.1492 	EXP 	faces_image: autoDraw = False
26.1289 	EXP 	fixation: autoDraw = True
27.1056 	INFO 	Keyboard events cleared
27.1052 	EXP 	fixation: autoDraw = False
27.1052 	EXP 	fixation: autoDraw = False
27.1052 	EXP 	faces_image: image = 'faces/unknown/unknown_9.jpg'
27.1052 	EXP 	faces_image: autoDraw = True
29.0579 	EXP 	New trial (rep=0, index=7): <Trial 7 (7 in rep 0) data={'block': 3, 'trial': 8, 'image': 'faces/unknown/unknown_211.jpg', 'type': 'unknown', 'thisN': 7, 'thisTrialN': 7, 'thisRepN': 0}>
29.0620 	EXP 	faces_image: autoDraw = False
30.0449 	EXP 	fixation: autoDraw = True
30.9214 	INFO 	Keyboard events cleared
30.9211 	EXP 	fixation: autoDraw = False
30.9211 	EXP 	fixation: autoDraw = False
30.9211 	EXP 	faces_image: image = 'faces/unknown/unknown_211.jpg'
30.9211 	EXP 	faces_image: autoDraw = True
32.8663 	EXP 	New trial (rep=0, index=8): <Trial 8 (8 in rep 0) data={'block': 3, 'trial': 9, 'image': 'faces/known/known_58.jpg', 'type': 'known', 'thisN': 8, 'thisTrialN': 8, 'thisRepN': 0}>
32.8702 	EXP 	faces_image: autoDraw = False
33.8491 	EXP 	fixation: autoDraw = True
34.6368 	WARNING 	Requested image 'faces/known/known_58.jpg' not found but similar filename 'faces/known/known_58.png' exists. This will be used instead but changing the filename is advised.
34.6669 	INFO 	Keyboard events cleared
34.6667 	EXP 	fixation: autoDraw = False
34.6667 	EXP 	fixation: autoDraw = False
34.6667 	EXP 	faces_image: image = 'faces/known/known_58.jpg'
34.6667 	EXP 	faces_image: autoDraw = True
35.5852 	DATA 	Keypress: space
36.6371 	EXP 	New trial (rep=0, index=9): <Trial 9 (9 in rep 0) data={'block': 3, 'trial': 10, 'image': 'faces/unknown/unknown_185.jpg', 'type': 'unknown', 'thisN': 9, 'thisTrialN': 9, 'thisRepN': 0}>
36.6410 	EXP 	faces_image: autoDraw = False
37.6242 	EXP 	fixation: autoDraw = True
38.4488 	INFO 	Keyboard events cleared
38.4486 	EXP 	fixation: autoDraw = False
38.4486 	EXP 	fixation: autoDraw = False
38.4486 	EXP 	faces_image: image = 'faces/unknown/unknown_185.jpg'
38.4486 	EXP 	faces_image: autoDraw = True
40.3954 	EXP 	New trial (rep=0, index=10): <Trial 10 (10 in rep 0) data={'block': 3, 'trial': 11, 'image': 'faces/known/known_10.jpg', 'type': 'known', 'thisN': 10, 'thisTrialN': 10, 'thisRepN': 0}>
40.3993 	EXP 	faces_image: autoDraw = False
41.3783 	EXP 	fixation: autoDraw = True
42.1299 	WARNING 	Requested image 'faces/known/known_10.jpg' not found but similar filename 'faces/known/known_10.png' exists. This will be used instead but changing the filename is advised.
42.1872 	INFO 	Keyboard events cleared
42.1869 	EXP 	fixation: autoDraw = False
42.1869 	EXP 	fixation: autoDraw = False
42.1869 	EXP 	faces_image: image = 'faces/known/known_10.jpg'
42.1869 	EXP 	faces_image: autoDraw = True
43.1146 	DATA 	Keypress: space
44.1329 	EXP 	New trial (rep=0, index=11): <Trial 11 (11 in rep 0) data={'block': 3, 'trial': 12, 'image': 'faces/unknown/unknown_243.jpg', 'type': 'unknown', 'thisN': 11, 'thisTrialN': 11, 'thisRepN': 0}>
44.1368 	EXP 	faces_image: autoDraw = False
45.1204 	EXP 	fixation: autoDraw = True
46.0765 	INFO 	Keyboard events cleared
46.0762 	EXP 	fixation: autoDraw = False
46.0762 	EXP 	fixation: autoDraw = False
46.0762 	EXP 	faces_image: image = 'faces/unknown/unknown_243.jpg'
46.0762 	EXP 	faces_image: autoDraw = True
48.0297 	EXP 	New trial (rep=0, index=12): <Trial 12 (12 in rep 0) data={'block': 3, 'trial': 13, 'image': 'faces/unknown/unknown_257.jpg', 'type': 'unknown', 'thisN': 12, 'thisTrialN': 12, 'thisRepN': 0}>
48.0328 	EXP 	faces_image: autoDraw = False
49.0117 	EXP 	fixation: autoDraw = True
49.8927 	INFO 	Keyboard events cleared
49.8925 	EXP 	fixation: autoDraw = False
49.8925 	EXP 	fixation: autoDraw = False
49.8925 	EXP 	faces_image: image = 'faces/unknown/unknown_257.jpg'
49.8925 	EXP 	faces_image: autoDraw = True
51.8411 	EXP 	New trial (rep=0, index=13): <Trial 13 (13 in rep 0) data={'block': 3, 'trial': 14, 'image': 'faces/known/known_136.jpg', 'type': 'known', 'thisN': 13, 'thisTrialN': 13, 'thisRepN': 0}>
51.8449 	EXP 	faces_image: autoDraw = False
52.8286 	EXP 	fixation: autoDraw = True
53.4506 	WARNING 	Requested image 'faces/known/known_136.jpg' not found but similar filename 'faces/known/known_136.png' exists. This will be used instead but changing the filename is advised.
53.4836 	INFO 	Keyboard events cleared
53.4834 	EXP 	fixation: autoDraw = False
53.4834 	EXP 	fixation: autoDraw = False
53.4834 	EXP 	faces_image: image = 'faces/known/known_136.jpg'
53.4834 	EXP 	faces_image: autoDraw = True
54.6433 	DATA 	Keypress: space
55.4536 	EXP 	New trial (rep=0, index=14): <Trial 14 (14 in rep 0) data={'block': 3, 'trial': 15, 'image': 'faces/known/known_15.jpg', 'type': 'known', 'thisN': 14, 'thisTrialN': 14, 'thisRepN': 0}>
55.4574 	EXP 	faces_image: autoDraw = False
56.4368 	EXP 	fixation: autoDraw = True
57.1425 	WARNING 	Requested image 'faces/known/known_15.jpg' not found but similar filename 'faces/known/known_15.png' exists. This will be used instead but changing the filename is advised.
57.1977 	INFO 	Keyboard events cleared
57.1975 	EXP 	fixation: autoDraw = False
57.1975 	EXP 	fixation: autoDraw = False
57.1975 	EXP 	faces_image: image = 'faces/known/known_15.jpg'
57.1975 	EXP 	faces_image: autoDraw = True
57.9042 	DATA 	Keypress: space
59.1453 	EXP 	New trial (rep=0, index=15): <Trial 15 (15 in rep 0) data={'block': 3, 'trial': 16, 'image': 'faces/known/known_80.jpg', 'type': 'known', 'thisN': 15, 'thisTrialN': 15, 'thisRepN': 0}>
59.1491 	EXP 	faces_image: autoDraw = False
60.1324 	EXP 	fixation: autoDraw = True
60.9799 	WARNING 	Requested image 'faces/known/known_80.jpg' not found but similar filename 'faces/known/known_80.png' exists. This will be used instead but changing the filename is advised.
61.0134 	INFO 	Keyboard events cleared
61.0131 	EXP 	fixation: autoDraw = False
61.0131 	EXP 	fixation: autoDraw = False
61.0131 	EXP 	faces_image: image = 'faces/known/known_80.jpg'
61.0131 	EXP 	faces_image: autoDraw = True
61.6800 	DATA 	Keypress: space
62.9826 	EXP 	New trial (rep=0, index=16): <Trial 16 (16 in rep 0) data={'block': 3, 'trial': 17, 'image': 'faces/known/known_51.jpg', 'type': 'known', 'thisN': 16, 'thisTrialN': 16, 'thisRepN': 0}>
62.9866 	EXP 	faces_image: autoDraw = False
63.9659 	EXP 	fixation: autoDraw = True
64.7742 	WARNING 	Requested image 'faces/known/known_51.jpg' not found but similar filename 'faces/known/known_51.png' exists. This will be used instead but changing the filename is advised.
64.8010 	INFO 	Keyboard events cleared
64.8006 	EXP 	fixation: autoDraw = False
64.8006 	EXP 	fixation: autoDraw = False
64.8006 	EXP 	faces_image: image = 'faces/known/known_51.jpg'
64.8006 	EXP 	faces_image: autoDraw = True
65.3612 	DATA 	Keypress: space
66.7746 	EXP 	New trial (rep=0, index=17): <Trial 17 (17 in rep 0) data={'block': 3, 'trial': 18, 'image': 'faces/known/known_103.jpg', 'type': 'known', 'thisN': 17, 'thisTrialN': 17, 'thisRepN': 0}>
66.7785 	EXP 	faces_image: autoDraw = False
67.7618 	EXP 	fixation: autoDraw = True
68.7464 	WARNING 	Requested image 'faces/known/known_103.jpg' not found but similar filename 'faces/known/known_103.png' exists. This will be used instead but changing the filename is advised.
68.8188 	INFO 	Keyboard events cleared
68.8185 	EXP 	fixation: autoDraw = False
68.8185 	EXP 	fixation: autoDraw = False
68.8185 	EXP 	faces_image: image = 'faces/known/known_103.jpg'
68.8185 	EXP 	faces_image: autoDraw = True
69.7137 	DATA 	Keypress: space
70.7493 	EXP 	New trial (rep=0, index=18): <Trial 18 (18 in rep 0) data={'block': 3, 'trial': 19, 'image': 'faces/known/known_104.jpg', 'type': 'known', 'thisN': 18, 'thisTrialN': 18, 'thisRepN': 0}>
70.7533 	EXP 	faces_image: autoDraw = False
71.7330 	EXP 	fixation: autoDraw = True
72.4105 	WARNING 	Requested image 'faces/known/known_104.jpg' not found but similar filename 'faces/known/known_104.png' exists. This will be used instead but changing the filename is advised.
72.4626 	INFO 	Keyboard events cleared
72.4624 	EXP 	fixation: autoDraw = False
72.4624 	EXP 	fixation: autoDraw = False
72.4624 	EXP 	faces_image: image = 'faces/known/known_104.jpg'
72.4624 	EXP 	faces_image: autoDraw = True
73.0181 	DATA 	Keypress: space
74.4153 	EXP 	New trial (rep=0, index=19): <Trial 19 (19 in rep 0) data={'block': 3, 'trial': 20, 'image': 'faces/unknown/unknown_276.jpg', 'type': 'unknown', 'thisN': 19, 'thisTrialN': 19, 'thisRepN': 0}>
74.4229 	EXP 	faces_image: autoDraw = False
75.4018 	EXP 	fixation: autoDraw = True
76.1631 	INFO 	Keyboard events cleared
76.1625 	EXP 	fixation: autoDraw = False
76.1625 	EXP 	fixation: autoDraw = False
76.1625 	EXP 	faces_image: image = 'faces/unknown/unknown_276.jpg'
76.1625 	EXP 	faces_image: autoDraw = True
78.1205 	EXP 	New trial (rep=0, index=20): <Trial 20 (20 in rep 0) data={'block': 3, 'trial': 21, 'image': 'faces/known/known_144.jpg', 'type': 'known', 'thisN': 20, 'thisTrialN': 20, 'thisRepN': 0}>
78.1239 	EXP 	faces_image: autoDraw = False
79.1079 	EXP 	fixation: autoDraw = True
79.9465 	WARNING 	Requested image 'faces/known/known_144.jpg' not found but similar filename 'faces/known/known_144.png' exists. This will be used instead but changing the filename is advised.
79.9958 	INFO 	Keyboard events cleared
79.9955 	EXP 	fixation: autoDraw = False
79.9955 	EXP 	fixation: autoDraw = False
79.9955 	EXP 	faces_image: image = 'faces/known/known_144.jpg'
79.9955 	EXP 	faces_image: autoDraw = True
81.0262 	DATA 	Keypress: space
81.9496 	EXP 	New trial (rep=0, index=21): <Trial 21 (21 in rep 0) data={'block': 3, 'trial': 22, 'image': 'faces/known/known_14.jpg', 'type': 'known', 'thisN': 21, 'thisTrialN': 21, 'thisRepN': 0}>
81.9535 	EXP 	faces_image: autoDraw = False
82.9368 	EXP 	fixation: autoDraw = True
83.5967 	WARNING 	Requested image 'faces/known/known_14.jpg' not found but similar filename 'faces/known/known_14.png' exists. This will be used instead but changing the filename is advised.
83.6520 	INFO 	Keyboard events cleared
83.6516 	EXP 	fixation: autoDraw = False
83.6516 	EXP 	fixation: autoDraw = False
83.6516 	EXP 	faces_image: image = 'faces/known/known_14.jpg'
83.6516 	EXP 	faces_image: autoDraw = True
84.8487 	DATA 	Keypress: space
85.5992 	EXP 	New trial (rep=0, index=22): <Trial 22 (22 in rep 0) data={'block': 3, 'trial': 23, 'image': 'faces/known/known_18.jpg', 'type': 'known', 'thisN': 22, 'thisTrialN': 22, 'thisRepN': 0}>
85.6034 	EXP 	faces_image: autoDraw = False
86.5868 	EXP 	fixation: autoDraw = True
87.3589 	WARNING 	Requested image 'faces/known/known_18.jpg' not found but similar filename 'faces/known/known_18.png' exists. This will be used instead but changing the filename is advised.
87.4165 	INFO 	Keyboard events cleared
87.4161 	EXP 	fixation: autoDraw = False
87.4161 	EXP 	fixation: autoDraw = False
87.4161 	EXP 	faces_image: image = 'faces/known/known_18.jpg'
87.4161 	EXP 	faces_image: autoDraw = True
88.3469 	DATA 	Keypress: space
89.3620 	EXP 	New trial (rep=0, index=23): <Trial 23 (23 in rep 0) data={'block': 3, 'trial': 24, 'image': 'faces/unknown/unknown_58.jpg', 'type': 'unknown', 'thisN': 23, 'thisTrialN': 23, 'thisRepN': 0}>
89.3660 	EXP 	faces_image: autoDraw = False
90.3450 	EXP 	fixation: autoDraw = True
91.0347 	INFO 	Keyboard events cleared
91.0344 	EXP 	fixation: autoDraw = False
91.0344 	EXP 	fixation: autoDraw = False
91.0344 	EXP 	faces_image: image = 'faces/unknown/unknown_58.jpg'
91.0344 	EXP 	faces_image: autoDraw = True
92.9908 	EXP 	New trial (rep=0, index=24): <Trial 24 (24 in rep 0) data={'block': 3, 'trial': 25, 'image': 'faces/unknown/unknown_169.jpg', 'type': 'unknown', 'thisN': 24, 'thisTrialN': 24, 'thisRepN': 0}>
92.9948 	EXP 	faces_image: autoDraw = False
93.9741 	EXP 	fixation: autoDraw = True
94.8373 	INFO 	Keyboard events cleared
94.8370 	EXP 	fixation: autoDraw = False
94.8370 	EXP 	fixation: autoDraw = False
94.8370 	EXP 	faces_image: image = 'faces/unknown/unknown_169.jpg'
94.8370 	EXP 	faces_image: autoDraw = True
96.7913 	EXP 	New trial (rep=0, index=25): <Trial 25 (25 in rep 0) data={'block': 3, 'trial': 26, 'image': 'faces/known/known_143.jpg', 'type': 'known', 'thisN': 25, 'thisTrialN': 25, 'thisRepN': 0}>
96.7951 	EXP 	faces_image: autoDraw = False
97.7784 	EXP 	fixation: autoDraw = True
98.5839 	WARNING 	Requested image 'faces/known/known_143.jpg' not found but similar filename 'faces/known/known_143.png' exists. This will be used instead but changing the filename is advised.
98.6526 	INFO 	Keyboard events cleared
98.6522 	EXP 	fixation: autoDraw = False
98.6522 	EXP 	fixation: autoDraw = False
98.6522 	EXP 	faces_image: image = 'faces/known/known_143.jpg'
98.6522 	EXP 	faces_image: autoDraw = True
99.4966 	DATA 	Keypress: space
100.5873 	EXP 	New trial (rep=0, index=26): <Trial 26 (26 in rep 0) data={'block': 3, 'trial': 27, 'image': 'faces/known/known_67.jpg', 'type': 'known', 'thisN': 26, 'thisTrialN': 26, 'thisRepN': 0}>
100.5909 	EXP 	faces_image: autoDraw = False
101.5701 	EXP 	fixation: autoDraw = True
102.2233 	WARNING 	Requested image 'faces/known/known_67.jpg' not found but similar filename 'faces/known/known_67.png' exists. This will be used instead but changing the filename is advised.
102.2501 	INFO 	Keyboard events cleared
102.2498 	EXP 	fixation: autoDraw = False
102.2498 	EXP 	fixation: autoDraw = False
102.2498 	EXP 	faces_image: image = 'faces/known/known_67.jpg'
102.2498 	EXP 	faces_image: autoDraw = True
103.1147 	DATA 	Keypress: space
104.2244 	EXP 	New trial (rep=0, index=27): <Trial 27 (27 in rep 0) data={'block': 3, 'trial': 28, 'image': 'faces/unknown/unknown_252.jpg', 'type': 'unknown', 'thisN': 27, 'thisTrialN': 27, 'thisRepN': 0}>
104.2284 	EXP 	faces_image: autoDraw = False
105.2114 	EXP 	fixation: autoDraw = True
106.2260 	INFO 	Keyboard events cleared
106.2257 	EXP 	fixation: autoDraw = False
106.2257 	EXP 	fixation: autoDraw = False
106.2257 	EXP 	faces_image: image = 'faces/unknown/unknown_252.jpg'
106.2257 	EXP 	faces_image: autoDraw = True
108.1616 	EXP 	New trial (rep=0, index=28): <Trial 28 (28 in rep 0) data={'block': 3, 'trial': 29, 'image': 'faces/known/known_76.jpg', 'type': 'known', 'thisN': 28, 'thisTrialN': 28, 'thisRepN': 0}>
108.1655 	EXP 	faces_image: autoDraw = False
109.1450 	EXP 	fixation: autoDraw = True
110.0976 	WARNING 	Requested image 'faces/known/known_76.jpg' not found but similar filename 'faces/known/known_76.png' exists. This will be used instead but changing the filename is advised.
110.1229 	INFO 	Keyboard events cleared
110.1227 	EXP 	fixation: autoDraw = False
110.1227 	EXP 	fixation: autoDraw = False
110.1227 	EXP 	faces_image: image = 'faces/known/known_76.jpg'
110.1227 	EXP 	faces_image: autoDraw = True
110.7956 	DATA 	Keypress: space
112.0993 	EXP 	New trial (rep=0, index=29): <Trial 29 (29 in rep 0) data={'block': 3, 'trial': 30, 'image': 'faces/known/known_47.jpg', 'type': 'known', 'thisN': 29, 'thisTrialN': 29, 'thisRepN': 0}>
112.1033 	EXP 	faces_image: autoDraw = False
113.0870 	EXP 	fixation: autoDraw = True
114.0672 	WARNING 	Requested image 'faces/known/known_47.jpg' not found but similar filename 'faces/known/known_47.png' exists. This will be used instead but changing the filename is advised.
114.1001 	INFO 	Keyboard events cleared
114.0997 	EXP 	fixation: autoDraw = False
114.0997 	EXP 	fixation: autoDraw = False
114.0997 	EXP 	faces_image: image = 'faces/known/known_47.jpg'
114.0997 	EXP 	faces_image: autoDraw = True
115.0805 	DATA 	Keypress: space
116.0704 	EXP 	New trial (rep=0, index=30): <Trial 30 (30 in rep 0) data={'block': 3, 'trial': 31, 'image': 'faces/known/known_102.jpg', 'type': 'known', 'thisN': 30, 'thisTrialN': 30, 'thisRepN': 0}>
116.0742 	EXP 	faces_image: autoDraw = False
117.0534 	EXP 	fixation: autoDraw = True
117.7309 	WARNING 	Requested image 'faces/known/known_102.jpg' not found but similar filename 'faces/known/known_102.png' exists. This will be used instead but changing the filename is advised.
117.7805 	INFO 	Keyboard events cleared
117.7802 	EXP 	fixation: autoDraw = False
117.7802 	EXP 	fixation: autoDraw = False
117.7802 	EXP 	faces_image: image = 'faces/known/known_102.jpg'
117.7802 	EXP 	faces_image: autoDraw = True
118.6637 	DATA 	Keypress: space
119.7324 	EXP 	New trial (rep=0, index=31): <Trial 31 (31 in rep 0) data={'block': 3, 'trial': 32, 'image': 'faces/unknown/unknown_202.jpg', 'type': 'unknown', 'thisN': 31, 'thisTrialN': 31, 'thisRepN': 0}>
119.7364 	EXP 	faces_image: autoDraw = False
120.7201 	EXP 	fixation: autoDraw = True
121.4939 	INFO 	Keyboard events cleared
121.4937 	EXP 	fixation: autoDraw = False
121.4937 	EXP 	fixation: autoDraw = False
121.4937 	EXP 	faces_image: image = 'faces/unknown/unknown_202.jpg'
121.4937 	EXP 	faces_image: autoDraw = True
123.4449 	EXP 	New trial (rep=0, index=32): <Trial 32 (32 in rep 0) data={'block': 3, 'trial': 33, 'image': 'faces/unknown/unknown_116.jpg', 'type': 'unknown', 'thisN': 32, 'thisTrialN': 32, 'thisRepN': 0}>
123.4492 	EXP 	faces_image: autoDraw = False
124.4287 	EXP 	fixation: autoDraw = True
125.2898 	INFO 	Keyboard events cleared
125.2895 	EXP 	fixation: autoDraw = False
125.2895 	EXP 	fixation: autoDraw = False
125.2895 	EXP 	faces_image: image = 'faces/unknown/unknown_116.jpg'
125.2895 	EXP 	faces_image: autoDraw = True
127.2409 	EXP 	New trial (rep=0, index=33): <Trial 33 (33 in rep 0) data={'block': 3, 'trial': 34, 'image': 'faces/unknown/unknown_259.jpg', 'type': 'unknown', 'thisN': 33, 'thisTrialN': 33, 'thisRepN': 0}>
127.2450 	EXP 	faces_image: autoDraw = False
128.2242 	EXP 	fixation: autoDraw = True
129.1863 	INFO 	Keyboard events cleared
129.1860 	EXP 	fixation: autoDraw = False
129.1860 	EXP 	fixation: autoDraw = False
129.1860 	EXP 	faces_image: image = 'faces/unknown/unknown_259.jpg'
129.1860 	EXP 	faces_image: autoDraw = True
131.1328 	EXP 	New trial (rep=0, index=34): <Trial 34 (34 in rep 0) data={'block': 3, 'trial': 35, 'image': 'faces/known/known_84.jpg', 'type': 'known', 'thisN': 34, 'thisTrialN': 34, 'thisRepN': 0}>
131.1366 	EXP 	faces_image: autoDraw = False
132.1162 	EXP 	fixation: autoDraw = True
133.0774 	WARNING 	Requested image 'faces/known/known_84.jpg' not found but similar filename 'faces/known/known_84.png' exists. This will be used instead but changing the filename is advised.
133.1061 	INFO 	Keyboard events cleared
133.1053 	EXP 	fixation: autoDraw = False
133.1053 	EXP 	fixation: autoDraw = False
133.1053 	EXP 	faces_image: image = 'faces/known/known_84.jpg'
133.1053 	EXP 	faces_image: autoDraw = True
133.7278 	DATA 	Keypress: space
135.0784 	EXP 	New trial (rep=0, index=35): <Trial 35 (35 in rep 0) data={'block': 3, 'trial': 36, 'image': 'faces/unknown/unknown_270.jpg', 'type': 'unknown', 'thisN': 35, 'thisTrialN': 35, 'thisRepN': 0}>
135.0825 	EXP 	faces_image: autoDraw = False
136.0658 	EXP 	fixation: autoDraw = True
136.9955 	INFO 	Keyboard events cleared
136.9952 	EXP 	fixation: autoDraw = False
136.9952 	EXP 	fixation: autoDraw = False
136.9952 	EXP 	faces_image: image = 'faces/unknown/unknown_270.jpg'
136.9952 	EXP 	faces_image: autoDraw = True
138.9365 	EXP 	New trial (rep=0, index=36): <Trial 36 (36 in rep 0) data={'block': 3, 'trial': 37, 'image': 'faces/known/known_17.jpg', 'type': 'known', 'thisN': 36, 'thisTrialN': 36, 'thisRepN': 0}>
138.9408 	EXP 	faces_image: autoDraw = False
139.9205 	EXP 	fixation: autoDraw = True
140.5218 	WARNING 	Requested image 'faces/known/known_17.jpg' not found but similar filename 'faces/known/known_17.png' exists. This will be used instead but changing the filename is advised.
140.5526 	INFO 	Keyboard events cleared
140.5521 	EXP 	fixation: autoDraw = False
140.5521 	EXP 	fixation: autoDraw = False
140.5521 	EXP 	faces_image: image = 'faces/known/known_17.jpg'
140.5521 	EXP 	faces_image: autoDraw = True
141.1815 	DATA 	Keypress: space
142.5257 	EXP 	New trial (rep=0, index=37): <Trial 37 (37 in rep 0) data={'block': 3, 'trial': 38, 'image': 'faces/unknown/unknown_13.jpg', 'type': 'unknown', 'thisN': 37, 'thisTrialN': 37, 'thisRepN': 0}>
142.5280 	EXP 	faces_image: autoDraw = False
143.5118 	EXP 	fixation: autoDraw = True
144.1797 	INFO 	Keyboard events cleared
144.1794 	EXP 	fixation: autoDraw = False
144.1794 	EXP 	fixation: autoDraw = False
144.1794 	EXP 	faces_image: image = 'faces/unknown/unknown_13.jpg'
144.1794 	EXP 	faces_image: autoDraw = True
146.1288 	EXP 	New trial (rep=0, index=38): <Trial 38 (38 in rep 0) data={'block': 3, 'trial': 39, 'image': 'faces/unknown/unknown_165.jpg', 'type': 'unknown', 'thisN': 38, 'thisTrialN': 38, 'thisRepN': 0}>
146.1334 	EXP 	faces_image: autoDraw = False
147.1120 	EXP 	fixation: autoDraw = True
148.1052 	INFO 	Keyboard events cleared
148.1050 	EXP 	fixation: autoDraw = False
148.1050 	EXP 	fixation: autoDraw = False
148.1050 	EXP 	faces_image: image = 'faces/unknown/unknown_165.jpg'
148.1050 	EXP 	faces_image: autoDraw = True
150.0577 	EXP 	New trial (rep=0, index=39): <Trial 39 (39 in rep 0) data={'block': 3, 'trial': 40, 'image': 'faces/unknown/unknown_38.jpg', 'type': 'unknown', 'thisN': 39, 'thisTrialN': 39, 'thisRepN': 0}>
150.0616 	EXP 	faces_image: autoDraw = False
151.0408 	EXP 	fixation: autoDraw = True
152.0545 	INFO 	Keyboard events cleared
152.0542 	EXP 	fixation: autoDraw = False
152.0542 	EXP 	fixation: autoDraw = False
152.0542 	EXP 	faces_image: image = 'faces/unknown/unknown_38.jpg'
152.0542 	EXP 	faces_image: autoDraw = True
154.0118 	EXP 	New trial (rep=0, index=40): <Trial 40 (40 in rep 0) data={'block': 3, 'trial': 41, 'image': 'faces/unknown/unknown_132.jpg', 'type': 'unknown', 'thisN': 40, 'thisTrialN': 40, 'thisRepN': 0}>
154.0157 	EXP 	faces_image: autoDraw = False
154.9997 	EXP 	fixation: autoDraw = True
155.9793 	INFO 	Keyboard events cleared
155.9788 	EXP 	fixation: autoDraw = False
155.9788 	EXP 	fixation: autoDraw = False
155.9788 	EXP 	faces_image: image = 'faces/unknown/unknown_132.jpg'
155.9788 	EXP 	faces_image: autoDraw = True
157.9160 	EXP 	New trial (rep=0, index=41): <Trial 41 (41 in rep 0) data={'block': 3, 'trial': 42, 'image': 'faces/known/known_146.jpg', 'type': 'known', 'thisN': 41, 'thisTrialN': 41, 'thisRepN': 0}>
157.9199 	EXP 	faces_image: autoDraw = False
158.9032 	EXP 	fixation: autoDraw = True
159.6050 	WARNING 	Requested image 'faces/known/known_146.jpg' not found but similar filename 'faces/known/known_146.png' exists. This will be used instead but changing the filename is advised.
159.6367 	INFO 	Keyboard events cleared
159.6364 	EXP 	fixation: autoDraw = False
159.6364 	EXP 	fixation: autoDraw = False
159.6364 	EXP 	faces_image: image = 'faces/known/known_146.jpg'
159.6364 	EXP 	faces_image: autoDraw = True
160.2639 	DATA 	Keypress: space
161.6077 	EXP 	New trial (rep=0, index=42): <Trial 42 (42 in rep 0) data={'block': 3, 'trial': 43, 'image': 'faces/unknown/unknown_0.jpg', 'type': 'unknown', 'thisN': 42, 'thisTrialN': 42, 'thisRepN': 0}>
161.6127 	EXP 	faces_image: autoDraw = False
162.5912 	EXP 	fixation: autoDraw = True
163.4629 	INFO 	Keyboard events cleared
163.4626 	EXP 	fixation: autoDraw = False
163.4626 	EXP 	fixation: autoDraw = False
163.4626 	EXP 	faces_image: image = 'faces/unknown/unknown_0.jpg'
163.4626 	EXP 	faces_image: autoDraw = True
165.4159 	EXP 	New trial (rep=0, index=43): <Trial 43 (43 in rep 0) data={'block': 3, 'trial': 44, 'image': 'faces/unknown/unknown_59.jpg', 'type': 'unknown', 'thisN': 43, 'thisTrialN': 43, 'thisRepN': 0}>
165.4198 	EXP 	faces_image: autoDraw = False
166.4033 	EXP 	fixation: autoDraw = True
167.4039 	INFO 	Keyboard events cleared
167.4035 	EXP 	fixation: autoDraw = False
167.4035 	EXP 	fixation: autoDraw = False
167.4035 	EXP 	faces_image: image = 'faces/unknown/unknown_59.jpg'
167.4035 	EXP 	faces_image: autoDraw = True
169.3626 	EXP 	New trial (rep=0, index=44): <Trial 44 (44 in rep 0) data={'block': 3, 'trial': 45, 'image': 'faces/unknown/unknown_33.jpg', 'type': 'unknown', 'thisN': 44, 'thisTrialN': 44, 'thisRepN': 0}>
169.3656 	EXP 	faces_image: autoDraw = False
170.3490 	EXP 	fixation: autoDraw = True
171.2657 	INFO 	Keyboard events cleared
171.2653 	EXP 	fixation: autoDraw = False
171.2653 	EXP 	fixation: autoDraw = False
171.2653 	EXP 	faces_image: image = 'faces/unknown/unknown_33.jpg'
171.2653 	EXP 	faces_image: autoDraw = True
173.2202 	EXP 	New trial (rep=0, index=45): <Trial 45 (45 in rep 0) data={'block': 3, 'trial': 46, 'image': 'faces/known/known_105.jpg', 'type': 'known', 'thisN': 45, 'thisTrialN': 45, 'thisRepN': 0}>
173.2242 	EXP 	faces_image: autoDraw = False
174.2077 	EXP 	fixation: autoDraw = True
175.1293 	WARNING 	Requested image 'faces/known/known_105.jpg' not found but similar filename 'faces/known/known_105.png' exists. This will be used instead but changing the filename is advised.
175.1813 	INFO 	Keyboard events cleared
175.1810 	EXP 	fixation: autoDraw = False
175.1810 	EXP 	fixation: autoDraw = False
175.1810 	EXP 	faces_image: image = 'faces/known/known_105.jpg'
175.1810 	EXP 	faces_image: autoDraw = True
175.8426 	DATA 	Keypress: space
177.1327 	EXP 	New trial (rep=0, index=46): <Trial 46 (46 in rep 0) data={'block': 3, 'trial': 47, 'image': 'faces/known/known_23.jpg', 'type': 'known', 'thisN': 46, 'thisTrialN': 46, 'thisRepN': 0}>
177.1367 	EXP 	faces_image: autoDraw = False
178.1160 	EXP 	fixation: autoDraw = True
178.8863 	WARNING 	Requested image 'faces/known/known_23.jpg' not found but similar filename 'faces/known/known_23.png' exists. This will be used instead but changing the filename is advised.
178.9337 	INFO 	Keyboard events cleared
178.9335 	EXP 	fixation: autoDraw = False
178.9335 	EXP 	fixation: autoDraw = False
178.9335 	EXP 	faces_image: image = 'faces/known/known_23.jpg'
178.9335 	EXP 	faces_image: autoDraw = True
179.5934 	DATA 	Keypress: space
180.8868 	EXP 	New trial (rep=0, index=47): <Trial 47 (47 in rep 0) data={'block': 3, 'trial': 48, 'image': 'faces/known/known_41.jpg', 'type': 'known', 'thisN': 47, 'thisTrialN': 47, 'thisRepN': 0}>
180.8905 	EXP 	faces_image: autoDraw = False
181.8741 	EXP 	fixation: autoDraw = True
182.7924 	WARNING 	Requested image 'faces/known/known_41.jpg' not found but similar filename 'faces/known/known_41.png' exists. This will be used instead but changing the filename is advised.
182.8245 	INFO 	Keyboard events cleared
182.8243 	EXP 	fixation: autoDraw = False
182.8243 	EXP 	fixation: autoDraw = False
182.8243 	EXP 	faces_image: image = 'faces/known/known_41.jpg'
182.8243 	EXP 	faces_image: autoDraw = True
184.2798 	DATA 	Keypress: space
184.7965 	EXP 	New trial (rep=0, index=48): <Trial 48 (48 in rep 0) data={'block': 3, 'trial': 49, 'image': 'faces/unknown/unknown_152.jpg', 'type': 'unknown', 'thisN': 48, 'thisTrialN': 48, 'thisRepN': 0}>
184.7991 	EXP 	faces_image: autoDraw = False
185.7786 	EXP 	fixation: autoDraw = True
186.5028 	INFO 	Keyboard events cleared
186.5024 	EXP 	fixation: autoDraw = False
186.5024 	EXP 	fixation: autoDraw = False
186.5024 	EXP 	faces_image: image = 'faces/unknown/unknown_152.jpg'
186.5024 	EXP 	faces_image: autoDraw = True
188.4449 	EXP 	New trial (rep=0, index=49): <Trial 49 (49 in rep 0) data={'block': 3, 'trial': 50, 'image': 'faces/known/known_138.jpg', 'type': 'known', 'thisN': 49, 'thisTrialN': 49, 'thisRepN': 0}>
188.4500 	EXP 	faces_image: autoDraw = False
189.4357 	EXP 	fixation: autoDraw = True
190.1073 	WARNING 	Requested image 'faces/known/known_138.jpg' not found but similar filename 'faces/known/known_138.png' exists. This will be used instead but changing the filename is advised.
190.1626 	INFO 	Keyboard events cleared
190.1623 	EXP 	fixation: autoDraw = False
190.1623 	EXP 	fixation: autoDraw = False
190.1623 	EXP 	faces_image: image = 'faces/known/known_138.jpg'
190.1623 	EXP 	faces_image: autoDraw = True
190.9399 	DATA 	Keypress: space
192.1078 	EXP 	New trial (rep=0, index=50): <Trial 50 (50 in rep 0) data={'block': 3, 'trial': 51, 'image': 'faces/unknown/unknown_12.jpg', 'type': 'unknown', 'thisN': 50, 'thisTrialN': 50, 'thisRepN': 0}>
192.1117 	EXP 	faces_image: autoDraw = False
193.0949 	EXP 	fixation: autoDraw = True
193.9283 	INFO 	Keyboard events cleared
193.9281 	EXP 	fixation: autoDraw = False
193.9281 	EXP 	fixation: autoDraw = False
193.9281 	EXP 	faces_image: image = 'faces/unknown/unknown_12.jpg'
193.9281 	EXP 	faces_image: autoDraw = True
195.8746 	EXP 	New trial (rep=0, index=51): <Trial 51 (51 in rep 0) data={'block': 3, 'trial': 52, 'image': 'faces/known/known_16.jpg', 'type': 'known', 'thisN': 51, 'thisTrialN': 51, 'thisRepN': 0}>
195.8782 	EXP 	faces_image: autoDraw = False
196.8614 	EXP 	fixation: autoDraw = True
197.7740 	WARNING 	Requested image 'faces/known/known_16.jpg' not found but similar filename 'faces/known/known_16.png' exists. This will be used instead but changing the filename is advised.
197.8285 	INFO 	Keyboard events cleared
197.8282 	EXP 	fixation: autoDraw = False
197.8282 	EXP 	fixation: autoDraw = False
197.8282 	EXP 	faces_image: image = 'faces/known/known_16.jpg'
197.8282 	EXP 	faces_image: autoDraw = True
198.7598 	DATA 	Keypress: space
199.7740 	EXP 	New trial (rep=0, index=52): <Trial 52 (52 in rep 0) data={'block': 3, 'trial': 53, 'image': 'faces/known/known_137.jpg', 'type': 'known', 'thisN': 52, 'thisTrialN': 52, 'thisRepN': 0}>
199.7779 	EXP 	faces_image: autoDraw = False
200.7615 	EXP 	fixation: autoDraw = True
201.7044 	WARNING 	Requested image 'faces/known/known_137.jpg' not found but similar filename 'faces/known/known_137.png' exists. This will be used instead but changing the filename is advised.
201.7657 	INFO 	Keyboard events cleared
201.7654 	EXP 	fixation: autoDraw = False
201.7654 	EXP 	fixation: autoDraw = False
201.7654 	EXP 	faces_image: image = 'faces/known/known_137.jpg'
201.7654 	EXP 	faces_image: autoDraw = True
202.5603 	DATA 	Keypress: space
203.7079 	EXP 	New trial (rep=0, index=53): <Trial 53 (53 in rep 0) data={'block': 3, 'trial': 54, 'image': 'faces/unknown/unknown_224.jpg', 'type': 'unknown', 'thisN': 53, 'thisTrialN': 53, 'thisRepN': 0}>
203.7117 	EXP 	faces_image: autoDraw = False
204.6913 	EXP 	fixation: autoDraw = True
205.5783 	INFO 	Keyboard events cleared
205.5781 	EXP 	fixation: autoDraw = False
205.5781 	EXP 	fixation: autoDraw = False
205.5781 	EXP 	faces_image: image = 'faces/unknown/unknown_224.jpg'
205.5781 	EXP 	faces_image: autoDraw = True
207.5287 	EXP 	New trial (rep=0, index=54): <Trial 54 (54 in rep 0) data={'block': 3, 'trial': 55, 'image': 'faces/unknown/unknown_239.jpg', 'type': 'unknown', 'thisN': 54, 'thisTrialN': 54, 'thisRepN': 0}>
207.5325 	EXP 	faces_image: autoDraw = False
208.5160 	EXP 	fixation: autoDraw = True
209.3149 	INFO 	Keyboard events cleared
209.3147 	EXP 	fixation: autoDraw = False
209.3147 	EXP 	fixation: autoDraw = False
209.3147 	EXP 	faces_image: image = 'faces/unknown/unknown_239.jpg'
209.3147 	EXP 	faces_image: autoDraw = True
211.2619 	EXP 	New trial (rep=0, index=55): <Trial 55 (55 in rep 0) data={'block': 3, 'trial': 56, 'image': 'faces/known/known_5.jpg', 'type': 'known', 'thisN': 55, 'thisTrialN': 55, 'thisRepN': 0}>
211.2667 	EXP 	faces_image: autoDraw = False
212.2496 	EXP 	fixation: autoDraw = True
213.0417 	WARNING 	Requested image 'faces/known/known_5.jpg' not found but similar filename 'faces/known/known_5.png' exists. This will be used instead but changing the filename is advised.
213.0935 	INFO 	Keyboard events cleared
213.0932 	EXP 	fixation: autoDraw = False
213.0932 	EXP 	fixation: autoDraw = False
213.0932 	EXP 	faces_image: image = 'faces/known/known_5.jpg'
213.0932 	EXP 	faces_image: autoDraw = True
214.3289 	DATA 	Keypress: space
215.0449 	EXP 	New trial (rep=0, index=56): <Trial 56 (56 in rep 0) data={'block': 3, 'trial': 57, 'image': 'faces/unknown/unknown_267.jpg', 'type': 'unknown', 'thisN': 56, 'thisTrialN': 56, 'thisRepN': 0}>
215.0490 	EXP 	faces_image: autoDraw = False
216.0284 	EXP 	fixation: autoDraw = True
216.8322 	INFO 	Keyboard events cleared
216.8319 	EXP 	fixation: autoDraw = False
216.8319 	EXP 	fixation: autoDraw = False
216.8319 	EXP 	faces_image: image = 'faces/unknown/unknown_267.jpg'
216.8319 	EXP 	faces_image: autoDraw = True
218.7826 	EXP 	New trial (rep=0, index=57): <Trial 57 (57 in rep 0) data={'block': 3, 'trial': 58, 'image': 'faces/known/known_31.jpg', 'type': 'known', 'thisN': 57, 'thisTrialN': 57, 'thisRepN': 0}>
218.7866 	EXP 	faces_image: autoDraw = False
219.7701 	EXP 	fixation: autoDraw = True
220.6796 	WARNING 	Requested image 'faces/known/known_31.jpg' not found but similar filename 'faces/known/known_31.png' exists. This will be used instead but changing the filename is advised.
220.7292 	INFO 	Keyboard events cleared
220.7290 	EXP 	fixation: autoDraw = False
220.7290 	EXP 	fixation: autoDraw = False
220.7290 	EXP 	faces_image: image = 'faces/known/known_31.jpg'
220.7290 	EXP 	faces_image: autoDraw = True
222.6826 	EXP 	New trial (rep=0, index=58): <Trial 58 (58 in rep 0) data={'block': 3, 'trial': 59, 'image': 'faces/unknown/unknown_281.jpg', 'type': 'unknown', 'thisN': 58, 'thisTrialN': 58, 'thisRepN': 0}>
222.6866 	EXP 	faces_image: autoDraw = False
223.6699 	EXP 	fixation: autoDraw = True
224.3826 	INFO 	Keyboard events cleared
224.3824 	EXP 	fixation: autoDraw = False
224.3824 	EXP 	fixation: autoDraw = False
224.3824 	EXP 	faces_image: image = 'faces/unknown/unknown_281.jpg'
224.3824 	EXP 	faces_image: autoDraw = True
226.3325 	EXP 	New trial (rep=0, index=59): <Trial 59 (59 in rep 0) data={'block': 3, 'trial': 60, 'image': 'faces/unknown/unknown_61.jpg', 'type': 'unknown', 'thisN': 59, 'thisTrialN': 59, 'thisRepN': 0}>
226.3364 	EXP 	faces_image: autoDraw = False
227.3161 	EXP 	fixation: autoDraw = True
228.0565 	INFO 	Keyboard events cleared
228.0563 	EXP 	fixation: autoDraw = False
228.0563 	EXP 	fixation: autoDraw = False
228.0563 	EXP 	faces_image: image = 'faces/unknown/unknown_61.jpg'
228.0563 	EXP 	faces_image: autoDraw = True
230.0157 	EXP 	faces_image: autoDraw = False
230.0157 	EXP 	Endding: autoDraw = True
231.1107 	EXP 	Endding: autoDraw = False
231.1107 	EXP 	Endding: autoDraw = False
231.1108 	EXP 	project: status = STOPPED
231.1547 	INFO 	saved data to 'C:\\Users\\bcc35\\Downloads\\BCI-P300-project-main (1)\\BCI-P300-project-main\\data/102_project_2025-05-17_14h40.57.329.csv'
231.1563 	INFO 	saved data to C:\Users\bcc35\Downloads\BCI-P300-project-main (1)\BCI-P300-project-main\data/102_project_2025-05-17_14h40.57.329.psydat
