14.6238 	INFO 	Loaded monitor calibration from ['2025_03_07 15:28']
14.6407 	WARNING 	User requested fullscreen with size [1536  864], but screen is actually [1920, 1080]. Using actual size
14.8592 	EXP 	Created window1 = Window(allowGUI=False, allowStencil=False, autoLog=True, backendConf=UNKNOWN, backgroundFit=<method-wrapper '__getattribute__' of attributeSetter object at 0x000001F0324E60E0>, backgroundImage=<method-wrapper '__getattribute__' of attributeSetter object at 0x000001F0324E6080>, bitsMode=UNKNOWN, blendMode='avg', bpc=(8, 8, 8), color=array([0, 0, 0]), colorSpace='rgb', depthBits=8, fullscr=True, gamma=None, gammaErrorPolicy='raise', infoMsg=UNKNOWN, lms=UNKNOWN, monitor=<psychopy.monitors.calibTools.Monitor object at 0x000001F0325A5000>, multiSample=False, name='window1', numSamples=2, pos=[0.0, 0.0], screen=0, size=array([1920, 1080]), stencilBits=0, stereo=False, title='PsychoPy', units='height', useFBO=True, useRetina=False, viewOri=0.0, viewPos=None, viewScale=None, waitBlanking=True, winType='pyglet')
14.8592 	EXP 	window1: backgroundImage = ''
14.8592 	EXP 	window1: backgroundFit = 'none'
14.9075 	EXP 	window1: Attempting to measure frame rate of screen (0) ...
14.9076 	EXP 	window1: recordFrameIntervals = False
14.9875 	EXP 	window1: recordFrameIntervals = True
15.7860 	WARNING 	Couldn't measure a consistent frame rate!
  - Is your graphics card set to sync to vertical blank?
  - Are you running other processes on your computer?

17.9708 	INFO 	keyboard.Keyboard is using iohub backend.
17.9709 	INFO 	keyboard.Keyboard is using iohub backend.
17.9709 	INFO 	keyboard.Keyboard is using iohub backend.
17.9709 	EXP 	project: status = STARTED
18.0418 	EXP 	Created Start_text = TextStim(__class__=<class 'psychopy.visual.text.TextStim'>, alignHoriz=method-wrapper(...), alignText='center', alignVert=method-wrapper(...), anchorHoriz='center', anchorVert='center', antialias=True, autoDraw=False, autoLog=True, bold=False, color=array([1., 1., 1.]), colorSpace='rgb', contrast=1.0, depth=0.0, draggable=False, flipHoriz=False, flipVert=False, font='Arial', fontFiles=[], height=0.05, italic=False, languageStyle='LTR', name='Start_text', opacity=1, ori=0.0, pos=array([0., 0.]), rgb=UNKNOWN, text=str(...), units='height', win=Window(...), wrapWidth=1)
18.0595 	EXP 	Created fixation = ShapeStim(__class__=<class 'psychopy.visual.shape.ShapeStim'>, anchor=('center', 'center'), autoDraw=False, autoLog=True, closeShape=True, color=method-wrapper(...), colorSpace='rgb', contrast=None, depth=-1.0, draggable=False, fillColor=array([1, 1, 1]), fillColorSpace='rgb', fillRGB=array([1, 1, 1]), interpolate=True, lineColor=array([1., 1., 1.]), lineColorSpace='rgb', lineRGB=array([1, 1, 1]), lineWidth=1.0, name='fixation', opacity=1, ori=0.0, pos=array([0., 0.]), size=array([0.1, 0.1]), units='height', vertices=ndarray(...), win=Window(...), windingRule=None)
18.0823 	EXP 	Created faces_image = ImageStim(__class__=<class 'psychopy.visual.image.ImageStim'>, anchor=('center', 'center'), autoLog=True, color=array([1., 1., 1.]), colorSpace='rgb', contrast=1.0, depth=0.0, draggable=False, flipHoriz=False, flipVert=False, image='default.png', interpolate=True, mask=None, maskParams=None, name='faces_image', opacity=1, ori=0.0, pos=array([0., 0.]), size=array([0.5, 0.5]), texRes=128.0, units='height', win=Window(...))
18.0881 	EXP 	Created Endding = TextStim(__class__=<class 'psychopy.visual.text.TextStim'>, alignHoriz=method-wrapper(...), alignText='center', alignVert=method-wrapper(...), anchorHoriz='center', anchorVert='center', antialias=True, autoDraw=False, autoLog=True, bold=False, color=array([1., 1., 1.]), colorSpace='rgb', contrast=1.0, depth=-1.0, draggable=False, flipHoriz=False, flipVert=False, font='Arial', fontFiles=[], height=0.05, italic=False, languageStyle='LTR', name='Endding', opacity=1, ori=0.0, pos=array([0., 0.]), rgb=UNKNOWN, text='Endding block\nThankyou for your patient', units='height', win=Window(...), wrapWidth=1)
0.0123 	INFO 	Keyboard events cleared
0.0118 	EXP 	Start_text: autoDraw = True
5.4313 	EXP 	Imported blocks/block1.csv as conditions, 60 conditions, 4 params
5.4317 	EXP 	New trial (rep=0, index=0): <Trial 0 (0 in rep 0) data={'block': 1, 'trial': 1, 'image': 'faces/known/known_44.jpg', 'type': 'known', 'thisN': 0, 'thisTrialN': 0, 'thisRepN': 0}>
5.4329 	DATA 	Keypress: space
5.4342 	EXP 	Start_text: autoDraw = False
6.4207 	EXP 	fixation: autoDraw = True
7.4036 	WARNING 	Requested image 'faces/known/known_44.jpg' not found but similar filename 'faces/known/known_44.png' exists. This will be used instead but changing the filename is advised.
7.4306 	INFO 	Keyboard events cleared
7.4302 	WARNING 	t of last frame was 27.43ms (=1/36)
7.4302 	EXP 	fixation: autoDraw = False
7.4302 	EXP 	fixation: autoDraw = False
7.4302 	EXP 	faces_image: image = 'faces/known/known_44.jpg'
7.4302 	EXP 	faces_image: autoDraw = True
8.0978 	DATA 	Keypress: space
9.4121 	EXP 	New trial (rep=0, index=1): <Trial 1 (1 in rep 0) data={'block': 1, 'trial': 2, 'image': 'faces/unknown/unknown_74.jpg', 'type': 'unknown', 'thisN': 1, 'thisTrialN': 1, 'thisRepN': 0}>
9.4201 	EXP 	faces_image: autoDraw = False
10.3962 	EXP 	fixation: autoDraw = True
11.1819 	INFO 	Keyboard events cleared
11.1815 	WARNING 	t of last frame was 36.74ms (=1/27)
11.1815 	EXP 	fixation: autoDraw = False
11.1815 	EXP 	fixation: autoDraw = False
11.1815 	EXP 	faces_image: image = 'faces/unknown/unknown_74.jpg'
11.1815 	EXP 	faces_image: autoDraw = True
13.1479 	EXP 	New trial (rep=0, index=2): <Trial 2 (2 in rep 0) data={'block': 1, 'trial': 3, 'image': 'faces/unknown/unknown_25.jpg', 'type': 'unknown', 'thisN': 2, 'thisTrialN': 2, 'thisRepN': 0}>
13.1538 	EXP 	faces_image: autoDraw = False
14.1356 	EXP 	fixation: autoDraw = True
15.0971 	INFO 	Keyboard events cleared
15.0968 	WARNING 	t of last frame was 36.40ms (=1/27)
15.0968 	EXP 	fixation: autoDraw = False
15.0968 	EXP 	fixation: autoDraw = False
15.0968 	EXP 	faces_image: image = 'faces/unknown/unknown_25.jpg'
15.0968 	EXP 	faces_image: autoDraw = True
17.0639 	EXP 	New trial (rep=0, index=3): <Trial 3 (3 in rep 0) data={'block': 1, 'trial': 4, 'image': 'faces/unknown/unknown_204.jpg', 'type': 'unknown', 'thisN': 3, 'thisTrialN': 3, 'thisRepN': 0}>
17.0688 	EXP 	faces_image: autoDraw = False
18.0508 	EXP 	fixation: autoDraw = True
18.9546 	INFO 	Keyboard events cleared
18.9541 	WARNING 	t of last frame was 36.81ms (=1/27)
18.9541 	EXP 	fixation: autoDraw = False
18.9541 	EXP 	fixation: autoDraw = False
18.9541 	EXP 	faces_image: image = 'faces/unknown/unknown_204.jpg'
18.9541 	EXP 	faces_image: autoDraw = True
20.9275 	EXP 	New trial (rep=0, index=4): <Trial 4 (4 in rep 0) data={'block': 1, 'trial': 5, 'image': 'faces/unknown/unknown_108.jpg', 'type': 'unknown', 'thisN': 4, 'thisTrialN': 4, 'thisRepN': 0}>
20.9346 	EXP 	faces_image: autoDraw = False
21.9111 	EXP 	fixation: autoDraw = True
22.5975 	INFO 	Keyboard events cleared
22.5975 	WARNING 	Multiple dropped frames have occurred - I'll stop bothering you about them!
22.5971 	EXP 	fixation: autoDraw = False
22.5971 	EXP 	fixation: autoDraw = False
22.5971 	EXP 	faces_image: image = 'faces/unknown/unknown_108.jpg'
22.5971 	EXP 	faces_image: autoDraw = True
24.5642 	EXP 	New trial (rep=0, index=5): <Trial 5 (5 in rep 0) data={'block': 1, 'trial': 6, 'image': 'faces/unknown/unknown_123.jpg', 'type': 'unknown', 'thisN': 5, 'thisTrialN': 5, 'thisRepN': 0}>
24.5709 	EXP 	faces_image: autoDraw = False
25.5537 	EXP 	fixation: autoDraw = True
26.2695 	INFO 	Keyboard events cleared
26.2691 	EXP 	fixation: autoDraw = False
26.2691 	EXP 	fixation: autoDraw = False
26.2691 	EXP 	faces_image: image = 'faces/unknown/unknown_123.jpg'
26.2691 	EXP 	faces_image: autoDraw = True
28.2331 	EXP 	New trial (rep=0, index=6): <Trial 6 (6 in rep 0) data={'block': 1, 'trial': 7, 'image': 'faces/unknown/unknown_174.jpg', 'type': 'unknown', 'thisN': 6, 'thisTrialN': 6, 'thisRepN': 0}>
28.2377 	EXP 	faces_image: autoDraw = False
29.2197 	EXP 	fixation: autoDraw = True
30.1807 	INFO 	Keyboard events cleared
30.1803 	EXP 	fixation: autoDraw = False
30.1803 	EXP 	fixation: autoDraw = False
30.1803 	EXP 	faces_image: image = 'faces/unknown/unknown_174.jpg'
30.1803 	EXP 	faces_image: autoDraw = True
32.1478 	EXP 	New trial (rep=0, index=7): <Trial 7 (7 in rep 0) data={'block': 1, 'trial': 8, 'image': 'faces/known/known_37.jpg', 'type': 'known', 'thisN': 7, 'thisTrialN': 7, 'thisRepN': 0}>
32.1536 	EXP 	faces_image: autoDraw = False
33.1344 	EXP 	fixation: autoDraw = True
33.8608 	WARNING 	Requested image 'faces/known/known_37.jpg' not found but similar filename 'faces/known/known_37.png' exists. This will be used instead but changing the filename is advised.
33.8985 	INFO 	Keyboard events cleared
33.8981 	EXP 	fixation: autoDraw = False
33.8981 	EXP 	fixation: autoDraw = False
33.8981 	EXP 	faces_image: image = 'faces/known/known_37.jpg'
33.8981 	EXP 	faces_image: autoDraw = True
34.6522 	DATA 	Keypress: space
35.8629 	EXP 	New trial (rep=0, index=8): <Trial 8 (8 in rep 0) data={'block': 1, 'trial': 9, 'image': 'faces/unknown/unknown_56.jpg', 'type': 'unknown', 'thisN': 8, 'thisTrialN': 8, 'thisRepN': 0}>
35.8683 	EXP 	faces_image: autoDraw = False
36.8503 	EXP 	fixation: autoDraw = True
37.6978 	INFO 	Keyboard events cleared
37.6974 	EXP 	fixation: autoDraw = False
37.6974 	EXP 	fixation: autoDraw = False
37.6974 	EXP 	faces_image: image = 'faces/unknown/unknown_56.jpg'
37.6974 	EXP 	faces_image: autoDraw = True
39.6686 	EXP 	New trial (rep=0, index=9): <Trial 9 (9 in rep 0) data={'block': 1, 'trial': 10, 'image': 'faces/known/known_59.jpg', 'type': 'known', 'thisN': 9, 'thisTrialN': 9, 'thisRepN': 0}>
39.6777 	EXP 	faces_image: autoDraw = False
40.6596 	EXP 	fixation: autoDraw = True
41.5722 	WARNING 	Requested image 'faces/known/known_59.jpg' not found but similar filename 'faces/known/known_59.png' exists. This will be used instead but changing the filename is advised.
41.5884 	INFO 	Keyboard events cleared
41.5880 	EXP 	fixation: autoDraw = False
41.5880 	EXP 	fixation: autoDraw = False
41.5880 	EXP 	faces_image: image = 'faces/known/known_59.jpg'
41.5880 	EXP 	faces_image: autoDraw = True
42.1979 	DATA 	Keypress: space
43.5722 	EXP 	New trial (rep=0, index=10): <Trial 10 (10 in rep 0) data={'block': 1, 'trial': 11, 'image': 'faces/unknown/unknown_242.jpg', 'type': 'unknown', 'thisN': 10, 'thisTrialN': 10, 'thisRepN': 0}>
43.5805 	EXP 	faces_image: autoDraw = False
43.5805 	EXP 	faces_image: autoDraw = False
44.5651 	EXP 	fixation: autoDraw = True
45.3315 	INFO 	Keyboard events cleared
45.3311 	EXP 	fixation: autoDraw = False
45.3311 	EXP 	fixation: autoDraw = False
45.3311 	EXP 	faces_image: image = 'faces/unknown/unknown_242.jpg'
45.3311 	EXP 	faces_image: autoDraw = True
47.2989 	EXP 	New trial (rep=0, index=11): <Trial 11 (11 in rep 0) data={'block': 1, 'trial': 12, 'image': 'faces/unknown/unknown_19.jpg', 'type': 'unknown', 'thisN': 11, 'thisTrialN': 11, 'thisRepN': 0}>
47.3051 	EXP 	faces_image: autoDraw = False
48.2863 	EXP 	fixation: autoDraw = True
48.9990 	INFO 	Keyboard events cleared
48.9986 	EXP 	fixation: autoDraw = False
48.9986 	EXP 	fixation: autoDraw = False
48.9986 	EXP 	faces_image: image = 'faces/unknown/unknown_19.jpg'
48.9986 	EXP 	faces_image: autoDraw = True
50.9656 	EXP 	New trial (rep=0, index=12): <Trial 12 (12 in rep 0) data={'block': 1, 'trial': 13, 'image': 'faces/unknown/unknown_103.jpg', 'type': 'unknown', 'thisN': 12, 'thisTrialN': 12, 'thisRepN': 0}>
50.9709 	EXP 	faces_image: autoDraw = False
51.9544 	EXP 	fixation: autoDraw = True
52.8940 	INFO 	Keyboard events cleared
52.8936 	EXP 	fixation: autoDraw = False
52.8936 	EXP 	fixation: autoDraw = False
52.8936 	EXP 	faces_image: image = 'faces/unknown/unknown_103.jpg'
52.8936 	EXP 	faces_image: autoDraw = True
54.8624 	EXP 	New trial (rep=0, index=13): <Trial 13 (13 in rep 0) data={'block': 1, 'trial': 14, 'image': 'faces/known/known_0.jpg', 'type': 'known', 'thisN': 13, 'thisTrialN': 13, 'thisRepN': 0}>
54.8684 	EXP 	faces_image: autoDraw = False
55.8498 	EXP 	fixation: autoDraw = True
56.7839 	WARNING 	Requested image 'faces/known/known_0.jpg' not found but similar filename 'faces/known/known_0.png' exists. This will be used instead but changing the filename is advised.
56.8215 	INFO 	Keyboard events cleared
56.8211 	EXP 	fixation: autoDraw = False
56.8211 	EXP 	fixation: autoDraw = False
56.8211 	EXP 	faces_image: image = 'faces/known/known_0.jpg'
56.8211 	EXP 	faces_image: autoDraw = True
58.0320 	DATA 	Keypress: space
58.7894 	EXP 	New trial (rep=0, index=14): <Trial 14 (14 in rep 0) data={'block': 1, 'trial': 15, 'image': 'faces/known/known_36.jpg', 'type': 'known', 'thisN': 14, 'thisTrialN': 14, 'thisRepN': 0}>
58.7952 	EXP 	faces_image: autoDraw = False
59.7795 	EXP 	fixation: autoDraw = True
60.5553 	WARNING 	Requested image 'faces/known/known_36.jpg' not found but similar filename 'faces/known/known_36.png' exists. This will be used instead but changing the filename is advised.
60.5936 	INFO 	Keyboard events cleared
60.5932 	EXP 	fixation: autoDraw = False
60.5932 	EXP 	fixation: autoDraw = False
60.5932 	EXP 	faces_image: image = 'faces/known/known_36.jpg'
60.5932 	EXP 	faces_image: autoDraw = True
61.3156 	DATA 	Keypress: space
62.5618 	EXP 	New trial (rep=0, index=15): <Trial 15 (15 in rep 0) data={'block': 1, 'trial': 16, 'image': 'faces/unknown/unknown_286.jpg', 'type': 'unknown', 'thisN': 15, 'thisTrialN': 15, 'thisRepN': 0}>
62.5646 	EXP 	faces_image: autoDraw = False
63.5529 	EXP 	fixation: autoDraw = True
64.2931 	INFO 	Keyboard events cleared
64.2926 	EXP 	fixation: autoDraw = False
64.2926 	EXP 	fixation: autoDraw = False
64.2926 	EXP 	faces_image: image = 'faces/unknown/unknown_286.jpg'
64.2926 	EXP 	faces_image: autoDraw = True
66.2592 	EXP 	New trial (rep=0, index=16): <Trial 16 (16 in rep 0) data={'block': 1, 'trial': 17, 'image': 'faces/unknown/unknown_275.jpg', 'type': 'unknown', 'thisN': 16, 'thisTrialN': 16, 'thisRepN': 0}>
66.2620 	EXP 	faces_image: autoDraw = False
67.2495 	EXP 	fixation: autoDraw = True
68.1298 	INFO 	Keyboard events cleared
68.1294 	EXP 	fixation: autoDraw = False
68.1294 	EXP 	fixation: autoDraw = False
68.1294 	EXP 	faces_image: image = 'faces/unknown/unknown_275.jpg'
68.1294 	EXP 	faces_image: autoDraw = True
70.0982 	EXP 	New trial (rep=0, index=17): <Trial 17 (17 in rep 0) data={'block': 1, 'trial': 18, 'image': 'faces/unknown/unknown_135.jpg', 'type': 'unknown', 'thisN': 17, 'thisTrialN': 17, 'thisRepN': 0}>
70.1040 	EXP 	faces_image: autoDraw = False
71.0960 	EXP 	fixation: autoDraw = True
71.8323 	INFO 	Keyboard events cleared
71.8318 	EXP 	fixation: autoDraw = False
71.8318 	EXP 	fixation: autoDraw = False
71.8318 	EXP 	faces_image: image = 'faces/unknown/unknown_135.jpg'
71.8318 	EXP 	faces_image: autoDraw = True
73.8011 	EXP 	New trial (rep=0, index=18): <Trial 18 (18 in rep 0) data={'block': 1, 'trial': 19, 'image': 'faces/unknown/unknown_139.jpg', 'type': 'unknown', 'thisN': 18, 'thisTrialN': 18, 'thisRepN': 0}>
73.8107 	EXP 	faces_image: autoDraw = False
74.7825 	EXP 	fixation: autoDraw = True
75.7219 	INFO 	Keyboard events cleared
75.7215 	EXP 	fixation: autoDraw = False
75.7215 	EXP 	fixation: autoDraw = False
75.7215 	EXP 	faces_image: image = 'faces/unknown/unknown_139.jpg'
75.7215 	EXP 	faces_image: autoDraw = True
77.6950 	EXP 	New trial (rep=0, index=19): <Trial 19 (19 in rep 0) data={'block': 1, 'trial': 20, 'image': 'faces/unknown/unknown_265.jpg', 'type': 'unknown', 'thisN': 19, 'thisTrialN': 19, 'thisRepN': 0}>
77.7042 	EXP 	faces_image: autoDraw = False
78.6855 	EXP 	fixation: autoDraw = True
79.5392 	INFO 	Keyboard events cleared
79.5382 	EXP 	fixation: autoDraw = False
79.5382 	EXP 	fixation: autoDraw = False
79.5382 	EXP 	faces_image: image = 'faces/unknown/unknown_265.jpg'
79.5382 	EXP 	faces_image: autoDraw = True
81.5130 	EXP 	New trial (rep=0, index=20): <Trial 20 (20 in rep 0) data={'block': 1, 'trial': 21, 'image': 'faces/unknown/unknown_117.jpg', 'type': 'unknown', 'thisN': 20, 'thisTrialN': 20, 'thisRepN': 0}>
81.5153 	EXP 	faces_image: autoDraw = False
82.4972 	EXP 	fixation: autoDraw = True
83.2634 	INFO 	Keyboard events cleared
83.2630 	EXP 	fixation: autoDraw = False
83.2630 	EXP 	fixation: autoDraw = False
83.2630 	EXP 	faces_image: image = 'faces/unknown/unknown_117.jpg'
83.2630 	EXP 	faces_image: autoDraw = True
85.2285 	EXP 	New trial (rep=0, index=21): <Trial 21 (21 in rep 0) data={'block': 1, 'trial': 22, 'image': 'faces/unknown/unknown_157.jpg', 'type': 'unknown', 'thisN': 21, 'thisTrialN': 21, 'thisRepN': 0}>
85.2308 	EXP 	faces_image: autoDraw = False
86.2126 	EXP 	fixation: autoDraw = True
87.1647 	INFO 	Keyboard events cleared
87.1642 	EXP 	fixation: autoDraw = False
87.1642 	EXP 	fixation: autoDraw = False
87.1642 	EXP 	faces_image: image = 'faces/unknown/unknown_157.jpg'
87.1642 	EXP 	faces_image: autoDraw = True
89.1336 	EXP 	New trial (rep=0, index=22): <Trial 22 (22 in rep 0) data={'block': 1, 'trial': 23, 'image': 'faces/unknown/unknown_79.jpg', 'type': 'unknown', 'thisN': 22, 'thisTrialN': 22, 'thisRepN': 0}>
89.1427 	EXP 	faces_image: autoDraw = False
90.1165 	EXP 	fixation: autoDraw = True
90.8377 	INFO 	Keyboard events cleared
90.8373 	EXP 	fixation: autoDraw = False
90.8373 	EXP 	fixation: autoDraw = False
90.8373 	EXP 	faces_image: image = 'faces/unknown/unknown_79.jpg'
90.8373 	EXP 	faces_image: autoDraw = True
92.8097 	EXP 	New trial (rep=0, index=23): <Trial 23 (23 in rep 0) data={'block': 1, 'trial': 24, 'image': 'faces/unknown/unknown_254.jpg', 'type': 'unknown', 'thisN': 23, 'thisTrialN': 23, 'thisRepN': 0}>
92.8122 	EXP 	faces_image: autoDraw = False
93.7941 	EXP 	fixation: autoDraw = True
94.7092 	INFO 	Keyboard events cleared
94.7088 	EXP 	fixation: autoDraw = False
94.7088 	EXP 	fixation: autoDraw = False
94.7088 	EXP 	faces_image: image = 'faces/unknown/unknown_254.jpg'
94.7088 	EXP 	faces_image: autoDraw = True
96.6766 	EXP 	New trial (rep=0, index=24): <Trial 24 (24 in rep 0) data={'block': 1, 'trial': 25, 'image': 'faces/unknown/unknown_2.jpg', 'type': 'unknown', 'thisN': 24, 'thisTrialN': 24, 'thisRepN': 0}>
96.6792 	EXP 	faces_image: autoDraw = False
97.6618 	EXP 	fixation: autoDraw = True
98.4654 	INFO 	Keyboard events cleared
98.4650 	EXP 	fixation: autoDraw = False
98.4650 	EXP 	fixation: autoDraw = False
98.4650 	EXP 	faces_image: image = 'faces/unknown/unknown_2.jpg'
98.4650 	EXP 	faces_image: autoDraw = True
100.4318 	EXP 	New trial (rep=0, index=25): <Trial 25 (25 in rep 0) data={'block': 1, 'trial': 26, 'image': 'faces/unknown/unknown_274.jpg', 'type': 'unknown', 'thisN': 25, 'thisTrialN': 25, 'thisRepN': 0}>
100.4368 	EXP 	faces_image: autoDraw = False
101.4186 	EXP 	fixation: autoDraw = True
102.1214 	INFO 	Keyboard events cleared
102.1209 	EXP 	fixation: autoDraw = False
102.1209 	EXP 	fixation: autoDraw = False
102.1209 	EXP 	faces_image: image = 'faces/unknown/unknown_274.jpg'
102.1209 	EXP 	faces_image: autoDraw = True
104.0847 	EXP 	New trial (rep=0, index=26): <Trial 26 (26 in rep 0) data={'block': 1, 'trial': 27, 'image': 'faces/unknown/unknown_213.jpg', 'type': 'unknown', 'thisN': 26, 'thisTrialN': 26, 'thisRepN': 0}>
104.0945 	EXP 	faces_image: autoDraw = False
105.0666 	EXP 	fixation: autoDraw = True
105.9417 	INFO 	Keyboard events cleared
105.9413 	EXP 	fixation: autoDraw = False
105.9413 	EXP 	fixation: autoDraw = False
105.9413 	EXP 	faces_image: image = 'faces/unknown/unknown_213.jpg'
105.9413 	EXP 	faces_image: autoDraw = True
107.9129 	EXP 	New trial (rep=0, index=27): <Trial 27 (27 in rep 0) data={'block': 1, 'trial': 28, 'image': 'faces/unknown/unknown_206.jpg', 'type': 'unknown', 'thisN': 27, 'thisTrialN': 27, 'thisRepN': 0}>
107.9150 	EXP 	faces_image: autoDraw = False
108.9026 	EXP 	fixation: autoDraw = True
109.6683 	INFO 	Keyboard events cleared
109.6678 	EXP 	fixation: autoDraw = False
109.6678 	EXP 	fixation: autoDraw = False
109.6678 	EXP 	faces_image: image = 'faces/unknown/unknown_206.jpg'
109.6678 	EXP 	faces_image: autoDraw = True
111.6308 	EXP 	New trial (rep=0, index=28): <Trial 28 (28 in rep 0) data={'block': 1, 'trial': 29, 'image': 'faces/unknown/unknown_273.jpg', 'type': 'unknown', 'thisN': 28, 'thisTrialN': 28, 'thisRepN': 0}>
111.6366 	EXP 	faces_image: autoDraw = False
112.6181 	EXP 	fixation: autoDraw = True
113.3212 	INFO 	Keyboard events cleared
113.3208 	EXP 	fixation: autoDraw = False
113.3208 	EXP 	fixation: autoDraw = False
113.3208 	EXP 	faces_image: image = 'faces/unknown/unknown_273.jpg'
113.3208 	EXP 	faces_image: autoDraw = True
115.2855 	EXP 	New trial (rep=0, index=29): <Trial 29 (29 in rep 0) data={'block': 1, 'trial': 30, 'image': 'faces/unknown/unknown_119.jpg', 'type': 'unknown', 'thisN': 29, 'thisTrialN': 29, 'thisRepN': 0}>
115.2937 	EXP 	faces_image: autoDraw = False
116.2793 	EXP 	fixation: autoDraw = True
117.1978 	INFO 	Keyboard events cleared
117.1974 	EXP 	fixation: autoDraw = False
117.1974 	EXP 	fixation: autoDraw = False
117.1974 	EXP 	faces_image: image = 'faces/unknown/unknown_119.jpg'
117.1974 	EXP 	faces_image: autoDraw = True
119.1641 	EXP 	New trial (rep=0, index=30): <Trial 30 (30 in rep 0) data={'block': 1, 'trial': 31, 'image': 'faces/unknown/unknown_40.jpg', 'type': 'unknown', 'thisN': 30, 'thisTrialN': 30, 'thisRepN': 0}>
119.1700 	EXP 	faces_image: autoDraw = False
120.1513 	EXP 	fixation: autoDraw = True
120.8735 	INFO 	Keyboard events cleared
120.8731 	EXP 	fixation: autoDraw = False
120.8731 	EXP 	fixation: autoDraw = False
120.8731 	EXP 	faces_image: image = 'faces/unknown/unknown_40.jpg'
120.8731 	EXP 	faces_image: autoDraw = True
122.8460 	EXP 	New trial (rep=0, index=31): <Trial 31 (31 in rep 0) data={'block': 1, 'trial': 32, 'image': 'faces/unknown/unknown_38.jpg', 'type': 'unknown', 'thisN': 31, 'thisTrialN': 31, 'thisRepN': 0}>
122.8539 	EXP 	faces_image: autoDraw = False
123.8299 	EXP 	fixation: autoDraw = True
124.7870 	INFO 	Keyboard events cleared
124.7866 	EXP 	fixation: autoDraw = False
124.7866 	EXP 	fixation: autoDraw = False
124.7866 	EXP 	faces_image: image = 'faces/unknown/unknown_38.jpg'
124.7866 	EXP 	faces_image: autoDraw = True
126.7518 	EXP 	New trial (rep=0, index=32): <Trial 32 (32 in rep 0) data={'block': 1, 'trial': 33, 'image': 'faces/unknown/unknown_24.jpg', 'type': 'unknown', 'thisN': 32, 'thisTrialN': 32, 'thisRepN': 0}>
126.7606 	EXP 	faces_image: autoDraw = False
127.7331 	EXP 	fixation: autoDraw = True
128.6910 	INFO 	Keyboard events cleared
128.6905 	EXP 	fixation: autoDraw = False
128.6905 	EXP 	fixation: autoDraw = False
128.6905 	EXP 	faces_image: image = 'faces/unknown/unknown_24.jpg'
128.6905 	EXP 	faces_image: autoDraw = True
130.6487 	EXP 	New trial (rep=0, index=33): <Trial 33 (33 in rep 0) data={'block': 1, 'trial': 34, 'image': 'faces/unknown/unknown_112.jpg', 'type': 'unknown', 'thisN': 33, 'thisTrialN': 33, 'thisRepN': 0}>
130.6541 	EXP 	faces_image: autoDraw = False
131.6360 	EXP 	fixation: autoDraw = True
132.5811 	INFO 	Keyboard events cleared
132.5806 	EXP 	fixation: autoDraw = False
132.5806 	EXP 	fixation: autoDraw = False
132.5806 	EXP 	faces_image: image = 'faces/unknown/unknown_112.jpg'
132.5806 	EXP 	faces_image: autoDraw = True
134.5508 	EXP 	New trial (rep=0, index=34): <Trial 34 (34 in rep 0) data={'block': 1, 'trial': 35, 'image': 'faces/known/known_4.jpg', 'type': 'known', 'thisN': 34, 'thisTrialN': 34, 'thisRepN': 0}>
134.5601 	EXP 	faces_image: autoDraw = False
135.5328 	EXP 	fixation: autoDraw = True
136.2857 	WARNING 	Requested image 'faces/known/known_4.jpg' not found but similar filename 'faces/known/known_4.png' exists. This will be used instead but changing the filename is advised.
136.3200 	INFO 	Keyboard events cleared
136.3196 	EXP 	fixation: autoDraw = False
136.3196 	EXP 	fixation: autoDraw = False
136.3196 	EXP 	faces_image: image = 'faces/known/known_4.jpg'
136.3196 	EXP 	faces_image: autoDraw = True
137.0134 	DATA 	Keypress: space
138.2938 	EXP 	New trial (rep=0, index=35): <Trial 35 (35 in rep 0) data={'block': 1, 'trial': 36, 'image': 'faces/unknown/unknown_55.jpg', 'type': 'unknown', 'thisN': 35, 'thisTrialN': 35, 'thisRepN': 0}>
138.2964 	EXP 	faces_image: autoDraw = False
139.2783 	EXP 	fixation: autoDraw = True
139.9350 	INFO 	Keyboard events cleared
139.9346 	EXP 	fixation: autoDraw = False
139.9346 	EXP 	fixation: autoDraw = False
139.9346 	EXP 	faces_image: image = 'faces/unknown/unknown_55.jpg'
139.9346 	EXP 	faces_image: autoDraw = True
141.9026 	EXP 	New trial (rep=0, index=36): <Trial 36 (36 in rep 0) data={'block': 1, 'trial': 37, 'image': 'faces/unknown/unknown_252.jpg', 'type': 'unknown', 'thisN': 36, 'thisTrialN': 36, 'thisRepN': 0}>
141.9115 	EXP 	faces_image: autoDraw = False
142.8937 	EXP 	fixation: autoDraw = True
143.6825 	INFO 	Keyboard events cleared
143.6822 	EXP 	fixation: autoDraw = False
143.6822 	EXP 	fixation: autoDraw = False
143.6822 	EXP 	faces_image: image = 'faces/unknown/unknown_252.jpg'
143.6822 	EXP 	faces_image: autoDraw = True
145.6484 	EXP 	New trial (rep=0, index=37): <Trial 37 (37 in rep 0) data={'block': 1, 'trial': 38, 'image': 'faces/unknown/unknown_150.jpg', 'type': 'unknown', 'thisN': 37, 'thisTrialN': 37, 'thisRepN': 0}>
145.6542 	EXP 	faces_image: autoDraw = False
146.6358 	EXP 	fixation: autoDraw = True
147.5365 	INFO 	Keyboard events cleared
147.5361 	EXP 	fixation: autoDraw = False
147.5361 	EXP 	fixation: autoDraw = False
147.5361 	EXP 	faces_image: image = 'faces/unknown/unknown_150.jpg'
147.5361 	EXP 	faces_image: autoDraw = True
149.5119 	EXP 	New trial (rep=0, index=38): <Trial 38 (38 in rep 0) data={'block': 1, 'trial': 39, 'image': 'faces/unknown/unknown_78.jpg', 'type': 'unknown', 'thisN': 38, 'thisTrialN': 38, 'thisRepN': 0}>
149.5143 	EXP 	faces_image: autoDraw = False
150.4958 	EXP 	fixation: autoDraw = True
151.2847 	INFO 	Keyboard events cleared
151.2843 	EXP 	fixation: autoDraw = False
151.2843 	EXP 	fixation: autoDraw = False
151.2843 	EXP 	faces_image: image = 'faces/unknown/unknown_78.jpg'
151.2843 	EXP 	faces_image: autoDraw = True
153.2479 	EXP 	New trial (rep=0, index=39): <Trial 39 (39 in rep 0) data={'block': 1, 'trial': 40, 'image': 'faces/unknown/unknown_237.jpg', 'type': 'unknown', 'thisN': 39, 'thisTrialN': 39, 'thisRepN': 0}>
153.2533 	EXP 	faces_image: autoDraw = False
154.2351 	EXP 	fixation: autoDraw = True
155.0340 	INFO 	Keyboard events cleared
155.0336 	EXP 	fixation: autoDraw = False
155.0336 	EXP 	fixation: autoDraw = False
155.0336 	EXP 	faces_image: image = 'faces/unknown/unknown_237.jpg'
155.0336 	EXP 	faces_image: autoDraw = True
156.9996 	EXP 	New trial (rep=0, index=40): <Trial 40 (40 in rep 0) data={'block': 1, 'trial': 41, 'image': 'faces/unknown/unknown_215.jpg', 'type': 'unknown', 'thisN': 40, 'thisTrialN': 40, 'thisRepN': 0}>
157.0052 	EXP 	faces_image: autoDraw = False
157.9869 	EXP 	fixation: autoDraw = True
158.9691 	INFO 	Keyboard events cleared
158.9688 	EXP 	fixation: autoDraw = False
158.9688 	EXP 	fixation: autoDraw = False
158.9688 	EXP 	faces_image: image = 'faces/unknown/unknown_215.jpg'
158.9688 	EXP 	faces_image: autoDraw = True
160.9332 	EXP 	New trial (rep=0, index=41): <Trial 41 (41 in rep 0) data={'block': 1, 'trial': 42, 'image': 'faces/unknown/unknown_186.jpg', 'type': 'unknown', 'thisN': 41, 'thisTrialN': 41, 'thisRepN': 0}>
160.9384 	EXP 	faces_image: autoDraw = False
161.9303 	EXP 	fixation: autoDraw = True
162.9034 	INFO 	Keyboard events cleared
162.9029 	EXP 	fixation: autoDraw = False
162.9029 	EXP 	fixation: autoDraw = False
162.9029 	EXP 	faces_image: image = 'faces/unknown/unknown_186.jpg'
162.9029 	EXP 	faces_image: autoDraw = True
164.8666 	EXP 	New trial (rep=0, index=42): <Trial 42 (42 in rep 0) data={'block': 1, 'trial': 43, 'image': 'faces/unknown/unknown_8.jpg', 'type': 'unknown', 'thisN': 42, 'thisTrialN': 42, 'thisRepN': 0}>
164.8718 	EXP 	faces_image: autoDraw = False
165.8623 	EXP 	fixation: autoDraw = True
166.7226 	INFO 	Keyboard events cleared
166.7222 	EXP 	fixation: autoDraw = False
166.7222 	EXP 	fixation: autoDraw = False
166.7222 	EXP 	faces_image: image = 'faces/unknown/unknown_8.jpg'
166.7222 	EXP 	faces_image: autoDraw = True
168.6902 	EXP 	New trial (rep=0, index=43): <Trial 43 (43 in rep 0) data={'block': 1, 'trial': 44, 'image': 'faces/unknown/unknown_271.jpg', 'type': 'unknown', 'thisN': 43, 'thisTrialN': 43, 'thisRepN': 0}>
168.6958 	EXP 	faces_image: autoDraw = False
169.6811 	EXP 	fixation: autoDraw = True
170.5187 	INFO 	Keyboard events cleared
170.5183 	EXP 	fixation: autoDraw = False
170.5183 	EXP 	fixation: autoDraw = False
170.5183 	EXP 	faces_image: image = 'faces/unknown/unknown_271.jpg'
170.5183 	EXP 	faces_image: autoDraw = True
172.4844 	EXP 	New trial (rep=0, index=44): <Trial 44 (44 in rep 0) data={'block': 1, 'trial': 45, 'image': 'faces/known/known_31.jpg', 'type': 'known', 'thisN': 44, 'thisTrialN': 44, 'thisRepN': 0}>
172.4934 	EXP 	faces_image: autoDraw = False
173.4798 	EXP 	fixation: autoDraw = True
174.1603 	WARNING 	Requested image 'faces/known/known_31.jpg' not found but similar filename 'faces/known/known_31.png' exists. This will be used instead but changing the filename is advised.
174.1970 	INFO 	Keyboard events cleared
174.1966 	EXP 	fixation: autoDraw = False
174.1966 	EXP 	fixation: autoDraw = False
174.1966 	EXP 	faces_image: image = 'faces/known/known_31.jpg'
174.1966 	EXP 	faces_image: autoDraw = True
174.9157 	DATA 	Keypress: space
176.1626 	EXP 	New trial (rep=0, index=45): <Trial 45 (45 in rep 0) data={'block': 1, 'trial': 46, 'image': 'faces/unknown/unknown_122.jpg', 'type': 'unknown', 'thisN': 45, 'thisTrialN': 45, 'thisRepN': 0}>
176.1686 	EXP 	faces_image: autoDraw = False
177.1505 	EXP 	fixation: autoDraw = True
178.0403 	INFO 	Keyboard events cleared
178.0399 	EXP 	fixation: autoDraw = False
178.0399 	EXP 	fixation: autoDraw = False
178.0399 	EXP 	faces_image: image = 'faces/unknown/unknown_122.jpg'
178.0399 	EXP 	faces_image: autoDraw = True
180.0111 	EXP 	New trial (rep=0, index=46): <Trial 46 (46 in rep 0) data={'block': 1, 'trial': 47, 'image': 'faces/known/known_26.jpg', 'type': 'known', 'thisN': 46, 'thisTrialN': 46, 'thisRepN': 0}>
180.0166 	EXP 	faces_image: autoDraw = False
180.9982 	EXP 	fixation: autoDraw = True
181.6126 	WARNING 	Requested image 'faces/known/known_26.jpg' not found but similar filename 'faces/known/known_26.png' exists. This will be used instead but changing the filename is advised.
181.6539 	INFO 	Keyboard events cleared
181.6535 	EXP 	fixation: autoDraw = False
181.6535 	EXP 	fixation: autoDraw = False
181.6535 	EXP 	faces_image: image = 'faces/known/known_26.jpg'
181.6535 	EXP 	faces_image: autoDraw = True
182.2849 	DATA 	Keypress: space
183.6140 	EXP 	New trial (rep=0, index=47): <Trial 47 (47 in rep 0) data={'block': 1, 'trial': 48, 'image': 'faces/unknown/unknown_21.jpg', 'type': 'unknown', 'thisN': 47, 'thisTrialN': 47, 'thisRepN': 0}>
183.6168 	EXP 	faces_image: autoDraw = False
184.5986 	EXP 	fixation: autoDraw = True
185.4214 	INFO 	Keyboard events cleared
185.4210 	EXP 	fixation: autoDraw = False
185.4210 	EXP 	fixation: autoDraw = False
185.4210 	EXP 	faces_image: image = 'faces/unknown/unknown_21.jpg'
185.4210 	EXP 	faces_image: autoDraw = True
187.3954 	EXP 	New trial (rep=0, index=48): <Trial 48 (48 in rep 0) data={'block': 1, 'trial': 49, 'image': 'faces/known/known_35.jpg', 'type': 'known', 'thisN': 48, 'thisTrialN': 48, 'thisRepN': 0}>
187.3981 	EXP 	faces_image: autoDraw = False
188.3802 	EXP 	fixation: autoDraw = True
189.1823 	WARNING 	Requested image 'faces/known/known_35.jpg' not found but similar filename 'faces/known/known_35.png' exists. This will be used instead but changing the filename is advised.
189.2177 	INFO 	Keyboard events cleared
189.2173 	EXP 	fixation: autoDraw = False
189.2173 	EXP 	fixation: autoDraw = False
189.2173 	EXP 	faces_image: image = 'faces/known/known_35.jpg'
189.2173 	EXP 	faces_image: autoDraw = True
189.7308 	DATA 	Keypress: space
191.1865 	EXP 	New trial (rep=0, index=49): <Trial 49 (49 in rep 0) data={'block': 1, 'trial': 50, 'image': 'faces/unknown/unknown_149.jpg', 'type': 'unknown', 'thisN': 49, 'thisTrialN': 49, 'thisRepN': 0}>
191.1952 	EXP 	faces_image: autoDraw = False
192.1771 	EXP 	fixation: autoDraw = True
193.1675 	INFO 	Keyboard events cleared
193.1670 	EXP 	fixation: autoDraw = False
193.1670 	EXP 	fixation: autoDraw = False
193.1670 	EXP 	faces_image: image = 'faces/unknown/unknown_149.jpg'
193.1670 	EXP 	faces_image: autoDraw = True
195.1372 	EXP 	New trial (rep=0, index=50): <Trial 50 (50 in rep 0) data={'block': 1, 'trial': 51, 'image': 'faces/known/known_34.jpg', 'type': 'known', 'thisN': 50, 'thisTrialN': 50, 'thisRepN': 0}>
195.1470 	EXP 	faces_image: autoDraw = False
196.1205 	EXP 	fixation: autoDraw = True
196.8475 	WARNING 	Requested image 'faces/known/known_34.jpg' not found but similar filename 'faces/known/known_34.png' exists. This will be used instead but changing the filename is advised.
196.8853 	INFO 	Keyboard events cleared
196.8849 	EXP 	fixation: autoDraw = False
196.8849 	EXP 	fixation: autoDraw = False
196.8849 	EXP 	faces_image: image = 'faces/known/known_34.jpg'
196.8849 	EXP 	faces_image: autoDraw = True
197.4968 	DATA 	Keypress: space
198.8476 	EXP 	New trial (rep=0, index=51): <Trial 51 (51 in rep 0) data={'block': 1, 'trial': 52, 'image': 'faces/known/known_43.jpg', 'type': 'known', 'thisN': 51, 'thisTrialN': 51, 'thisRepN': 0}>
198.8528 	EXP 	faces_image: autoDraw = False
199.8439 	EXP 	fixation: autoDraw = True
200.6717 	WARNING 	Requested image 'faces/known/known_43.jpg' not found but similar filename 'faces/known/known_43.png' exists. This will be used instead but changing the filename is advised.
200.6962 	INFO 	Keyboard events cleared
200.6958 	EXP 	fixation: autoDraw = False
200.6958 	EXP 	fixation: autoDraw = False
200.6958 	EXP 	faces_image: image = 'faces/known/known_43.jpg'
200.6958 	EXP 	faces_image: autoDraw = True
201.2910 	DATA 	Keypress: space
202.6805 	EXP 	New trial (rep=0, index=52): <Trial 52 (52 in rep 0) data={'block': 1, 'trial': 53, 'image': 'faces/unknown/unknown_142.jpg', 'type': 'unknown', 'thisN': 52, 'thisTrialN': 52, 'thisRepN': 0}>
202.6832 	EXP 	faces_image: autoDraw = False
203.6644 	EXP 	fixation: autoDraw = True
204.4661 	INFO 	Keyboard events cleared
204.4651 	EXP 	fixation: autoDraw = False
204.4651 	EXP 	fixation: autoDraw = False
204.4651 	EXP 	faces_image: image = 'faces/unknown/unknown_142.jpg'
204.4651 	EXP 	faces_image: autoDraw = True
206.4341 	EXP 	New trial (rep=0, index=53): <Trial 53 (53 in rep 0) data={'block': 1, 'trial': 54, 'image': 'faces/unknown/unknown_76.jpg', 'type': 'unknown', 'thisN': 53, 'thisTrialN': 53, 'thisRepN': 0}>
206.4431 	EXP 	faces_image: autoDraw = False
207.4159 	EXP 	fixation: autoDraw = True
208.1838 	INFO 	Keyboard events cleared
208.1832 	EXP 	fixation: autoDraw = False
208.1832 	EXP 	fixation: autoDraw = False
208.1832 	EXP 	faces_image: image = 'faces/unknown/unknown_76.jpg'
208.1832 	EXP 	faces_image: autoDraw = True
210.1481 	EXP 	New trial (rep=0, index=54): <Trial 54 (54 in rep 0) data={'block': 1, 'trial': 55, 'image': 'faces/unknown/unknown_115.jpg', 'type': 'unknown', 'thisN': 54, 'thisTrialN': 54, 'thisRepN': 0}>
210.1553 	EXP 	faces_image: autoDraw = False
211.1375 	EXP 	fixation: autoDraw = True
212.1198 	INFO 	Keyboard events cleared
212.1194 	EXP 	fixation: autoDraw = False
212.1194 	EXP 	fixation: autoDraw = False
212.1194 	EXP 	faces_image: image = 'faces/unknown/unknown_115.jpg'
212.1194 	EXP 	faces_image: autoDraw = True
214.0831 	EXP 	New trial (rep=0, index=55): <Trial 55 (55 in rep 0) data={'block': 1, 'trial': 56, 'image': 'faces/unknown/unknown_195.jpg', 'type': 'unknown', 'thisN': 55, 'thisTrialN': 55, 'thisRepN': 0}>
214.0881 	EXP 	faces_image: autoDraw = False
215.0706 	EXP 	fixation: autoDraw = True
216.0793 	INFO 	Keyboard events cleared
216.0789 	EXP 	fixation: autoDraw = False
216.0789 	EXP 	fixation: autoDraw = False
216.0789 	EXP 	faces_image: image = 'faces/unknown/unknown_195.jpg'
216.0789 	EXP 	faces_image: autoDraw = True
218.0468 	EXP 	New trial (rep=0, index=56): <Trial 56 (56 in rep 0) data={'block': 1, 'trial': 57, 'image': 'faces/known/known_49.jpg', 'type': 'known', 'thisN': 56, 'thisTrialN': 56, 'thisRepN': 0}>
218.0523 	EXP 	faces_image: autoDraw = False
219.0341 	EXP 	fixation: autoDraw = True
219.6457 	WARNING 	Requested image 'faces/known/known_49.jpg' not found but similar filename 'faces/known/known_49.png' exists. This will be used instead but changing the filename is advised.
219.6696 	INFO 	Keyboard events cleared
219.6691 	EXP 	fixation: autoDraw = False
219.6691 	EXP 	fixation: autoDraw = False
219.6691 	EXP 	faces_image: image = 'faces/known/known_49.jpg'
219.6691 	EXP 	faces_image: autoDraw = True
220.3081 	DATA 	Keypress: space
221.6463 	EXP 	New trial (rep=0, index=57): <Trial 57 (57 in rep 0) data={'block': 1, 'trial': 58, 'image': 'faces/unknown/unknown_128.jpg', 'type': 'unknown', 'thisN': 57, 'thisTrialN': 57, 'thisRepN': 0}>
221.6520 	EXP 	faces_image: autoDraw = False
222.6334 	EXP 	fixation: autoDraw = True
223.3465 	INFO 	Keyboard events cleared
223.3462 	EXP 	fixation: autoDraw = False
223.3462 	EXP 	fixation: autoDraw = False
223.3462 	EXP 	faces_image: image = 'faces/unknown/unknown_128.jpg'
223.3462 	EXP 	faces_image: autoDraw = True
225.3183 	EXP 	New trial (rep=0, index=58): <Trial 58 (58 in rep 0) data={'block': 1, 'trial': 59, 'image': 'faces/unknown/unknown_184.jpg', 'type': 'unknown', 'thisN': 58, 'thisTrialN': 58, 'thisRepN': 0}>
225.3281 	EXP 	faces_image: autoDraw = False
226.3092 	EXP 	fixation: autoDraw = True
227.0657 	INFO 	Keyboard events cleared
227.0652 	EXP 	fixation: autoDraw = False
227.0652 	EXP 	fixation: autoDraw = False
227.0652 	EXP 	faces_image: image = 'faces/unknown/unknown_184.jpg'
227.0652 	EXP 	faces_image: autoDraw = True
229.0317 	EXP 	New trial (rep=0, index=59): <Trial 59 (59 in rep 0) data={'block': 1, 'trial': 60, 'image': 'faces/unknown/unknown_220.jpg', 'type': 'unknown', 'thisN': 59, 'thisTrialN': 59, 'thisRepN': 0}>
229.0395 	EXP 	faces_image: autoDraw = False
230.0214 	EXP 	fixation: autoDraw = True
230.7338 	INFO 	Keyboard events cleared
230.7334 	EXP 	fixation: autoDraw = False
230.7334 	EXP 	fixation: autoDraw = False
230.7334 	EXP 	faces_image: image = 'faces/unknown/unknown_220.jpg'
230.7334 	EXP 	faces_image: autoDraw = True
232.7093 	EXP 	faces_image: autoDraw = False
232.7093 	EXP 	Endding: autoDraw = True
233.8057 	EXP 	Endding: autoDraw = False
233.8057 	EXP 	Endding: autoDraw = False
233.8059 	EXP 	project: status = STOPPED
233.8476 	INFO 	saved data to 'C:\\Users\\napat\\Documents\\GitHub\\BCI-P300-project\\data/101_project_2025-05-09_17h15.02.883.csv'
233.8490 	INFO 	saved data to C:\Users\napat\Documents\GitHub\BCI-P300-project\data/101_project_2025-05-09_17h15.02.883.psydat
