10.0541 	INFO 	Loaded monitor calibration from ['2025_03_07 15:28']
10.0599 	WARNING 	User requested fullscreen with size [1536  864], but screen is actually [1920, 1080]. Using actual size
10.2261 	EXP 	Created window1 = Window(allowGUI=False, allowStencil=False, autoLog=True, backendConf=UNKNOWN, backgroundFit=<method-wrapper '__getattribute__' of attributeSetter object at 0x0000019D2D4360E0>, backgroundImage=<method-wrapper '__getattribute__' of attributeSetter object at 0x0000019D2D436080>, bitsMode=UNKNOWN, blendMode='avg', bpc=(8, 8, 8), color=array([0, 0, 0]), colorSpace='rgb', depthBits=8, fullscr=True, gamma=None, gammaErrorPolicy='raise', infoMsg=UNKNOWN, lms=UNKNOWN, monitor=<psychopy.monitors.calibTools.Monitor object at 0x0000019D2D4F5000>, multiSample=False, name='window1', numSamples=2, pos=[0.0, 0.0], screen=0, size=array([1920, 1080]), stencilBits=0, stereo=False, title='PsychoPy', units='height', useFBO=True, useRetina=False, viewOri=0.0, viewPos=None, viewScale=None, waitBlanking=True, winType='pyglet')
10.2262 	EXP 	window1: backgroundImage = ''
10.2262 	EXP 	window1: backgroundFit = 'none'
10.2693 	EXP 	window1: Attempting to measure frame rate of screen (0) ...
10.2693 	EXP 	window1: recordFrameIntervals = False
10.3510 	EXP 	window1: recordFrameIntervals = True
10.9909 	WARNING 	Couldn't measure a consistent frame rate!
  - Is your graphics card set to sync to vertical blank?
  - Are you running other processes on your computer?

12.8643 	INFO 	keyboard.Keyboard is using iohub backend.
12.8643 	INFO 	keyboard.Keyboard is using iohub backend.
12.8644 	INFO 	keyboard.Keyboard is using iohub backend.
12.8644 	EXP 	project: status = STARTED
12.9275 	EXP 	Created Start_text = TextStim(__class__=<class 'psychopy.visual.text.TextStim'>, alignHoriz=method-wrapper(...), alignText='center', alignVert=method-wrapper(...), anchorHoriz='center', anchorVert='center', antialias=True, autoDraw=False, autoLog=True, bold=False, color=array([1., 1., 1.]), colorSpace='rgb', contrast=1.0, depth=0.0, draggable=False, flipHoriz=False, flipVert=False, font='Arial', fontFiles=[], height=0.05, italic=False, languageStyle='LTR', name='Start_text', opacity=1, ori=0.0, pos=array([0., 0.]), rgb=UNKNOWN, text=str(...), units='height', win=Window(...), wrapWidth=1)
12.9420 	EXP 	Created fixation = ShapeStim(__class__=<class 'psychopy.visual.shape.ShapeStim'>, anchor=('center', 'center'), autoDraw=False, autoLog=True, closeShape=True, color=method-wrapper(...), colorSpace='rgb', contrast=None, depth=-1.0, draggable=False, fillColor=array([1, 1, 1]), fillColorSpace='rgb', fillRGB=array([1, 1, 1]), interpolate=True, lineColor=array([1., 1., 1.]), lineColorSpace='rgb', lineRGB=array([1, 1, 1]), lineWidth=1.0, name='fixation', opacity=1, ori=0.0, pos=array([0., 0.]), size=array([0.1, 0.1]), units='height', vertices=ndarray(...), win=Window(...), windingRule=None)
12.9664 	EXP 	Created faces_image = ImageStim(__class__=<class 'psychopy.visual.image.ImageStim'>, anchor=('center', 'center'), autoLog=True, color=array([1., 1., 1.]), colorSpace='rgb', contrast=1.0, depth=0.0, draggable=False, flipHoriz=False, flipVert=False, image='default.png', interpolate=True, mask=None, maskParams=None, name='faces_image', opacity=1, ori=0.0, pos=array([0., 0.]), size=array([0.5, 0.5]), texRes=128.0, units='height', win=Window(...))
12.9709 	EXP 	Created Endding = TextStim(__class__=<class 'psychopy.visual.text.TextStim'>, alignHoriz=method-wrapper(...), alignText='center', alignVert=method-wrapper(...), anchorHoriz='center', anchorVert='center', antialias=True, autoDraw=False, autoLog=True, bold=False, color=array([1., 1., 1.]), colorSpace='rgb', contrast=1.0, depth=-1.0, draggable=False, flipHoriz=False, flipVert=False, font='Arial', fontFiles=[], height=0.05, italic=False, languageStyle='LTR', name='Endding', opacity=1, ori=0.0, pos=array([0., 0.]), rgb=UNKNOWN, text='Endding block\nThankyou for your patient', units='height', win=Window(...), wrapWidth=1)
0.0073 	INFO 	Keyboard events cleared
0.0069 	EXP 	Start_text: autoDraw = True
10.6412 	DATA 	Keypress: space
10.6500 	EXP 	Imported blocks/block5.csv as conditions, 60 conditions, 4 params
10.6504 	EXP 	New trial (rep=0, index=0): <Trial 0 (0 in rep 0) data={'block': 5, 'trial': 1, 'image': 'faces/unknown/unknown_158.jpg', 'type': 'unknown', 'thisN': 0, 'thisTrialN': 0, 'thisRepN': 0}>
10.6553 	EXP 	Start_text: autoDraw = False
11.6401 	EXP 	fixation: autoDraw = True
12.4198 	INFO 	Keyboard events cleared
12.4194 	WARNING 	t of last frame was 40.10ms (=1/24)
12.4194 	EXP 	fixation: autoDraw = False
12.4194 	EXP 	fixation: autoDraw = False
12.4194 	EXP 	faces_image: image = 'faces/unknown/unknown_158.jpg'
12.4194 	EXP 	faces_image: autoDraw = True
14.3879 	EXP 	New trial (rep=0, index=1): <Trial 1 (1 in rep 0) data={'block': 5, 'trial': 2, 'image': 'faces/unknown/unknown_227.jpg', 'type': 'unknown', 'thisN': 1, 'thisTrialN': 1, 'thisRepN': 0}>
14.3912 	EXP 	faces_image: autoDraw = False
15.3734 	EXP 	fixation: autoDraw = True
16.2858 	INFO 	Keyboard events cleared
16.2855 	WARNING 	t of last frame was 29.86ms (=1/33)
16.2855 	EXP 	fixation: autoDraw = False
16.2855 	EXP 	fixation: autoDraw = False
16.2855 	EXP 	faces_image: image = 'faces/unknown/unknown_227.jpg'
16.2855 	EXP 	faces_image: autoDraw = True
18.2584 	EXP 	New trial (rep=0, index=2): <Trial 2 (2 in rep 0) data={'block': 5, 'trial': 3, 'image': 'faces/known/known_30.jpg', 'type': 'known', 'thisN': 2, 'thisTrialN': 2, 'thisRepN': 0}>
18.2639 	EXP 	faces_image: autoDraw = False
19.2458 	EXP 	fixation: autoDraw = True
20.0070 	WARNING 	Requested image 'faces/known/known_30.jpg' not found but similar filename 'faces/known/known_30.png' exists. This will be used instead but changing the filename is advised.
20.0215 	INFO 	Keyboard events cleared
20.0212 	EXP 	fixation: autoDraw = False
20.0212 	EXP 	fixation: autoDraw = False
20.0212 	EXP 	faces_image: image = 'faces/known/known_30.jpg'
20.0212 	EXP 	faces_image: autoDraw = True
20.4382 	DATA 	Keypress: space
22.0070 	EXP 	New trial (rep=0, index=3): <Trial 3 (3 in rep 0) data={'block': 5, 'trial': 4, 'image': 'faces/known/known_40.jpg', 'type': 'known', 'thisN': 3, 'thisTrialN': 3, 'thisRepN': 0}>
22.0095 	EXP 	faces_image: autoDraw = False
22.0095 	EXP 	faces_image: autoDraw = False
22.9971 	EXP 	fixation: autoDraw = True
23.8392 	WARNING 	Requested image 'faces/known/known_40.jpg' not found but similar filename 'faces/known/known_40.png' exists. This will be used instead but changing the filename is advised.
23.8536 	INFO 	Keyboard events cleared
23.8531 	EXP 	fixation: autoDraw = False
23.8531 	EXP 	fixation: autoDraw = False
23.8531 	EXP 	faces_image: image = 'faces/known/known_40.jpg'
23.8531 	EXP 	faces_image: autoDraw = True
24.4860 	DATA 	Keypress: space
25.8371 	EXP 	New trial (rep=0, index=4): <Trial 4 (4 in rep 0) data={'block': 5, 'trial': 5, 'image': 'faces/unknown/unknown_17.jpg', 'type': 'unknown', 'thisN': 4, 'thisTrialN': 4, 'thisRepN': 0}>
25.8396 	EXP 	faces_image: autoDraw = False
25.8396 	EXP 	faces_image: autoDraw = False
26.8274 	EXP 	fixation: autoDraw = True
27.8405 	INFO 	Keyboard events cleared
27.8401 	WARNING 	t of last frame was 30.80ms (=1/32)
27.8401 	EXP 	fixation: autoDraw = False
27.8401 	EXP 	fixation: autoDraw = False
27.8401 	EXP 	faces_image: image = 'faces/unknown/unknown_17.jpg'
27.8401 	EXP 	faces_image: autoDraw = True
29.8158 	EXP 	New trial (rep=0, index=5): <Trial 5 (5 in rep 0) data={'block': 5, 'trial': 6, 'image': 'faces/unknown/unknown_244.jpg', 'type': 'unknown', 'thisN': 5, 'thisTrialN': 5, 'thisRepN': 0}>
29.8211 	EXP 	faces_image: autoDraw = False
30.8060 	EXP 	fixation: autoDraw = True
31.8040 	INFO 	Keyboard events cleared
31.8037 	WARNING 	t of last frame was 33.23ms (=1/30)
31.8037 	EXP 	fixation: autoDraw = False
31.8037 	EXP 	fixation: autoDraw = False
31.8037 	EXP 	faces_image: image = 'faces/unknown/unknown_244.jpg'
31.8037 	EXP 	faces_image: autoDraw = True
33.7731 	EXP 	New trial (rep=0, index=6): <Trial 6 (6 in rep 0) data={'block': 5, 'trial': 7, 'image': 'faces/unknown/unknown_60.jpg', 'type': 'unknown', 'thisN': 6, 'thisTrialN': 6, 'thisRepN': 0}>
33.7789 	EXP 	faces_image: autoDraw = False
34.7605 	EXP 	fixation: autoDraw = True
35.4788 	INFO 	Keyboard events cleared
35.4788 	WARNING 	Multiple dropped frames have occurred - I'll stop bothering you about them!
35.4784 	EXP 	fixation: autoDraw = False
35.4784 	EXP 	fixation: autoDraw = False
35.4784 	EXP 	faces_image: image = 'faces/unknown/unknown_60.jpg'
35.4784 	EXP 	faces_image: autoDraw = True
37.4545 	EXP 	New trial (rep=0, index=7): <Trial 7 (7 in rep 0) data={'block': 5, 'trial': 8, 'image': 'faces/unknown/unknown_226.jpg', 'type': 'unknown', 'thisN': 7, 'thisTrialN': 7, 'thisRepN': 0}>
37.4579 	EXP 	faces_image: autoDraw = False
38.4393 	EXP 	fixation: autoDraw = True
39.3697 	INFO 	Keyboard events cleared
39.3692 	EXP 	fixation: autoDraw = False
39.3692 	EXP 	fixation: autoDraw = False
39.3692 	EXP 	faces_image: image = 'faces/unknown/unknown_226.jpg'
39.3692 	EXP 	faces_image: autoDraw = True
41.3427 	EXP 	New trial (rep=0, index=8): <Trial 8 (8 in rep 0) data={'block': 5, 'trial': 9, 'image': 'faces/unknown/unknown_114.jpg', 'type': 'unknown', 'thisN': 8, 'thisTrialN': 8, 'thisRepN': 0}>
41.3484 	EXP 	faces_image: autoDraw = False
42.3300 	EXP 	fixation: autoDraw = True
42.9729 	INFO 	Keyboard events cleared
42.9725 	EXP 	fixation: autoDraw = False
42.9725 	EXP 	fixation: autoDraw = False
42.9725 	EXP 	faces_image: image = 'faces/unknown/unknown_114.jpg'
42.9725 	EXP 	faces_image: autoDraw = True
44.9428 	EXP 	New trial (rep=0, index=9): <Trial 9 (9 in rep 0) data={'block': 5, 'trial': 10, 'image': 'faces/unknown/unknown_98.jpg', 'type': 'unknown', 'thisN': 9, 'thisTrialN': 9, 'thisRepN': 0}>
44.9482 	EXP 	faces_image: autoDraw = False
45.9297 	EXP 	fixation: autoDraw = True
46.8109 	INFO 	Keyboard events cleared
46.8106 	EXP 	fixation: autoDraw = False
46.8106 	EXP 	fixation: autoDraw = False
46.8106 	EXP 	faces_image: image = 'faces/unknown/unknown_98.jpg'
46.8106 	EXP 	faces_image: autoDraw = True
48.7876 	EXP 	New trial (rep=0, index=10): <Trial 10 (10 in rep 0) data={'block': 5, 'trial': 11, 'image': 'faces/unknown/unknown_143.jpg', 'type': 'unknown', 'thisN': 10, 'thisTrialN': 10, 'thisRepN': 0}>
48.7907 	EXP 	faces_image: autoDraw = False
49.7723 	EXP 	fixation: autoDraw = True
50.4277 	INFO 	Keyboard events cleared
50.4274 	EXP 	fixation: autoDraw = False
50.4274 	EXP 	fixation: autoDraw = False
50.4274 	EXP 	faces_image: image = 'faces/unknown/unknown_143.jpg'
50.4274 	EXP 	faces_image: autoDraw = True
52.4055 	EXP 	New trial (rep=0, index=11): <Trial 11 (11 in rep 0) data={'block': 5, 'trial': 12, 'image': 'faces/unknown/unknown_58.jpg', 'type': 'unknown', 'thisN': 11, 'thisTrialN': 11, 'thisRepN': 0}>
52.4087 	EXP 	faces_image: autoDraw = False
53.3908 	EXP 	fixation: autoDraw = True
54.3408 	INFO 	Keyboard events cleared
54.3404 	EXP 	fixation: autoDraw = False
54.3404 	EXP 	fixation: autoDraw = False
54.3404 	EXP 	faces_image: image = 'faces/unknown/unknown_58.jpg'
54.3404 	EXP 	faces_image: autoDraw = True
56.3207 	EXP 	New trial (rep=0, index=12): <Trial 12 (12 in rep 0) data={'block': 5, 'trial': 13, 'image': 'faces/unknown/unknown_63.jpg', 'type': 'unknown', 'thisN': 12, 'thisTrialN': 12, 'thisRepN': 0}>
56.3237 	EXP 	faces_image: autoDraw = False
57.3057 	EXP 	fixation: autoDraw = True
58.2534 	INFO 	Keyboard events cleared
58.2530 	EXP 	fixation: autoDraw = False
58.2530 	EXP 	fixation: autoDraw = False
58.2530 	EXP 	faces_image: image = 'faces/unknown/unknown_63.jpg'
58.2530 	EXP 	faces_image: autoDraw = True
60.2269 	EXP 	New trial (rep=0, index=13): <Trial 13 (13 in rep 0) data={'block': 5, 'trial': 14, 'image': 'faces/unknown/unknown_3.jpg', 'type': 'unknown', 'thisN': 13, 'thisTrialN': 13, 'thisRepN': 0}>
60.2355 	EXP 	faces_image: autoDraw = False
61.2083 	EXP 	fixation: autoDraw = True
61.8649 	INFO 	Keyboard events cleared
61.8643 	EXP 	fixation: autoDraw = False
61.8643 	EXP 	fixation: autoDraw = False
61.8643 	EXP 	faces_image: image = 'faces/unknown/unknown_3.jpg'
61.8643 	EXP 	faces_image: autoDraw = True
63.8388 	EXP 	New trial (rep=0, index=14): <Trial 14 (14 in rep 0) data={'block': 5, 'trial': 15, 'image': 'faces/unknown/unknown_159.jpg', 'type': 'unknown', 'thisN': 14, 'thisTrialN': 14, 'thisRepN': 0}>
63.8457 	EXP 	faces_image: autoDraw = False
64.8267 	EXP 	fixation: autoDraw = True
65.6286 	INFO 	Keyboard events cleared
65.6282 	EXP 	fixation: autoDraw = False
65.6282 	EXP 	fixation: autoDraw = False
65.6282 	EXP 	faces_image: image = 'faces/unknown/unknown_159.jpg'
65.6282 	EXP 	faces_image: autoDraw = True
67.6055 	EXP 	New trial (rep=0, index=15): <Trial 15 (15 in rep 0) data={'block': 5, 'trial': 16, 'image': 'faces/unknown/unknown_249.jpg', 'type': 'unknown', 'thisN': 15, 'thisTrialN': 15, 'thisRepN': 0}>
67.6083 	EXP 	faces_image: autoDraw = False
68.5904 	EXP 	fixation: autoDraw = True
69.4102 	INFO 	Keyboard events cleared
69.4098 	EXP 	fixation: autoDraw = False
69.4098 	EXP 	fixation: autoDraw = False
69.4098 	EXP 	faces_image: image = 'faces/unknown/unknown_249.jpg'
69.4098 	EXP 	faces_image: autoDraw = True
71.3870 	EXP 	New trial (rep=0, index=16): <Trial 16 (16 in rep 0) data={'block': 5, 'trial': 17, 'image': 'faces/unknown/unknown_192.jpg', 'type': 'unknown', 'thisN': 16, 'thisTrialN': 16, 'thisRepN': 0}>
71.3902 	EXP 	faces_image: autoDraw = False
72.3777 	EXP 	fixation: autoDraw = True
73.3348 	INFO 	Keyboard events cleared
73.3344 	EXP 	fixation: autoDraw = False
73.3344 	EXP 	fixation: autoDraw = False
73.3344 	EXP 	faces_image: image = 'faces/unknown/unknown_192.jpg'
73.3344 	EXP 	faces_image: autoDraw = True
75.3120 	EXP 	New trial (rep=0, index=17): <Trial 17 (17 in rep 0) data={'block': 5, 'trial': 18, 'image': 'faces/unknown/unknown_264.jpg', 'type': 'unknown', 'thisN': 17, 'thisTrialN': 17, 'thisRepN': 0}>
75.3213 	EXP 	faces_image: autoDraw = False
76.2932 	EXP 	fixation: autoDraw = True
76.9906 	INFO 	Keyboard events cleared
76.9902 	EXP 	fixation: autoDraw = False
76.9902 	EXP 	fixation: autoDraw = False
76.9902 	EXP 	faces_image: image = 'faces/unknown/unknown_264.jpg'
76.9902 	EXP 	faces_image: autoDraw = True
78.9602 	EXP 	New trial (rep=0, index=18): <Trial 18 (18 in rep 0) data={'block': 5, 'trial': 19, 'image': 'faces/unknown/unknown_96.jpg', 'type': 'unknown', 'thisN': 18, 'thisTrialN': 18, 'thisRepN': 0}>
78.9656 	EXP 	faces_image: autoDraw = False
79.9564 	EXP 	fixation: autoDraw = True
80.9714 	INFO 	Keyboard events cleared
80.9709 	EXP 	fixation: autoDraw = False
80.9709 	EXP 	fixation: autoDraw = False
80.9709 	EXP 	faces_image: image = 'faces/unknown/unknown_96.jpg'
80.9709 	EXP 	faces_image: autoDraw = True
82.9417 	EXP 	New trial (rep=0, index=19): <Trial 19 (19 in rep 0) data={'block': 5, 'trial': 20, 'image': 'faces/known/known_33.jpg', 'type': 'known', 'thisN': 19, 'thisTrialN': 19, 'thisRepN': 0}>
82.9474 	EXP 	faces_image: autoDraw = False
83.9292 	EXP 	fixation: autoDraw = True
84.8927 	WARNING 	Requested image 'faces/known/known_33.jpg' not found but similar filename 'faces/known/known_33.png' exists. This will be used instead but changing the filename is advised.
84.9196 	INFO 	Keyboard events cleared
84.9192 	EXP 	fixation: autoDraw = False
84.9192 	EXP 	fixation: autoDraw = False
84.9192 	EXP 	faces_image: image = 'faces/known/known_33.jpg'
84.9192 	EXP 	faces_image: autoDraw = True
85.6055 	DATA 	Keypress: space
86.8932 	EXP 	New trial (rep=0, index=20): <Trial 20 (20 in rep 0) data={'block': 5, 'trial': 21, 'image': 'faces/unknown/unknown_188.jpg', 'type': 'unknown', 'thisN': 20, 'thisTrialN': 20, 'thisRepN': 0}>
86.8989 	EXP 	faces_image: autoDraw = False
87.8807 	EXP 	fixation: autoDraw = True
88.5989 	INFO 	Keyboard events cleared
88.5985 	EXP 	fixation: autoDraw = False
88.5985 	EXP 	fixation: autoDraw = False
88.5985 	EXP 	faces_image: image = 'faces/unknown/unknown_188.jpg'
88.5985 	EXP 	faces_image: autoDraw = True
90.5716 	EXP 	New trial (rep=0, index=21): <Trial 21 (21 in rep 0) data={'block': 5, 'trial': 22, 'image': 'faces/known/known_7.jpg', 'type': 'known', 'thisN': 21, 'thisTrialN': 21, 'thisRepN': 0}>
90.5773 	EXP 	faces_image: autoDraw = False
91.5594 	EXP 	fixation: autoDraw = True
92.5222 	WARNING 	Requested image 'faces/known/known_7.jpg' not found but similar filename 'faces/known/known_7.png' exists. This will be used instead but changing the filename is advised.
92.5580 	INFO 	Keyboard events cleared
92.5577 	EXP 	fixation: autoDraw = False
92.5577 	EXP 	fixation: autoDraw = False
92.5577 	EXP 	faces_image: image = 'faces/known/known_7.jpg'
92.5577 	EXP 	faces_image: autoDraw = True
93.3605 	DATA 	Keypress: space
94.5230 	EXP 	New trial (rep=0, index=22): <Trial 22 (22 in rep 0) data={'block': 5, 'trial': 23, 'image': 'faces/unknown/unknown_160.jpg', 'type': 'unknown', 'thisN': 22, 'thisTrialN': 22, 'thisRepN': 0}>
94.5288 	EXP 	faces_image: autoDraw = False
95.5106 	EXP 	fixation: autoDraw = True
96.4696 	INFO 	Keyboard events cleared
96.4693 	EXP 	fixation: autoDraw = False
96.4693 	EXP 	fixation: autoDraw = False
96.4693 	EXP 	faces_image: image = 'faces/unknown/unknown_160.jpg'
96.4693 	EXP 	faces_image: autoDraw = True
98.4441 	EXP 	New trial (rep=0, index=23): <Trial 23 (23 in rep 0) data={'block': 5, 'trial': 24, 'image': 'faces/known/known_29.jpg', 'type': 'known', 'thisN': 23, 'thisTrialN': 23, 'thisRepN': 0}>
98.4526 	EXP 	faces_image: autoDraw = False
99.4260 	EXP 	fixation: autoDraw = True
100.3053 	WARNING 	Requested image 'faces/known/known_29.jpg' not found but similar filename 'faces/known/known_29.png' exists. This will be used instead but changing the filename is advised.
100.3396 	INFO 	Keyboard events cleared
100.3393 	EXP 	fixation: autoDraw = False
100.3393 	EXP 	fixation: autoDraw = False
100.3393 	EXP 	faces_image: image = 'faces/known/known_29.jpg'
100.3393 	EXP 	faces_image: autoDraw = True
101.5387 	DATA 	Keypress: space
102.3110 	EXP 	New trial (rep=0, index=24): <Trial 24 (24 in rep 0) data={'block': 5, 'trial': 25, 'image': 'faces/unknown/unknown_296.jpg', 'type': 'unknown', 'thisN': 24, 'thisTrialN': 24, 'thisRepN': 0}>
102.3197 	EXP 	faces_image: autoDraw = False
103.2925 	EXP 	fixation: autoDraw = True
104.1707 	INFO 	Keyboard events cleared
104.1704 	EXP 	fixation: autoDraw = False
104.1704 	EXP 	fixation: autoDraw = False
104.1704 	EXP 	faces_image: image = 'faces/unknown/unknown_296.jpg'
104.1704 	EXP 	faces_image: autoDraw = True
106.1415 	EXP 	New trial (rep=0, index=25): <Trial 25 (25 in rep 0) data={'block': 5, 'trial': 26, 'image': 'faces/unknown/unknown_10.jpg', 'type': 'unknown', 'thisN': 25, 'thisTrialN': 25, 'thisRepN': 0}>
106.1470 	EXP 	faces_image: autoDraw = False
107.1297 	EXP 	fixation: autoDraw = True
107.8576 	INFO 	Keyboard events cleared
107.8572 	EXP 	fixation: autoDraw = False
107.8572 	EXP 	fixation: autoDraw = False
107.8572 	EXP 	faces_image: image = 'faces/unknown/unknown_10.jpg'
107.8572 	EXP 	faces_image: autoDraw = True
109.8268 	EXP 	New trial (rep=0, index=26): <Trial 26 (26 in rep 0) data={'block': 5, 'trial': 27, 'image': 'faces/known/known_21.jpg', 'type': 'known', 'thisN': 26, 'thisTrialN': 26, 'thisRepN': 0}>
109.8322 	EXP 	faces_image: autoDraw = False
110.8141 	EXP 	fixation: autoDraw = True
111.7064 	WARNING 	Requested image 'faces/known/known_21.jpg' not found but similar filename 'faces/known/known_21.png' exists. This will be used instead but changing the filename is advised.
111.7408 	INFO 	Keyboard events cleared
111.7405 	EXP 	fixation: autoDraw = False
111.7405 	EXP 	fixation: autoDraw = False
111.7405 	EXP 	faces_image: image = 'faces/known/known_21.jpg'
111.7405 	EXP 	faces_image: autoDraw = True
112.4157 	DATA 	Keypress: space
113.7111 	EXP 	New trial (rep=0, index=27): <Trial 27 (27 in rep 0) data={'block': 5, 'trial': 28, 'image': 'faces/known/known_25.jpg', 'type': 'known', 'thisN': 27, 'thisTrialN': 27, 'thisRepN': 0}>
113.7206 	EXP 	faces_image: autoDraw = False
114.6982 	EXP 	fixation: autoDraw = True
115.6458 	WARNING 	Requested image 'faces/known/known_25.jpg' not found but similar filename 'faces/known/known_25.png' exists. This will be used instead but changing the filename is advised.
115.6823 	INFO 	Keyboard events cleared
115.6820 	EXP 	fixation: autoDraw = False
115.6820 	EXP 	fixation: autoDraw = False
115.6820 	EXP 	faces_image: image = 'faces/known/known_25.jpg'
115.6820 	EXP 	faces_image: autoDraw = True
116.3590 	DATA 	Keypress: space
117.6528 	EXP 	New trial (rep=0, index=28): <Trial 28 (28 in rep 0) data={'block': 5, 'trial': 29, 'image': 'faces/unknown/unknown_166.jpg', 'type': 'unknown', 'thisN': 28, 'thisTrialN': 28, 'thisRepN': 0}>
117.6558 	EXP 	faces_image: autoDraw = False
118.6425 	EXP 	fixation: autoDraw = True
119.3926 	INFO 	Keyboard events cleared
119.3922 	EXP 	fixation: autoDraw = False
119.3922 	EXP 	fixation: autoDraw = False
119.3922 	EXP 	faces_image: image = 'faces/unknown/unknown_166.jpg'
119.3922 	EXP 	faces_image: autoDraw = True
121.3651 	EXP 	New trial (rep=0, index=29): <Trial 29 (29 in rep 0) data={'block': 5, 'trial': 30, 'image': 'faces/unknown/unknown_13.jpg', 'type': 'unknown', 'thisN': 29, 'thisTrialN': 29, 'thisRepN': 0}>
121.3709 	EXP 	faces_image: autoDraw = False
122.3558 	EXP 	fixation: autoDraw = True
123.0015 	INFO 	Keyboard events cleared
123.0011 	EXP 	fixation: autoDraw = False
123.0011 	EXP 	fixation: autoDraw = False
123.0011 	EXP 	faces_image: image = 'faces/unknown/unknown_13.jpg'
123.0011 	EXP 	faces_image: autoDraw = True
124.9709 	EXP 	New trial (rep=0, index=30): <Trial 30 (30 in rep 0) data={'block': 5, 'trial': 31, 'image': 'faces/unknown/unknown_125.jpg', 'type': 'unknown', 'thisN': 30, 'thisTrialN': 30, 'thisRepN': 0}>
124.9769 	EXP 	faces_image: autoDraw = False
125.9587 	EXP 	fixation: autoDraw = True
126.6738 	INFO 	Keyboard events cleared
126.6733 	EXP 	fixation: autoDraw = False
126.6733 	EXP 	fixation: autoDraw = False
126.6733 	EXP 	faces_image: image = 'faces/unknown/unknown_125.jpg'
126.6733 	EXP 	faces_image: autoDraw = True
128.6437 	EXP 	New trial (rep=0, index=31): <Trial 31 (31 in rep 0) data={'block': 5, 'trial': 32, 'image': 'faces/unknown/unknown_251.jpg', 'type': 'unknown', 'thisN': 31, 'thisTrialN': 31, 'thisRepN': 0}>
128.6528 	EXP 	faces_image: autoDraw = False
129.6253 	EXP 	fixation: autoDraw = True
130.5574 	INFO 	Keyboard events cleared
130.5571 	EXP 	fixation: autoDraw = False
130.5571 	EXP 	fixation: autoDraw = False
130.5571 	EXP 	faces_image: image = 'faces/unknown/unknown_251.jpg'
130.5571 	EXP 	faces_image: autoDraw = True
132.5224 	EXP 	New trial (rep=0, index=32): <Trial 32 (32 in rep 0) data={'block': 5, 'trial': 33, 'image': 'faces/unknown/unknown_214.jpg', 'type': 'unknown', 'thisN': 32, 'thisTrialN': 32, 'thisRepN': 0}>
132.5280 	EXP 	faces_image: autoDraw = False
133.5189 	EXP 	fixation: autoDraw = True
134.2409 	INFO 	Keyboard events cleared
134.2406 	EXP 	fixation: autoDraw = False
134.2406 	EXP 	fixation: autoDraw = False
134.2406 	EXP 	faces_image: image = 'faces/unknown/unknown_214.jpg'
134.2406 	EXP 	faces_image: autoDraw = True
136.2077 	EXP 	New trial (rep=0, index=33): <Trial 33 (33 in rep 0) data={'block': 5, 'trial': 34, 'image': 'faces/unknown/unknown_44.jpg', 'type': 'unknown', 'thisN': 33, 'thisTrialN': 33, 'thisRepN': 0}>
136.2130 	EXP 	faces_image: autoDraw = False
137.2039 	EXP 	fixation: autoDraw = True
137.9940 	INFO 	Keyboard events cleared
137.9936 	EXP 	fixation: autoDraw = False
137.9936 	EXP 	fixation: autoDraw = False
137.9936 	EXP 	faces_image: image = 'faces/unknown/unknown_44.jpg'
137.9936 	EXP 	faces_image: autoDraw = True
139.9649 	EXP 	New trial (rep=0, index=34): <Trial 34 (34 in rep 0) data={'block': 5, 'trial': 35, 'image': 'faces/unknown/unknown_141.jpg', 'type': 'unknown', 'thisN': 34, 'thisTrialN': 34, 'thisRepN': 0}>
139.9734 	EXP 	faces_image: autoDraw = False
140.9548 	EXP 	fixation: autoDraw = True
141.7018 	INFO 	Keyboard events cleared
141.7015 	EXP 	fixation: autoDraw = False
141.7015 	EXP 	fixation: autoDraw = False
141.7015 	EXP 	faces_image: image = 'faces/unknown/unknown_141.jpg'
141.7015 	EXP 	faces_image: autoDraw = True
143.6738 	EXP 	New trial (rep=0, index=35): <Trial 35 (35 in rep 0) data={'block': 5, 'trial': 36, 'image': 'faces/unknown/unknown_15.jpg', 'type': 'unknown', 'thisN': 35, 'thisTrialN': 35, 'thisRepN': 0}>
143.6794 	EXP 	faces_image: autoDraw = False
144.6612 	EXP 	fixation: autoDraw = True
145.3253 	INFO 	Keyboard events cleared
145.3250 	EXP 	fixation: autoDraw = False
145.3250 	EXP 	fixation: autoDraw = False
145.3250 	EXP 	faces_image: image = 'faces/unknown/unknown_15.jpg'
145.3250 	EXP 	faces_image: autoDraw = True
147.2915 	EXP 	New trial (rep=0, index=36): <Trial 36 (36 in rep 0) data={'block': 5, 'trial': 37, 'image': 'faces/known/known_10.jpg', 'type': 'known', 'thisN': 36, 'thisTrialN': 36, 'thisRepN': 0}>
147.2973 	EXP 	faces_image: autoDraw = False
148.2793 	EXP 	fixation: autoDraw = True
149.0053 	WARNING 	Requested image 'faces/known/known_10.jpg' not found but similar filename 'faces/known/known_10.png' exists. This will be used instead but changing the filename is advised.
149.0412 	INFO 	Keyboard events cleared
149.0408 	EXP 	fixation: autoDraw = False
149.0408 	EXP 	fixation: autoDraw = False
149.0408 	EXP 	faces_image: image = 'faces/known/known_10.jpg'
149.0408 	EXP 	faces_image: autoDraw = True
149.7295 	DATA 	Keypress: space
151.0071 	EXP 	New trial (rep=0, index=37): <Trial 37 (37 in rep 0) data={'block': 5, 'trial': 38, 'image': 'faces/unknown/unknown_91.jpg', 'type': 'unknown', 'thisN': 37, 'thisTrialN': 37, 'thisRepN': 0}>
151.0126 	EXP 	faces_image: autoDraw = False
151.9943 	EXP 	fixation: autoDraw = True
152.9800 	INFO 	Keyboard events cleared
152.9797 	EXP 	fixation: autoDraw = False
152.9797 	EXP 	fixation: autoDraw = False
152.9797 	EXP 	faces_image: image = 'faces/unknown/unknown_91.jpg'
152.9797 	EXP 	faces_image: autoDraw = True
154.9550 	EXP 	New trial (rep=0, index=38): <Trial 38 (38 in rep 0) data={'block': 5, 'trial': 39, 'image': 'faces/unknown/unknown_39.jpg', 'type': 'unknown', 'thisN': 38, 'thisTrialN': 38, 'thisRepN': 0}>
154.9579 	EXP 	faces_image: autoDraw = False
155.9398 	EXP 	fixation: autoDraw = True
156.5816 	INFO 	Keyboard events cleared
156.5812 	EXP 	fixation: autoDraw = False
156.5812 	EXP 	fixation: autoDraw = False
156.5812 	EXP 	faces_image: image = 'faces/unknown/unknown_39.jpg'
156.5812 	EXP 	faces_image: autoDraw = True
158.5548 	EXP 	New trial (rep=0, index=39): <Trial 39 (39 in rep 0) data={'block': 5, 'trial': 40, 'image': 'faces/unknown/unknown_291.jpg', 'type': 'unknown', 'thisN': 39, 'thisTrialN': 39, 'thisRepN': 0}>
158.5576 	EXP 	faces_image: autoDraw = False
159.5397 	EXP 	fixation: autoDraw = True
160.2723 	INFO 	Keyboard events cleared
160.2720 	EXP 	fixation: autoDraw = False
160.2720 	EXP 	fixation: autoDraw = False
160.2720 	EXP 	faces_image: image = 'faces/unknown/unknown_291.jpg'
160.2720 	EXP 	faces_image: autoDraw = True
162.2403 	EXP 	New trial (rep=0, index=40): <Trial 40 (40 in rep 0) data={'block': 5, 'trial': 41, 'image': 'faces/known/known_28.jpg', 'type': 'known', 'thisN': 40, 'thisTrialN': 40, 'thisRepN': 0}>
162.2429 	EXP 	faces_image: autoDraw = False
163.2304 	EXP 	fixation: autoDraw = True
163.8713 	WARNING 	Requested image 'faces/known/known_28.jpg' not found but similar filename 'faces/known/known_28.png' exists. This will be used instead but changing the filename is advised.
163.9034 	INFO 	Keyboard events cleared
163.9031 	EXP 	fixation: autoDraw = False
163.9031 	EXP 	fixation: autoDraw = False
163.9031 	EXP 	faces_image: image = 'faces/known/known_28.jpg'
163.9031 	EXP 	faces_image: autoDraw = True
165.2319 	DATA 	Keypress: space
165.8732 	EXP 	New trial (rep=0, index=41): <Trial 41 (41 in rep 0) data={'block': 5, 'trial': 42, 'image': 'faces/unknown/unknown_284.jpg', 'type': 'unknown', 'thisN': 41, 'thisTrialN': 41, 'thisRepN': 0}>
165.8788 	EXP 	faces_image: autoDraw = False
166.8611 	EXP 	fixation: autoDraw = True
167.7983 	INFO 	Keyboard events cleared
167.7979 	EXP 	fixation: autoDraw = False
167.7979 	EXP 	fixation: autoDraw = False
167.7979 	EXP 	faces_image: image = 'faces/unknown/unknown_284.jpg'
167.7979 	EXP 	faces_image: autoDraw = True
169.7729 	EXP 	New trial (rep=0, index=42): <Trial 42 (42 in rep 0) data={'block': 5, 'trial': 43, 'image': 'faces/unknown/unknown_43.jpg', 'type': 'unknown', 'thisN': 42, 'thisTrialN': 42, 'thisRepN': 0}>
169.7759 	EXP 	faces_image: autoDraw = False
170.7645 	EXP 	fixation: autoDraw = True
171.4776 	INFO 	Keyboard events cleared
171.4773 	EXP 	fixation: autoDraw = False
171.4773 	EXP 	fixation: autoDraw = False
171.4773 	EXP 	faces_image: image = 'faces/unknown/unknown_43.jpg'
171.4773 	EXP 	faces_image: autoDraw = True
173.4551 	EXP 	New trial (rep=0, index=43): <Trial 43 (43 in rep 0) data={'block': 5, 'trial': 44, 'image': 'faces/unknown/unknown_241.jpg', 'type': 'unknown', 'thisN': 43, 'thisTrialN': 43, 'thisRepN': 0}>
173.4607 	EXP 	faces_image: autoDraw = False
174.4427 	EXP 	fixation: autoDraw = True
175.2282 	INFO 	Keyboard events cleared
175.2279 	EXP 	fixation: autoDraw = False
175.2279 	EXP 	fixation: autoDraw = False
175.2279 	EXP 	faces_image: image = 'faces/unknown/unknown_241.jpg'
175.2279 	EXP 	faces_image: autoDraw = True
177.2042 	EXP 	New trial (rep=0, index=44): <Trial 44 (44 in rep 0) data={'block': 5, 'trial': 45, 'image': 'faces/unknown/unknown_66.jpg', 'type': 'unknown', 'thisN': 44, 'thisTrialN': 44, 'thisRepN': 0}>
177.2119 	EXP 	faces_image: autoDraw = False
178.1878 	EXP 	fixation: autoDraw = True
178.8179 	INFO 	Keyboard events cleared
178.8175 	EXP 	fixation: autoDraw = False
178.8175 	EXP 	fixation: autoDraw = False
178.8175 	EXP 	faces_image: image = 'faces/unknown/unknown_66.jpg'
178.8175 	EXP 	faces_image: autoDraw = True
180.7878 	EXP 	New trial (rep=0, index=45): <Trial 45 (45 in rep 0) data={'block': 5, 'trial': 46, 'image': 'faces/unknown/unknown_28.jpg', 'type': 'unknown', 'thisN': 45, 'thisTrialN': 45, 'thisRepN': 0}>
180.7943 	EXP 	faces_image: autoDraw = False
181.7755 	EXP 	fixation: autoDraw = True
182.6729 	INFO 	Keyboard events cleared
182.6726 	EXP 	fixation: autoDraw = False
182.6726 	EXP 	fixation: autoDraw = False
182.6726 	EXP 	faces_image: image = 'faces/unknown/unknown_28.jpg'
182.6726 	EXP 	faces_image: autoDraw = True
184.6426 	EXP 	New trial (rep=0, index=46): <Trial 46 (46 in rep 0) data={'block': 5, 'trial': 47, 'image': 'faces/unknown/unknown_104.jpg', 'type': 'unknown', 'thisN': 46, 'thisTrialN': 46, 'thisRepN': 0}>
184.6481 	EXP 	faces_image: autoDraw = False
185.6305 	EXP 	fixation: autoDraw = True
186.4041 	INFO 	Keyboard events cleared
186.4038 	EXP 	fixation: autoDraw = False
186.4038 	EXP 	fixation: autoDraw = False
186.4038 	EXP 	faces_image: image = 'faces/unknown/unknown_104.jpg'
186.4038 	EXP 	faces_image: autoDraw = True
188.3733 	EXP 	New trial (rep=0, index=47): <Trial 47 (47 in rep 0) data={'block': 5, 'trial': 48, 'image': 'faces/unknown/unknown_222.jpg', 'type': 'unknown', 'thisN': 47, 'thisTrialN': 47, 'thisRepN': 0}>
188.3755 	EXP 	faces_image: autoDraw = False
189.3632 	EXP 	fixation: autoDraw = True
190.0121 	INFO 	Keyboard events cleared
190.0117 	EXP 	fixation: autoDraw = False
190.0117 	EXP 	fixation: autoDraw = False
190.0117 	EXP 	faces_image: image = 'faces/unknown/unknown_222.jpg'
190.0117 	EXP 	faces_image: autoDraw = True
191.9816 	EXP 	New trial (rep=0, index=48): <Trial 48 (48 in rep 0) data={'block': 5, 'trial': 49, 'image': 'faces/unknown/unknown_165.jpg', 'type': 'unknown', 'thisN': 48, 'thisTrialN': 48, 'thisRepN': 0}>
191.9874 	EXP 	faces_image: autoDraw = False
192.9732 	EXP 	fixation: autoDraw = True
193.8203 	INFO 	Keyboard events cleared
193.8200 	EXP 	fixation: autoDraw = False
193.8200 	EXP 	fixation: autoDraw = False
193.8200 	EXP 	faces_image: image = 'faces/unknown/unknown_165.jpg'
193.8200 	EXP 	faces_image: autoDraw = True
195.7938 	EXP 	New trial (rep=0, index=49): <Trial 49 (49 in rep 0) data={'block': 5, 'trial': 50, 'image': 'faces/unknown/unknown_156.jpg', 'type': 'unknown', 'thisN': 49, 'thisTrialN': 49, 'thisRepN': 0}>
195.8027 	EXP 	faces_image: autoDraw = False
196.7812 	EXP 	fixation: autoDraw = True
197.7964 	INFO 	Keyboard events cleared
197.7960 	EXP 	fixation: autoDraw = False
197.7960 	EXP 	fixation: autoDraw = False
197.7960 	EXP 	faces_image: image = 'faces/unknown/unknown_156.jpg'
197.7960 	EXP 	faces_image: autoDraw = True
199.7719 	EXP 	New trial (rep=0, index=50): <Trial 50 (50 in rep 0) data={'block': 5, 'trial': 51, 'image': 'faces/unknown/unknown_140.jpg', 'type': 'unknown', 'thisN': 50, 'thisTrialN': 50, 'thisRepN': 0}>
199.7752 	EXP 	faces_image: autoDraw = False
200.7570 	EXP 	fixation: autoDraw = True
201.4623 	INFO 	Keyboard events cleared
201.4620 	EXP 	fixation: autoDraw = False
201.4620 	EXP 	fixation: autoDraw = False
201.4620 	EXP 	faces_image: image = 'faces/unknown/unknown_140.jpg'
201.4620 	EXP 	faces_image: autoDraw = True
203.4406 	EXP 	New trial (rep=0, index=51): <Trial 51 (51 in rep 0) data={'block': 5, 'trial': 52, 'image': 'faces/known/known_6.jpg', 'type': 'known', 'thisN': 51, 'thisTrialN': 51, 'thisRepN': 0}>
203.4479 	EXP 	faces_image: autoDraw = False
204.4235 	EXP 	fixation: autoDraw = True
205.0230 	WARNING 	Requested image 'faces/known/known_6.jpg' not found but similar filename 'faces/known/known_6.png' exists. This will be used instead but changing the filename is advised.
205.0581 	INFO 	Keyboard events cleared
205.0577 	EXP 	fixation: autoDraw = False
205.0577 	EXP 	fixation: autoDraw = False
205.0577 	EXP 	faces_image: image = 'faces/known/known_6.jpg'
205.0577 	EXP 	faces_image: autoDraw = True
207.0239 	EXP 	New trial (rep=0, index=52): <Trial 52 (52 in rep 0) data={'block': 5, 'trial': 53, 'image': 'faces/known/known_55.jpg', 'type': 'known', 'thisN': 52, 'thisTrialN': 52, 'thisRepN': 0}>
207.0301 	EXP 	faces_image: autoDraw = False
208.0115 	EXP 	fixation: autoDraw = True
208.6306 	WARNING 	Requested image 'faces/known/known_55.jpg' not found but similar filename 'faces/known/known_55.png' exists. This will be used instead but changing the filename is advised.
208.6480 	INFO 	Keyboard events cleared
208.6476 	EXP 	fixation: autoDraw = False
208.6476 	EXP 	fixation: autoDraw = False
208.6476 	EXP 	faces_image: image = 'faces/known/known_55.jpg'
208.6476 	EXP 	faces_image: autoDraw = True
209.2723 	DATA 	Keypress: space
210.6388 	EXP 	New trial (rep=0, index=53): <Trial 53 (53 in rep 0) data={'block': 5, 'trial': 54, 'image': 'faces/known/known_52.jpg', 'type': 'known', 'thisN': 53, 'thisTrialN': 53, 'thisRepN': 0}>
210.6413 	EXP 	faces_image: autoDraw = False
211.6234 	EXP 	fixation: autoDraw = True
212.5760 	WARNING 	Requested image 'faces/known/known_52.jpg' not found but similar filename 'faces/known/known_52.png' exists. This will be used instead but changing the filename is advised.
212.5923 	INFO 	Keyboard events cleared
212.5919 	EXP 	fixation: autoDraw = False
212.5919 	EXP 	fixation: autoDraw = False
212.5919 	EXP 	faces_image: image = 'faces/known/known_52.jpg'
212.5919 	EXP 	faces_image: autoDraw = True
213.0668 	DATA 	Keypress: space
214.5760 	EXP 	New trial (rep=0, index=54): <Trial 54 (54 in rep 0) data={'block': 5, 'trial': 55, 'image': 'faces/unknown/unknown_257.jpg', 'type': 'unknown', 'thisN': 54, 'thisTrialN': 54, 'thisRepN': 0}>
214.5811 	EXP 	faces_image: autoDraw = False
214.5811 	EXP 	faces_image: autoDraw = False
215.5722 	EXP 	fixation: autoDraw = True
216.4726 	INFO 	Keyboard events cleared
216.4722 	EXP 	fixation: autoDraw = False
216.4722 	EXP 	fixation: autoDraw = False
216.4722 	EXP 	faces_image: image = 'faces/unknown/unknown_257.jpg'
216.4722 	EXP 	faces_image: autoDraw = True
218.4399 	EXP 	New trial (rep=0, index=55): <Trial 55 (55 in rep 0) data={'block': 5, 'trial': 56, 'image': 'faces/unknown/unknown_216.jpg', 'type': 'unknown', 'thisN': 55, 'thisTrialN': 55, 'thisRepN': 0}>
218.4471 	EXP 	faces_image: autoDraw = False
219.4297 	EXP 	fixation: autoDraw = True
220.3131 	INFO 	Keyboard events cleared
220.3127 	EXP 	fixation: autoDraw = False
220.3127 	EXP 	fixation: autoDraw = False
220.3127 	EXP 	faces_image: image = 'faces/unknown/unknown_216.jpg'
220.3127 	EXP 	faces_image: autoDraw = True
222.2875 	EXP 	New trial (rep=0, index=56): <Trial 56 (56 in rep 0) data={'block': 5, 'trial': 57, 'image': 'faces/unknown/unknown_162.jpg', 'type': 'unknown', 'thisN': 56, 'thisTrialN': 56, 'thisRepN': 0}>
222.2898 	EXP 	faces_image: autoDraw = False
223.2721 	EXP 	fixation: autoDraw = True
224.0393 	INFO 	Keyboard events cleared
224.0389 	EXP 	fixation: autoDraw = False
224.0389 	EXP 	fixation: autoDraw = False
224.0389 	EXP 	faces_image: image = 'faces/unknown/unknown_162.jpg'
224.0389 	EXP 	faces_image: autoDraw = True
226.0113 	EXP 	New trial (rep=0, index=57): <Trial 57 (57 in rep 0) data={'block': 5, 'trial': 58, 'image': 'faces/unknown/unknown_151.jpg', 'type': 'unknown', 'thisN': 57, 'thisTrialN': 57, 'thisRepN': 0}>
226.0204 	EXP 	faces_image: autoDraw = False
227.0038 	EXP 	fixation: autoDraw = True
227.7599 	INFO 	Keyboard events cleared
227.7597 	EXP 	fixation: autoDraw = False
227.7597 	EXP 	fixation: autoDraw = False
227.7597 	EXP 	faces_image: image = 'faces/unknown/unknown_151.jpg'
227.7597 	EXP 	faces_image: autoDraw = True
229.7267 	EXP 	New trial (rep=0, index=58): <Trial 58 (58 in rep 0) data={'block': 5, 'trial': 59, 'image': 'faces/unknown/unknown_250.jpg', 'type': 'unknown', 'thisN': 58, 'thisTrialN': 58, 'thisRepN': 0}>
229.7325 	EXP 	faces_image: autoDraw = False
230.7139 	EXP 	fixation: autoDraw = True
231.4293 	INFO 	Keyboard events cleared
231.4289 	EXP 	fixation: autoDraw = False
231.4289 	EXP 	fixation: autoDraw = False
231.4289 	EXP 	faces_image: image = 'faces/unknown/unknown_250.jpg'
231.4289 	EXP 	faces_image: autoDraw = True
233.3937 	EXP 	New trial (rep=0, index=59): <Trial 59 (59 in rep 0) data={'block': 5, 'trial': 60, 'image': 'faces/unknown/unknown_243.jpg', 'type': 'unknown', 'thisN': 59, 'thisTrialN': 59, 'thisRepN': 0}>
233.3987 	EXP 	faces_image: autoDraw = False
234.3904 	EXP 	fixation: autoDraw = True
235.3766 	INFO 	Keyboard events cleared
235.3763 	EXP 	fixation: autoDraw = False
235.3763 	EXP 	fixation: autoDraw = False
235.3763 	EXP 	faces_image: image = 'faces/unknown/unknown_243.jpg'
235.3763 	EXP 	faces_image: autoDraw = True
237.3620 	EXP 	faces_image: autoDraw = False
237.3620 	EXP 	Endding: autoDraw = True
238.4588 	EXP 	Endding: autoDraw = False
238.4590 	EXP 	project: status = STOPPED
238.4996 	INFO 	saved data to 'C:\\Users\\napat\\Documents\\GitHub\\BCI-P300-project\\data/101_project_2025-05-09_17h40.41.191.csv'
238.5009 	INFO 	saved data to C:\Users\napat\Documents\GitHub\BCI-P300-project\data/101_project_2025-05-09_17h40.41.191.psydat
